This is before phase start just initial data:
The maximum matching found is: 128

Start phase 0 initial run 
 ------------- 
IN ROBUST MATCHING TOO SMALL: 
-------------
IN MATCHING TOO SMALL: 
-------------
CALCULATED MU IS: 128
NEW MU is: 128
IN MATCHING OR CUT: 
-------------
FLOW CALCULATED IS: 4 ----------- 
THRESHOLD IS: 89.6 ----------- 
Fn = 514
SL creation: 
0 1 2 3 4 5 6 7 8 9 10 11 12 13 14 15 16 17 18 19 20 21 22 23 24 25 26 27 28 29 30 31 32 33 34 35 36 37 38 39 40 41 42 43 44 45 46 47 48 49 50 51 52 53 54 55 56 57 58 59 60 61 62 63 64 65 66 67 68 69 70 71 72 73 74 75 76 77 78 79 80 81 82 83 84 85 86 87 88 89 90 91 92 93 94 95 96 97 98 99 100 101 102 103 104 105 106 107 108 109 110 111 112 113 114 115 116 117 118 119 120 121 122 123 124 125 126 127 
SR creation: 

flow is: -1
NEW MU is: 128
IN MATCHING OR CUT: 
-------------
FLOW CALCULATED IS: 8 ----------- 
THRESHOLD IS: 89.6 ----------- 
Fn = 514
SL creation: 
0 1 2 3 4 5 6 7 8 9 10 11 12 13 14 15 16 17 18 19 20 21 22 23 24 25 26 27 28 29 30 31 32 33 34 35 36 37 38 39 40 41 42 43 44 45 46 47 48 49 50 51 52 53 54 55 56 57 58 59 60 61 62 63 64 65 66 67 68 69 70 71 72 73 74 75 76 77 78 79 80 81 82 83 84 85 86 87 88 89 90 91 92 93 94 95 96 97 98 99 100 101 102 103 104 105 106 107 108 109 110 111 112 113 114 115 116 117 118 119 120 121 122 123 124 125 126 127 
SR creation: 

flow is: -1
NEW MU is: 128
IN MATCHING OR CUT: 
-------------
FLOW CALCULATED IS: 16 ----------- 
THRESHOLD IS: 89.6 ----------- 
Fn = 514
SL creation: 
0 1 2 3 4 5 6 7 8 9 10 11 12 13 14 15 16 17 18 19 20 21 22 23 24 25 26 27 28 29 30 31 32 33 34 35 36 37 38 39 40 41 42 43 44 45 46 47 48 49 50 51 52 53 54 55 56 57 58 59 60 61 62 63 64 65 66 67 68 69 70 71 72 73 74 75 76 77 78 79 80 81 82 83 84 85 86 87 88 89 90 91 92 93 94 95 96 97 98 99 100 101 102 103 104 105 106 107 108 109 110 111 112 113 114 115 116 117 118 119 120 121 122 123 124 125 126 127 
SR creation: 

flow is: -1
NEW MU is: 128
IN MATCHING OR CUT: 
-------------
FLOW CALCULATED IS: 32 ----------- 
THRESHOLD IS: 89.6 ----------- 
Fn = 514
SL creation: 
0 1 2 3 4 5 6 7 8 9 10 11 12 13 14 15 16 17 18 19 20 21 22 23 24 25 26 27 28 29 30 31 32 33 34 35 36 37 38 39 40 41 42 43 44 45 46 47 48 49 50 51 52 53 54 55 56 57 58 59 60 61 62 63 64 65 66 67 68 69 70 71 72 73 74 75 76 77 78 79 80 81 82 83 84 85 86 87 88 89 90 91 92 93 94 95 96 97 98 99 100 101 102 103 104 105 106 107 108 109 110 111 112 113 114 115 116 117 118 119 120 121 122 123 124 125 126 127 
SR creation: 

flow is: -1
NEW MU is: 128
IN MATCHING OR CUT: 
-------------
FLOW CALCULATED IS: 63 ----------- 
THRESHOLD IS: 89.6 ----------- 
Fn = 514
SL creation: 
0 1 2 3 4 5 6 7 8 9 10 11 12 13 14 15 16 17 18 19 20 21 22 23 24 25 26 27 28 29 30 31 32 33 34 35 36 37 38 39 40 41 42 43 44 45 46 47 48 49 50 51 52 53 54 55 56 57 58 59 60 61 62 63 64 65 66 67 68 69 70 71 72 73 74 75 76 77 78 79 80 81 82 83 84 85 86 87 88 89 90 91 92 93 94 95 96 97 98 99 100 101 102 103 104 105 106 107 108 109 110 111 112 113 114 115 116 117 118 119 120 121 122 123 124 125 126 127 
SR creation: 
145 195 208 236 
flow is: -1
NEW MU is: 128
IN MATCHING OR CUT: 
-------------
FLOW CALCULATED IS: 105.75 ----------- 
THRESHOLD IS: 89.6 ----------- 
Start phase 1We enter robust matching: ...
IN ROBUST MATCHING TOO SMALL: 
-------------
IN MATCHING TOO SMALL: 
-------------
CALCULATED MU IS: 128
NEW MU is: 128
IN MATCHING OR CUT: 
-------------
FLOW CALCULATED IS: 99.375 ----------- 
THRESHOLD IS: 89.6 ----------- 
Start phase 2We enter robust matching: ...
IN ROBUST MATCHING TOO SMALL: 
-------------
IN MATCHING TOO SMALL: 
-------------
CALCULATED MU IS: 128
NEW MU is: 128
IN MATCHING OR CUT: 
-------------
FLOW CALCULATED IS: 90.625 ----------- 
THRESHOLD IS: 89.6 ----------- 
Start phase 3We enter robust matching: ...
IN ROBUST MATCHING TOO SMALL: 
-------------
IN MATCHING TOO SMALL: 
-------------
CALCULATED MU IS: 128
NEW MU is: 128
IN MATCHING OR CUT: 
-------------
FLOW CALCULATED IS: 79.5 ----------- 
THRESHOLD IS: 89.6 ----------- 
Fn = 514
SL creation: 
0 1 2 4 5 6 7 8 9 10 11 12 13 14 15 16 17 18 19 20 21 22 23 24 25 26 27 28 29 31 32 33 34 35 36 37 38 39 40 41 42 43 45 46 47 48 49 50 51 52 53 54 56 57 58 60 61 62 63 65 66 67 68 69 70 71 73 74 75 76 78 79 80 81 82 83 84 85 86 87 88 89 90 91 92 93 94 95 96 97 98 99 100 102 103 104 105 106 107 108 109 110 111 112 113 114 115 116 117 118 119 120 121 122 125 126 127 
SR creation: 
128 148 154 155 156 157 169 184 199 225 230 
flow is: -1
NEW MU is: 128
IN MATCHING OR CUT: 
-------------
FLOW CALCULATED IS: 107.5 ----------- 
THRESHOLD IS: 89.6 ----------- 
Start phase 4We enter robust matching: ...
IN ROBUST MATCHING TOO SMALL: 
-------------
IN MATCHING TOO SMALL: 
-------------
CALCULATED MU IS: 128
NEW MU is: 128
IN MATCHING OR CUT: 
-------------
FLOW CALCULATED IS: 100.75 ----------- 
THRESHOLD IS: 89.6 ----------- 
Start phase 5We enter robust matching: ...
IN ROBUST MATCHING TOO SMALL: 
-------------
IN MATCHING TOO SMALL: 
-------------
CALCULATED MU IS: 128
NEW MU is: 128
IN MATCHING OR CUT: 
-------------
FLOW CALCULATED IS: 92.75 ----------- 
THRESHOLD IS: 89.6 ----------- 
Start phase 6We enter robust matching: ...
IN ROBUST MATCHING TOO SMALL: 
-------------
IN MATCHING TOO SMALL: 
-------------
CALCULATED MU IS: 128
NEW MU is: 128
IN MATCHING OR CUT: 
-------------
FLOW CALCULATED IS: 86 ----------- 
THRESHOLD IS: 89.6 ----------- 
Fn = 514
SL creation: 
0 1 2 3 4 6 7 8 9 11 12 14 15 17 18 20 22 23 24 25 26 27 28 29 30 31 32 33 34 35 36 37 38 39 41 42 43 44 45 46 47 48 49 50 51 52 53 54 55 56 57 59 60 61 62 63 64 65 67 68 70 71 72 73 75 76 77 78 80 82 83 84 85 86 87 88 89 90 93 94 95 96 97 99 101 102 103 105 106 107 108 109 110 111 112 113 115 117 119 120 121 122 123 124 
SR creation: 
136 145 146 151 155 156 160 161 163 167 168 170 178 182 185 186 190 191 199 214 222 223 230 237 249 
flow is: -1
NEW MU is: 128
IN MATCHING OR CUT: 
-------------
FLOW CALCULATED IS: 96.75 ----------- 
THRESHOLD IS: 89.6 ----------- 
Start phase 7We enter robust matching: ...
IN ROBUST MATCHING TOO SMALL: 
-------------
IN MATCHING TOO SMALL: 
-------------
CALCULATED MU IS: 128
NEW MU is: 128
IN MATCHING OR CUT: 
-------------
FLOW CALCULATED IS: 90.75 ----------- 
THRESHOLD IS: 89.6 ----------- 
Start phase 8We enter robust matching: ...
IN ROBUST MATCHING TOO SMALL: 
-------------
IN MATCHING TOO SMALL: 
-------------
CALCULATED MU IS: 128
NEW MU is: 128
IN MATCHING OR CUT: 
-------------
FLOW CALCULATED IS: 82.5 ----------- 
THRESHOLD IS: 89.6 ----------- 
Fn = 514
SL creation: 
0 1 2 4 5 7 8 10 11 12 13 14 16 17 18 20 21 22 23 24 25 27 28 29 32 34 35 36 37 38 39 40 41 43 44 45 46 47 48 50 52 55 56 58 61 63 64 67 69 70 71 72 73 74 75 76 77 79 82 83 87 89 90 91 92 93 95 96 97 100 101 103 104 105 106 107 109 111 112 113 114 115 117 118 119 121 122 123 124 125 127 
SR creation: 
145 153 163 169 173 176 177 194 196 197 198 201 203 217 219 220 221 237 239 245 250 253 
flow is: -1
NEW MU is: 128
IN MATCHING OR CUT: 
-------------
FLOW CALCULATED IS: 90.25 ----------- 
THRESHOLD IS: 89.6 ----------- 
Start phase 9We enter robust matching: ...
IN ROBUST MATCHING TOO SMALL: 
-------------
IN MATCHING TOO SMALL: 
-------------
CALCULATED MU IS: 128
NEW MU is: 128
IN MATCHING OR CUT: 
-------------
FLOW CALCULATED IS: 84.75 ----------- 
THRESHOLD IS: 89.6 ----------- 
Fn = 514
SL creation: 
0 1 4 5 8 11 12 13 14 15 16 17 18 20 23 24 25 27 28 29 32 33 34 35 37 38 39 41 43 44 45 46 47 48 50 52 53 54 56 57 58 59 60 61 63 64 67 70 71 72 74 75 76 81 82 83 84 87 89 93 94 95 96 97 100 104 105 106 107 109 111 112 114 119 120 121 122 123 124 125 
SR creation: 
136 142 145 153 156 161 163 169 173 176 177 178 182 184 185 187 188 191 196 198 199 203 212 221 222 233 235 237 245 249 250 
flow is: -1
NEW MU is: 128
IN MATCHING OR CUT: 
-------------
FLOW CALCULATED IS: 88 ----------- 
THRESHOLD IS: 89.6 ----------- 
Fn = 514
SL creation: 
0 1 4 8 11 12 13 14 16 17 18 20 23 24 25 27 28 29 32 33 34 35 37 38 39 41 43 44 45 46 47 48 50 52 54 56 57 58 61 64 70 71 72 74 75 76 82 83 87 89 93 94 95 96 97 100 104 105 106 107 109 112 119 120 121 122 123 
SR creation: 
128 136 142 145 153 155 156 161 163 169 173 176 178 182 184 185 196 198 203 221 222 233 237 245 249 250 
flow is: -1
NEW MU is: 128
IN MATCHING OR CUT: 
-------------
FLOW CALCULATED IS: 88 ----------- 
THRESHOLD IS: 89.6 ----------- 
Fn = 514
SL creation: 
0 1 4 8 11 12 13 14 16 17 18 20 23 24 25 27 28 29 32 33 34 35 37 38 39 41 43 44 45 46 47 48 50 52 54 56 57 58 61 64 70 71 72 74 75 76 82 83 87 89 93 94 95 96 97 100 104 105 106 107 109 112 119 120 121 122 123 
SR creation: 
128 136 142 145 153 155 156 161 163 169 173 176 178 182 184 185 196 198 199 203 221 222 233 237 245 249 250 
Start phase 10We enter robust matching: ...
IN ROBUST MATCHING TOO SMALL: 
-------------
IN MATCHING TOO SMALL: 
-------------
CALCULATED MU IS: 128
NEW MU is: 128
IN MATCHING OR CUT: 
-------------
FLOW CALCULATED IS: 82 ----------- 
THRESHOLD IS: 89.6 ----------- 
Fn = 514
SL creation: 
0 1 3 4 8 11 12 13 14 15 16 17 18 20 21 23 24 25 27 28 29 32 33 34 35 37 38 39 41 43 44 45 46 47 48 50 52 54 56 57 58 59 61 64 68 70 71 72 75 76 79 82 83 85 87 89 90 93 94 95 96 97 100 104 105 106 107 109 112 115 116 119 120 121 123 
SR creation: 
128 136 155 156 161 163 169 173 176 182 184 185 187 194 196 197 198 199 221 222 233 237 245 
flow is: -1
NEW MU is: 128
IN MATCHING OR CUT: 
-------------
FLOW CALCULATED IS: 85 ----------- 
THRESHOLD IS: 89.6 ----------- 
Fn = 514
SL creation: 
0 1 4 8 9 11 12 14 15 16 17 18 20 21 23 24 27 28 29 32 33 34 35 37 38 39 41 43 44 45 46 47 48 50 52 56 57 58 59 61 64 70 71 72 75 76 79 82 83 87 89 90 93 95 96 97 98 100 104 105 106 107 109 112 115 116 119 121 123 
SR creation: 
136 137 145 153 155 156 161 163 169 173 176 184 185 187 194 196 197 198 199 214 221 222 233 237 245 
flow is: -1
NEW MU is: 128
IN MATCHING OR CUT: 
-------------
FLOW CALCULATED IS: 86 ----------- 
THRESHOLD IS: 89.6 ----------- 
Fn = 514
SL creation: 
0 1 4 8 11 12 14 16 17 20 21 23 24 27 28 29 32 33 34 35 37 38 39 41 43 44 45 46 47 48 50 52 56 57 58 61 64 70 71 72 75 76 79 82 83 87 89 90 93 95 96 97 100 104 105 106 107 109 112 115 119 121 123 
SR creation: 
136 145 153 155 156 161 163 169 173 176 184 185 194 196 197 198 199 221 233 237 245 
flow is: -1
NEW MU is: 128
IN MATCHING OR CUT: 
-------------
FLOW CALCULATED IS: 86 ----------- 
THRESHOLD IS: 89.6 ----------- 
Fn = 514
SL creation: 
0 1 4 8 11 12 14 16 17 20 21 23 24 27 28 29 32 33 34 35 37 38 39 41 43 44 45 46 47 48 50 52 56 57 58 61 64 70 71 72 75 76 79 82 83 87 89 90 93 95 96 97 100 104 105 106 107 109 112 115 119 121 123 
SR creation: 
136 145 153 155 156 161 163 169 173 176 184 185 194 196 197 198 199 221 233 237 245 
Start phase 11We enter robust matching: ...
IN ROBUST MATCHING TOO SMALL: 
-------------
IN MATCHING TOO SMALL: 
-------------
CALCULATED MU IS: 128
NEW MU is: 128
IN MATCHING OR CUT: 
-------------
FLOW CALCULATED IS: 80 ----------- 
THRESHOLD IS: 89.6 ----------- 
Fn = 514
SL creation: 
0 1 2 4 8 11 12 14 16 17 20 21 23 24 27 28 29 32 33 34 35 37 38 39 41 43 44 45 46 47 48 50 52 56 58 61 63 64 68 69 71 72 75 76 77 79 82 83 87 90 93 95 96 97 100 105 106 107 109 110 112 115 119 121 123 124 
SR creation: 
136 145 153 156 161 169 176 184 191 194 196 197 199 221 237 245 
flow is: -1
NEW MU is: 128
IN MATCHING OR CUT: 
-------------
FLOW CALCULATED IS: 80.5 ----------- 
THRESHOLD IS: 89.6 ----------- 
Fn = 514
SL creation: 
0 1 2 4 8 11 12 14 16 17 20 21 23 24 27 28 29 32 33 34 35 37 38 39 41 43 44 45 46 47 48 50 52 56 57 58 61 63 64 68 71 72 75 76 77 79 82 83 87 90 93 95 96 97 100 104 105 106 107 109 110 112 115 119 121 123 124 
SR creation: 
136 145 153 156 161 163 169 176 184 185 191 194 196 197 199 221 233 237 245 
flow is: -1
NEW MU is: 128
IN MATCHING OR CUT: 
-------------
FLOW CALCULATED IS: 81 ----------- 
THRESHOLD IS: 89.6 ----------- 
Fn = 514
SL creation: 
0 1 2 4 8 11 12 14 16 17 20 21 23 24 27 28 29 32 33 34 35 37 38 39 41 43 44 45 46 47 48 50 52 56 58 61 63 64 68 71 72 75 76 77 79 82 83 87 90 93 95 96 97 100 105 106 107 109 112 115 119 121 123 124 
SR creation: 
136 145 153 156 161 163 169 176 184 191 194 196 197 199 221 237 245 
flow is: -1
NEW MU is: 128
IN MATCHING OR CUT: 
-------------
FLOW CALCULATED IS: 81 ----------- 
THRESHOLD IS: 89.6 ----------- 
Fn = 514
SL creation: 
0 1 2 4 8 11 12 14 16 17 20 21 23 24 27 28 29 32 33 34 35 37 38 39 41 43 44 45 46 47 48 50 52 56 58 61 63 64 68 71 72 75 76 77 79 82 83 87 90 93 95 96 97 100 105 106 107 109 112 115 119 121 123 124 
SR creation: 
136 145 153 156 161 163 169 176 184 191 194 196 197 199 221 237 245 
Start phase 12We enter robust matching: ...
IN ROBUST MATCHING TOO SMALL: 
-------------
IN MATCHING TOO SMALL: 
-------------
CALCULATED MU IS: 128
NEW MU is: 128
IN MATCHING OR CUT: 
-------------
FLOW CALCULATED IS: 72.5 ----------- 
THRESHOLD IS: 89.6 ----------- 
Fn = 514
SL creation: 
0 1 2 4 7 8 11 12 14 16 17 19 20 21 23 24 25 26 27 28 29 32 33 34 35 37 38 39 41 42 43 44 45 46 47 48 50 52 56 58 61 63 64 68 71 72 75 76 77 79 80 82 83 84 87 88 89 90 93 95 96 97 100 105 106 107 109 112 114 115 116 119 121 123 124 126 127 
SR creation: 
145 153 155 156 161 163 169 176 182 184 189 191 194 196 199 212 221 237 245 
flow is: -1
NEW MU is: 128
IN MATCHING OR CUT: 
-------------
FLOW CALCULATED IS: 75 ----------- 
THRESHOLD IS: 89.6 ----------- 
Fn = 514
SL creation: 
0 1 2 4 7 8 11 12 14 16 17 20 23 24 25 26 27 28 29 32 33 34 35 37 38 39 41 43 44 45 46 47 48 50 52 56 58 61 63 64 68 71 72 75 76 77 79 82 83 84 87 89 90 93 95 96 97 100 105 106 107 109 112 114 115 116 119 121 123 124 127 
SR creation: 
145 153 155 156 161 163 169 176 182 184 191 194 196 199 212 221 237 245 
flow is: -1
NEW MU is: 128
IN MATCHING OR CUT: 
-------------
FLOW CALCULATED IS: 75 ----------- 
THRESHOLD IS: 89.6 ----------- 
Fn = 514
SL creation: 
0 1 2 4 7 8 11 12 14 16 17 20 23 24 25 26 27 28 29 32 33 34 35 37 38 39 41 43 44 45 46 47 48 50 52 56 58 61 63 64 68 71 72 75 76 77 79 82 83 84 87 89 90 93 95 96 97 100 105 106 107 109 112 114 115 116 119 121 123 124 127 
SR creation: 
145 153 155 156 161 163 169 176 182 184 191 194 196 199 212 221 237 245 
Start phase 13We enter robust matching: ...
IN ROBUST MATCHING TOO SMALL: 
-------------
IN MATCHING TOO SMALL: 
-------------
CALCULATED MU IS: 128
NEW MU is: 128
IN MATCHING OR CUT: 
-------------
FLOW CALCULATED IS: 71 ----------- 
THRESHOLD IS: 89.6 ----------- 
Fn = 514
SL creation: 
0 1 2 4 7 8 10 11 12 14 16 17 19 20 23 25 26 27 28 29 30 32 33 34 35 37 38 39 41 43 44 45 46 47 48 50 52 58 61 63 64 68 69 72 75 76 77 79 82 83 84 87 89 90 91 93 95 96 97 100 105 106 107 109 114 115 116 119 121 123 124 127 
SR creation: 
153 155 156 161 163 169 182 191 194 212 237 245 
flow is: -1
NEW MU is: 128
IN MATCHING OR CUT: 
-------------
FLOW CALCULATED IS: 73 ----------- 
THRESHOLD IS: 89.6 ----------- 
Fn = 514
SL creation: 
0 1 2 4 7 8 11 12 14 16 17 19 20 23 25 26 27 28 29 32 33 34 35 37 38 39 41 43 44 45 46 47 48 50 52 58 61 63 64 68 69 72 75 76 77 79 82 83 84 87 89 90 93 95 96 97 105 106 107 109 114 115 116 119 121 123 124 127 
SR creation: 
145 153 155 156 161 163 169 182 191 194 212 237 245 
flow is: -1
NEW MU is: 128
IN MATCHING OR CUT: 
-------------
FLOW CALCULATED IS: 73 ----------- 
THRESHOLD IS: 89.6 ----------- 
Fn = 514
SL creation: 
0 1 2 4 7 8 11 12 14 16 17 19 20 23 25 26 27 28 29 32 33 34 35 37 38 39 41 43 44 45 46 47 48 50 52 58 61 63 64 68 69 72 75 76 77 79 82 83 84 87 89 90 93 95 96 97 105 106 107 109 114 115 116 119 121 123 124 127 
SR creation: 
145 153 155 156 161 163 169 182 191 194 212 237 245 
Start phase 14We enter robust matching: ...
IN ROBUST MATCHING TOO SMALL: 
-------------
IN MATCHING TOO SMALL: 
-------------
CALCULATED MU IS: 128
NEW MU is: 128
IN MATCHING OR CUT: 
-------------
FLOW CALCULATED IS: 64 ----------- 
THRESHOLD IS: 89.6 ----------- 
Fn = 514
SL creation: 
0 1 2 4 7 8 11 12 14 16 17 19 20 23 25 26 28 29 32 33 34 35 37 38 39 41 43 44 45 46 47 48 50 52 54 57 58 61 62 63 64 66 68 69 70 72 75 76 77 79 81 82 83 84 87 89 90 93 95 96 97 105 106 107 109 111 112 114 115 116 117 119 121 123 124 127 
SR creation: 
145 153 155 156 182 191 194 212 237 245 
flow is: -1
NEW MU is: 128
IN MATCHING OR CUT: 
-------------
FLOW CALCULATED IS: 65 ----------- 
THRESHOLD IS: 89.6 ----------- 
Fn = 514
SL creation: 
0 1 2 4 7 8 11 12 14 16 17 19 20 23 25 26 28 29 32 33 34 35 37 38 39 41 43 44 45 46 47 48 50 52 54 57 58 61 62 63 64 68 69 70 72 75 76 77 79 82 83 84 87 89 90 93 95 96 97 105 106 107 109 111 112 114 115 116 117 119 121 123 124 127 
SR creation: 
145 153 155 156 169 182 191 194 212 237 245 
flow is: -1
NEW MU is: 128
IN MATCHING OR CUT: 
-------------
FLOW CALCULATED IS: 65 ----------- 
THRESHOLD IS: 89.6 ----------- 
Fn = 514
SL creation: 
0 1 2 4 7 8 11 12 14 16 17 19 20 23 25 26 28 29 32 33 34 35 37 38 39 41 43 44 45 46 47 48 50 52 54 57 58 61 62 63 64 68 69 70 72 75 76 77 79 82 83 84 87 89 90 93 95 96 97 105 106 107 109 111 112 114 115 116 117 119 121 123 124 127 
SR creation: 
145 153 155 156 169 182 191 194 212 237 245 
Start phase 15We enter robust matching: ...
IN ROBUST MATCHING TOO SMALL: 
-------------
IN MATCHING TOO SMALL: 
-------------
CALCULATED MU IS: 128
NEW MU is: 128
IN MATCHING OR CUT: 
-------------
FLOW CALCULATED IS: 58.25 ----------- 
THRESHOLD IS: 89.6 ----------- 
Fn = 514
SL creation: 
0 1 2 4 7 8 11 12 14 16 17 19 20 23 25 26 28 29 32 33 34 35 37 38 39 40 41 43 44 45 46 47 48 50 52 54 57 61 62 63 64 67 68 69 70 72 75 76 77 78 79 82 83 84 85 87 89 90 92 93 95 96 97 102 105 106 107 109 111 112 114 115 116 117 119 121 123 124 127 
SR creation: 
155 156 169 182 191 194 212 245 
flow is: -1
NEW MU is: 128
IN MATCHING OR CUT: 
-------------
FLOW CALCULATED IS: 59.5 ----------- 
THRESHOLD IS: 89.6 ----------- 
Fn = 514
SL creation: 
0 1 2 4 7 8 11 12 14 16 17 19 20 23 25 26 29 32 33 34 35 37 38 39 40 41 43 44 45 46 47 48 50 52 54 57 61 62 63 64 67 68 69 70 72 75 76 77 79 82 83 84 85 87 89 90 92 93 95 96 97 102 105 106 107 109 111 112 114 115 116 117 119 121 123 124 127 
SR creation: 
155 169 182 191 194 212 245 
flow is: -1
NEW MU is: 128
IN MATCHING OR CUT: 
-------------
FLOW CALCULATED IS: 60 ----------- 
THRESHOLD IS: 89.6 ----------- 
Fn = 514
SL creation: 
0 1 2 4 7 8 11 12 14 16 17 19 20 23 25 26 29 32 33 34 35 37 38 39 40 41 43 44 45 46 47 48 50 52 54 57 61 62 63 64 67 68 69 70 72 75 76 77 79 82 83 84 85 87 89 90 92 93 95 96 97 105 106 107 109 111 112 114 115 116 117 119 121 123 124 127 
SR creation: 
155 156 169 182 191 194 212 245 
flow is: -1
NEW MU is: 128
IN MATCHING OR CUT: 
-------------
FLOW CALCULATED IS: 60 ----------- 
THRESHOLD IS: 89.6 ----------- 
Fn = 514
SL creation: 
0 1 2 4 7 8 11 12 14 16 17 19 20 23 25 26 29 32 33 34 35 37 38 39 40 41 43 44 45 46 47 48 50 52 54 57 61 62 63 64 67 68 69 70 72 75 76 77 79 82 83 84 85 87 89 90 92 93 95 96 97 105 106 107 109 111 112 114 115 116 117 119 121 123 124 127 
SR creation: 
155 156 169 182 191 194 212 245 
Start phase 16We enter robust matching: ...
IN ROBUST MATCHING TOO SMALL: 
-------------
IN MATCHING TOO SMALL: 
-------------
CALCULATED MU IS: 128
NEW MU is: 128
IN MATCHING OR CUT: 
-------------
FLOW CALCULATED IS: 51 ----------- 
THRESHOLD IS: 89.6 ----------- 
Fn = 514
SL creation: 
0 1 2 4 6 7 8 11 12 13 14 15 16 17 19 20 22 23 26 29 32 33 34 35 37 38 39 40 41 43 44 45 46 47 48 50 52 54 57 61 62 63 64 66 67 68 69 70 71 72 75 76 77 79 82 83 85 87 90 92 93 95 96 97 99 102 105 106 107 109 110 111 112 114 115 116 117 119 121 123 124 127 
SR creation: 
156 169 191 194 245 
flow is: -1
NEW MU is: 128
IN MATCHING OR CUT: 
-------------
FLOW CALCULATED IS: 51 ----------- 
THRESHOLD IS: 89.6 ----------- 
Fn = 514
SL creation: 
0 1 2 4 6 7 8 11 12 13 14 15 16 17 19 20 22 23 26 29 32 33 34 35 37 38 39 40 41 43 44 45 46 47 48 50 52 54 57 61 62 63 64 66 67 68 69 70 71 72 75 76 77 79 82 83 85 87 90 92 93 95 96 97 99 102 105 106 107 109 110 111 112 114 115 116 117 119 121 123 124 127 
SR creation: 
156 169 191 194 245 
Start phase 17We enter robust matching: ...
IN ROBUST MATCHING TOO SMALL: 
-------------
IN MATCHING TOO SMALL: 
-------------
CALCULATED MU IS: 128
NEW MU is: 128
IN MATCHING OR CUT: 
-------------
FLOW CALCULATED IS: 39.5 ----------- 
THRESHOLD IS: 89.6 ----------- 
Fn = 514
SL creation: 
0 1 2 4 6 7 8 11 12 13 14 15 16 17 19 20 22 23 24 26 29 32 33 34 35 37 38 39 40 43 44 45 46 47 48 49 50 51 52 54 57 61 62 63 64 66 67 68 69 70 71 72 73 75 76 77 79 80 82 83 85 87 88 89 90 91 92 93 95 96 97 99 102 105 106 107 109 110 111 112 114 115 116 117 118 119 120 121 123 124 126 127 
SR creation: 
169 194 245 
flow is: -1
NEW MU is: 128
IN MATCHING OR CUT: 
-------------
FLOW CALCULATED IS: 40 ----------- 
THRESHOLD IS: 89.6 ----------- 
Fn = 514
SL creation: 
0 1 2 4 6 7 8 11 12 13 14 15 16 17 19 20 22 23 24 26 29 32 33 34 35 37 38 39 40 43 44 45 46 47 48 49 50 51 52 54 57 61 62 63 64 66 67 68 69 70 71 72 73 75 76 79 80 82 83 85 87 88 89 90 91 92 93 95 96 97 99 102 105 106 107 109 110 111 112 114 115 116 117 118 119 120 121 123 124 126 127 
SR creation: 
169 194 245 
flow is: -1
NEW MU is: 128
IN MATCHING OR CUT: 
-------------
FLOW CALCULATED IS: 40 ----------- 
THRESHOLD IS: 89.6 ----------- 
Fn = 514
SL creation: 
0 1 2 4 6 7 8 11 12 13 14 15 16 17 19 20 22 23 24 26 29 32 33 34 35 37 38 39 40 43 44 45 46 47 48 49 50 51 52 54 57 61 62 63 64 66 67 68 69 70 71 72 73 75 76 79 80 82 83 85 87 88 89 90 91 92 93 95 96 97 99 102 105 106 107 109 110 111 112 114 115 116 117 118 119 120 121 123 124 126 127 
SR creation: 
169 194 245 
Start phase 18We enter robust matching: ...
IN ROBUST MATCHING TOO SMALL: 
-------------
IN MATCHING TOO SMALL: 
-------------
CALCULATED MU IS: 128
NEW MU is: 128
IN MATCHING OR CUT: 
-------------
FLOW CALCULATED IS: 27.25 ----------- 
THRESHOLD IS: 89.6 ----------- 
Fn = 514
SL creation: 
0 1 2 3 4 5 6 7 8 9 11 12 13 14 15 16 17 18 19 20 22 23 24 25 26 29 31 32 33 34 35 37 38 39 40 43 44 45 46 47 48 49 50 51 52 53 54 57 58 61 62 63 64 66 67 68 69 70 71 72 73 75 76 78 79 80 82 83 85 87 88 89 90 91 92 93 95 96 97 98 99 102 103 105 106 107 108 109 110 111 112 113 114 115 116 117 118 119 120 121 123 124 126 127 
SR creation: 
169 194 245 
flow is: -1
NEW MU is: 128
IN MATCHING OR CUT: 
-------------
FLOW CALCULATED IS: 27.5 ----------- 
THRESHOLD IS: 89.6 ----------- 
Fn = 514
SL creation: 
0 1 2 3 4 5 6 7 8 9 11 12 13 14 15 16 17 18 19 20 22 23 24 25 26 29 31 32 33 34 35 37 38 39 40 43 44 45 46 47 48 49 50 51 52 53 54 57 58 61 62 63 64 66 67 68 69 70 71 72 73 75 76 78 79 80 82 83 85 87 88 89 90 91 92 93 95 96 97 98 99 102 103 105 106 107 108 109 110 111 112 113 114 115 116 117 118 119 120 121 123 124 126 127 
SR creation: 
169 194 245 
flow is: -1
NEW MU is: 128
IN MATCHING OR CUT: 
-------------
FLOW CALCULATED IS: 28 ----------- 
THRESHOLD IS: 89.6 ----------- 
Fn = 514
SL creation: 
0 1 2 3 4 5 6 7 8 9 11 12 13 14 15 16 17 18 19 20 22 23 24 25 26 29 31 32 33 34 35 37 38 39 40 43 44 45 46 47 48 49 50 51 52 54 57 58 61 62 63 64 66 67 68 69 70 71 72 73 75 76 78 79 80 82 83 85 87 88 89 90 91 92 93 95 96 97 98 99 102 103 105 106 107 108 109 110 111 112 113 114 115 116 117 118 119 120 121 123 124 126 127 
SR creation: 
169 194 245 
flow is: -1
NEW MU is: 128
IN MATCHING OR CUT: 
-------------
FLOW CALCULATED IS: 28 ----------- 
THRESHOLD IS: 89.6 ----------- 
Fn = 514
SL creation: 
0 1 2 3 4 5 6 7 8 9 11 12 13 14 15 16 17 18 19 20 22 23 24 25 26 29 31 32 33 34 35 37 38 39 40 43 44 45 46 47 48 49 50 51 52 54 57 58 61 62 63 64 66 67 68 69 70 71 72 73 75 76 78 79 80 82 83 85 87 88 89 90 91 92 93 95 96 97 98 99 102 103 105 106 107 108 109 110 111 112 113 114 115 116 117 118 119 120 121 123 124 126 127 
SR creation: 
169 194 245 
Start phase 19We enter robust matching: ...
IN ROBUST MATCHING TOO SMALL: 
-------------
IN MATCHING TOO SMALL: 
-------------
CALCULATED MU IS: 128
NEW MU is: 128
IN MATCHING OR CUT: 
-------------
FLOW CALCULATED IS: 19 ----------- 
THRESHOLD IS: 89.6 ----------- 
Fn = 514
SL creation: 
0 1 2 3 4 5 6 7 8 9 10 11 12 13 14 15 16 17 18 19 20 22 23 24 25 26 28 29 30 31 32 33 34 35 36 37 38 39 40 42 43 44 45 46 47 48 49 50 51 52 54 57 58 61 62 63 64 65 66 67 68 69 70 71 72 73 75 76 78 79 80 81 82 84 85 87 88 89 90 91 92 93 95 96 97 98 99 102 103 104 105 106 107 108 109 110 111 112 113 114 116 117 118 119 120 121 123 124 126 127 
SR creation: 

flow is: -1
NEW MU is: 128
IN MATCHING OR CUT: 
-------------
FLOW CALCULATED IS: 20 ----------- 
THRESHOLD IS: 89.6 ----------- 
Fn = 514
SL creation: 
0 1 2 3 4 5 6 7 8 9 10 11 12 13 14 15 16 17 18 19 20 22 23 24 25 26 28 29 30 31 32 33 34 35 36 37 38 39 40 42 43 44 45 46 47 48 49 50 51 52 54 57 58 61 62 63 64 66 67 68 69 70 71 72 73 75 76 78 79 80 81 82 85 87 88 89 90 91 92 93 95 96 97 98 99 102 103 104 105 106 107 108 109 110 111 112 113 114 116 117 118 119 120 121 123 124 126 127 
SR creation: 

flow is: -1
NEW MU is: 128
IN MATCHING OR CUT: 
-------------
FLOW CALCULATED IS: 20 ----------- 
THRESHOLD IS: 89.6 ----------- 
Fn = 514
SL creation: 
0 1 2 3 4 5 6 7 8 9 10 11 12 13 14 15 16 17 18 19 20 22 23 24 25 26 28 29 30 31 32 33 34 35 36 37 38 39 40 42 43 44 45 46 47 48 49 50 51 52 54 57 58 61 62 63 64 66 67 68 69 70 71 72 73 75 76 78 79 80 81 82 85 87 88 89 90 91 92 93 95 96 97 98 99 102 103 104 105 106 107 108 109 110 111 112 113 114 116 117 118 119 120 121 123 124 126 127 
SR creation: 

Start phase 20We enter robust matching: ...
IN ROBUST MATCHING TOO SMALL: 
-------------
IN MATCHING TOO SMALL: 
-------------
CALCULATED MU IS: 128
NEW MU is: 128
IN MATCHING OR CUT: 
-------------
FLOW CALCULATED IS: 7 ----------- 
THRESHOLD IS: 89.6 ----------- 
Fn = 514
SL creation: 
0 1 2 3 4 5 6 7 8 9 10 11 12 13 14 15 16 17 18 19 20 21 22 23 24 25 26 27 28 29 30 31 32 33 34 35 36 37 38 39 40 42 43 44 45 46 47 48 49 50 51 52 54 56 57 58 59 60 61 62 63 64 65 66 67 68 69 70 71 72 73 75 76 78 79 80 81 82 84 85 86 87 88 89 90 91 92 93 94 95 96 97 98 99 101 102 103 104 105 106 107 108 109 110 111 112 113 114 115 116 117 118 119 120 121 122 123 124 125 126 127 
SR creation: 

flow is: -1
NEW MU is: 128
IN MATCHING OR CUT: 
-------------
FLOW CALCULATED IS: 7 ----------- 
THRESHOLD IS: 89.6 ----------- 
Fn = 514
SL creation: 
0 1 2 3 4 5 6 7 8 9 10 11 12 13 14 15 16 17 18 19 20 21 22 23 24 25 26 27 28 29 30 31 32 33 34 35 36 37 38 39 40 42 43 44 45 46 47 48 49 50 51 52 54 56 57 58 59 60 61 62 63 64 65 66 67 68 69 70 71 72 73 75 76 78 79 80 81 82 84 85 86 87 88 89 90 91 92 93 94 95 96 97 98 99 101 102 103 104 105 106 107 108 109 110 111 112 113 114 115 116 117 118 119 120 121 122 123 124 125 126 127 
SR creation: 

