This is before phase start just initial data:
The maximum matching found is: 128

Left partition (L): 0 1 2 3 4 5 6 7 8 9 10 11 12 13 14 15 16 17 18 19 20 21 22 23 24 25 26 27 28 29 30 31 32 33 34 35 36 37 38 39 40 41 42 43 44 45 46 47 48 49 50 51 52 53 54 55 56 57 58 59 60 61 62 63 64 65 66 67 68 69 70 71 72 73 74 75 76 77 78 79 80 81 82 83 84 85 86 87 88 89 90 91 92 93 94 95 96 97 98 99 100 101 102 103 104 105 106 107 108 109 110 111 112 113 114 115 116 117 118 119 120 121 122 123 124 125 126 127 
Right partition (R): 128 129 130 131 132 133 134 135 136 137 138 139 140 141 142 143 144 145 146 147 148 149 150 151 152 153 154 155 156 157 158 159 160 161 162 163 164 165 166 167 168 169 170 171 172 173 174 175 176 177 178 179 180 181 182 183 184 185 186 187 188 189 190 191 192 193 194 195 196 197 198 199 200 201 202 203 204 205 206 207 208 209 210 211 212 213 214 215 216 217 218 219 220 221 222 223 224 225 226 227 228 229 230 231 232 233 234 235 236 237 238 239 240 241 242 243 244 245 246 247 248 249 250 251 252 253 254 255 256 257 258 259 260 261 262 263 264 265 266 267 268 269 270 271 272 273 274 275 276 277 278 279 280 281 282 283 284 285 286 287 288 289 290 291 292 293 294 295 296 297 298 299 300 301 302 303 304 305 306 307 308 309 310 311 312 313 314 315 316 317 318 319 320 321 322 323 324 325 326 327 328 329 330 331 332 333 334 335 336 337 338 339 340 341 342 343 344 345 346 347 348 349 350 351 352 353 354 355 356 357 358 359 360 361 362 363 364 365 366 367 368 369 370 371 372 373 374 375 376 377 378 379 380 381 382 383 384 385 386 387 388 389 390 391 392 393 394 395 396 397 398 399 400 401 402 403 404 405 406 407 408 409 410 411 412 413 414 415 416 417 418 419 420 421 422 423 424 425 426 427 428 429 430 431 432 433 434 435 436 437 438 439 440 441 442 443 444 445 446 447 448 449 450 451 452 453 454 455 456 457 458 459 460 461 462 463 464 465 466 467 468 469 470 471 472 473 474 475 476 477 478 479 480 481 482 483 484 485 486 487 488 489 490 491 492 493 494 495 496 497 498 499 500 501 502 503 504 505 506 507 508 509 510 511 

Edges:
:0 -- 128(cap = 0.0078125)
0 -- 134(cap = 0.0078125)
0 -- 156(cap = 0.0078125)
0 -- 198(cap = 0.0078125)
1 -- 129(cap = 0.0078125)
1 -- 163(cap = 0.0078125)
1 -- 185(cap = 0.0078125)
1 -- 190(cap = 0.0078125)
2 -- 130(cap = 0.0078125)
2 -- 150(cap = 0.0078125)
2 -- 154(cap = 0.0078125)
2 -- 236(cap = 0.0078125)
3 -- 131(cap = 0.0078125)
3 -- 135(cap = 0.0078125)
3 -- 136(cap = 0.0078125)
3 -- 151(cap = 0.0078125)
4 -- 132(cap = 0.0078125)
4 -- 134(cap = 0.0078125)
4 -- 183(cap = 0.0078125)
4 -- 187(cap = 0.0078125)
5 -- 133(cap = 0.0078125)
5 -- 178(cap = 0.0078125)
5 -- 184(cap = 0.0078125)
5 -- 235(cap = 0.0078125)
6 -- 129(cap = 0.0078125)
6 -- 134(cap = 0.0078125)
6 -- 199(cap = 0.0078125)
6 -- 242(cap = 0.0078125)
7 -- 135(cap = 0.0078125)
7 -- 168(cap = 0.0078125)
7 -- 215(cap = 0.0078125)
7 -- 236(cap = 0.0078125)
8 -- 136(cap = 0.0078125)
8 -- 167(cap = 0.0078125)
8 -- 183(cap = 0.0078125)
8 -- 199(cap = 0.0078125)
9 -- 137(cap = 0.0078125)
9 -- 151(cap = 0.0078125)
9 -- 154(cap = 0.0078125)
9 -- 214(cap = 0.0078125)
10 -- 138(cap = 0.0078125)
10 -- 152(cap = 0.0078125)
10 -- 219(cap = 0.0078125)
10 -- 225(cap = 0.0078125)
11 -- 139(cap = 0.0078125)
11 -- 195(cap = 0.0078125)
11 -- 216(cap = 0.0078125)
11 -- 245(cap = 0.0078125)
12 -- 140(cap = 0.0078125)
12 -- 148(cap = 0.0078125)
12 -- 159(cap = 0.0078125)
12 -- 224(cap = 0.0078125)
13 -- 141(cap = 0.0078125)
13 -- 177(cap = 0.0078125)
13 -- 203(cap = 0.0078125)
13 -- 220(cap = 0.0078125)
14 -- 139(cap = 0.0078125)
14 -- 142(cap = 0.0078125)
14 -- 145(cap = 0.0078125)
14 -- 186(cap = 0.0078125)
15 -- 143(cap = 0.0078125)
15 -- 148(cap = 0.0078125)
15 -- 187(cap = 0.0078125)
15 -- 202(cap = 0.0078125)
16 -- 144(cap = 0.0078125)
16 -- 153(cap = 0.0078125)
16 -- 199(cap = 0.0078125)
16 -- 225(cap = 0.0078125)
17 -- 145(cap = 0.0078125)
17 -- 169(cap = 0.0078125)
17 -- 221(cap = 0.0078125)
17 -- 244(cap = 0.0078125)
18 -- 146(cap = 0.0078125)
18 -- 181(cap = 0.0078125)
18 -- 218(cap = 0.0078125)
18 -- 222(cap = 0.0078125)
19 -- 146(cap = 0.0078125)
19 -- 147(cap = 0.0078125)
19 -- 171(cap = 0.0078125)
19 -- 196(cap = 0.0078125)
20 -- 148(cap = 0.0078125)
20 -- 169(cap = 0.0078125)
20 -- 190(cap = 0.0078125)
20 -- 246(cap = 0.0078125)
21 -- 149(cap = 0.0078125)
21 -- 184(cap = 0.0078125)
21 -- 197(cap = 0.0078125)
21 -- 225(cap = 0.0078125)
22 -- 142(cap = 0.0078125)
22 -- 150(cap = 0.0078125)
22 -- 186(cap = 0.0078125)
22 -- 211(cap = 0.0078125)
23 -- 136(cap = 0.0078125)
23 -- 151(cap = 0.0078125)
23 -- 208(cap = 0.0078125)
23 -- 230(cap = 0.0078125)
24 -- 144(cap = 0.0078125)
24 -- 152(cap = 0.0078125)
24 -- 182(cap = 0.0078125)
24 -- 196(cap = 0.0078125)
25 -- 153(cap = 0.0078125)
25 -- 182(cap = 0.0078125)
25 -- 208(cap = 0.0078125)
25 -- 255(cap = 0.0078125)
26 -- 154(cap = 0.0078125)
26 -- 164(cap = 0.0078125)
26 -- 229(cap = 0.0078125)
26 -- 245(cap = 0.0078125)
27 -- 155(cap = 0.0078125)
27 -- 163(cap = 0.0078125)
27 -- 191(cap = 0.0078125)
27 -- 195(cap = 0.0078125)
28 -- 156(cap = 0.0078125)
28 -- 195(cap = 0.0078125)
28 -- 230(cap = 0.0078125)
28 -- 237(cap = 0.0078125)
29 -- 157(cap = 0.0078125)
29 -- 163(cap = 0.0078125)
29 -- 184(cap = 0.0078125)
29 -- 220(cap = 0.0078125)
30 -- 140(cap = 0.0078125)
30 -- 151(cap = 0.0078125)
30 -- 158(cap = 0.0078125)
30 -- 254(cap = 0.0078125)
31 -- 156(cap = 0.0078125)
31 -- 159(cap = 0.0078125)
31 -- 167(cap = 0.0078125)
31 -- 168(cap = 0.0078125)
32 -- 144(cap = 0.0078125)
32 -- 160(cap = 0.0078125)
32 -- 226(cap = 0.0078125)
32 -- 236(cap = 0.0078125)
33 -- 161(cap = 0.0078125)
33 -- 192(cap = 0.0078125)
33 -- 225(cap = 0.0078125)
33 -- 247(cap = 0.0078125)
34 -- 130(cap = 0.0078125)
34 -- 157(cap = 0.0078125)
34 -- 162(cap = 0.0078125)
34 -- 196(cap = 0.0078125)
35 -- 156(cap = 0.0078125)
35 -- 163(cap = 0.0078125)
35 -- 203(cap = 0.0078125)
35 -- 215(cap = 0.0078125)
36 -- 164(cap = 0.0078125)
36 -- 168(cap = 0.0078125)
36 -- 239(cap = 0.0078125)
36 -- 244(cap = 0.0078125)
37 -- 128(cap = 0.0078125)
37 -- 165(cap = 0.0078125)
37 -- 173(cap = 0.0078125)
37 -- 195(cap = 0.0078125)
38 -- 155(cap = 0.0078125)
38 -- 166(cap = 0.0078125)
38 -- 178(cap = 0.0078125)
38 -- 204(cap = 0.0078125)
39 -- 128(cap = 0.0078125)
39 -- 167(cap = 0.0078125)
39 -- 169(cap = 0.0078125)
39 -- 223(cap = 0.0078125)
40 -- 132(cap = 0.0078125)
40 -- 168(cap = 0.0078125)
40 -- 210(cap = 0.0078125)
40 -- 253(cap = 0.0078125)
41 -- 156(cap = 0.0078125)
41 -- 169(cap = 0.0078125)
41 -- 206(cap = 0.0078125)
41 -- 220(cap = 0.0078125)
42 -- 142(cap = 0.0078125)
42 -- 148(cap = 0.0078125)
42 -- 170(cap = 0.0078125)
42 -- 189(cap = 0.0078125)
43 -- 145(cap = 0.0078125)
43 -- 149(cap = 0.0078125)
43 -- 171(cap = 0.0078125)
43 -- 252(cap = 0.0078125)
44 -- 160(cap = 0.0078125)
44 -- 170(cap = 0.0078125)
44 -- 172(cap = 0.0078125)
44 -- 249(cap = 0.0078125)
45 -- 173(cap = 0.0078125)
45 -- 182(cap = 0.0078125)
45 -- 195(cap = 0.0078125)
45 -- 236(cap = 0.0078125)
46 -- 174(cap = 0.0078125)
46 -- 179(cap = 0.0078125)
46 -- 207(cap = 0.0078125)
46 -- 230(cap = 0.0078125)
47 -- 175(cap = 0.0078125)
47 -- 223(cap = 0.0078125)
47 -- 240(cap = 0.0078125)
47 -- 243(cap = 0.0078125)
48 -- 158(cap = 0.0078125)
48 -- 176(cap = 0.0078125)
48 -- 185(cap = 0.0078125)
48 -- 191(cap = 0.0078125)
49 -- 133(cap = 0.0078125)
49 -- 144(cap = 0.0078125)
49 -- 177(cap = 0.0078125)
49 -- 214(cap = 0.0078125)
50 -- 129(cap = 0.0078125)
50 -- 178(cap = 0.0078125)
50 -- 184(cap = 0.0078125)
50 -- 186(cap = 0.0078125)
51 -- 143(cap = 0.0078125)
51 -- 146(cap = 0.0078125)
51 -- 179(cap = 0.0078125)
51 -- 186(cap = 0.0078125)
52 -- 136(cap = 0.0078125)
52 -- 145(cap = 0.0078125)
52 -- 180(cap = 0.0078125)
52 -- 212(cap = 0.0078125)
53 -- 146(cap = 0.0078125)
53 -- 181(cap = 0.0078125)
53 -- 188(cap = 0.0078125)
53 -- 199(cap = 0.0078125)
54 -- 161(cap = 0.0078125)
54 -- 182(cap = 0.0078125)
54 -- 249(cap = 0.0078125)
54 -- 252(cap = 0.0078125)
55 -- 183(cap = 0.0078125)
55 -- 190(cap = 0.0078125)
55 -- 232(cap = 0.0078125)
55 -- 249(cap = 0.0078125)
56 -- 152(cap = 0.0078125)
56 -- 176(cap = 0.0078125)
56 -- 184(cap = 0.0078125)
56 -- 238(cap = 0.0078125)
57 -- 185(cap = 0.0078125)
57 -- 218(cap = 0.0078125)
57 -- 233(cap = 0.0078125)
57 -- 236(cap = 0.0078125)
58 -- 141(cap = 0.0078125)
58 -- 153(cap = 0.0078125)
58 -- 186(cap = 0.0078125)
58 -- 247(cap = 0.0078125)
59 -- 143(cap = 0.0078125)
59 -- 187(cap = 0.0078125)
59 -- 214(cap = 0.0078125)
59 -- 231(cap = 0.0078125)
60 -- 155(cap = 0.0078125)
60 -- 177(cap = 0.0078125)
60 -- 188(cap = 0.0078125)
60 -- 191(cap = 0.0078125)
61 -- 163(cap = 0.0078125)
61 -- 176(cap = 0.0078125)
61 -- 189(cap = 0.0078125)
61 -- 242(cap = 0.0078125)
62 -- 174(cap = 0.0078125)
62 -- 190(cap = 0.0078125)
62 -- 199(cap = 0.0078125)
62 -- 236(cap = 0.0078125)
63 -- 147(cap = 0.0078125)
63 -- 191(cap = 0.0078125)
63 -- 241(cap = 0.0078125)
63 -- 246(cap = 0.0078125)
64 -- 131(cap = 0.0078125)
64 -- 140(cap = 0.0078125)
64 -- 153(cap = 0.0078125)
64 -- 192(cap = 0.0078125)
65 -- 151(cap = 0.0078125)
65 -- 170(cap = 0.0078125)
65 -- 188(cap = 0.0078125)
65 -- 193(cap = 0.0078125)
66 -- 194(cap = 0.0078125)
66 -- 232(cap = 0.0078125)
66 -- 251(cap = 0.0078125)
66 -- 252(cap = 0.0078125)
67 -- 143(cap = 0.0078125)
67 -- 182(cap = 0.0078125)
67 -- 195(cap = 0.0078125)
67 -- 230(cap = 0.0078125)
68 -- 128(cap = 0.0078125)
68 -- 170(cap = 0.0078125)
68 -- 196(cap = 0.0078125)
68 -- 225(cap = 0.0078125)
69 -- 195(cap = 0.0078125)
69 -- 197(cap = 0.0078125)
69 -- 227(cap = 0.0078125)
69 -- 244(cap = 0.0078125)
70 -- 198(cap = 0.0078125)
70 -- 201(cap = 0.0078125)
70 -- 236(cap = 0.0078125)
70 -- 252(cap = 0.0078125)
71 -- 167(cap = 0.0078125)
71 -- 176(cap = 0.0078125)
71 -- 199(cap = 0.0078125)
71 -- 203(cap = 0.0078125)
72 -- 142(cap = 0.0078125)
72 -- 143(cap = 0.0078125)
72 -- 183(cap = 0.0078125)
72 -- 200(cap = 0.0078125)
73 -- 140(cap = 0.0078125)
73 -- 142(cap = 0.0078125)
73 -- 201(cap = 0.0078125)
73 -- 208(cap = 0.0078125)
74 -- 142(cap = 0.0078125)
74 -- 168(cap = 0.0078125)
74 -- 202(cap = 0.0078125)
74 -- 250(cap = 0.0078125)
75 -- 145(cap = 0.0078125)
75 -- 148(cap = 0.0078125)
75 -- 175(cap = 0.0078125)
75 -- 203(cap = 0.0078125)
76 -- 145(cap = 0.0078125)
76 -- 188(cap = 0.0078125)
76 -- 204(cap = 0.0078125)
76 -- 231(cap = 0.0078125)
77 -- 138(cap = 0.0078125)
77 -- 158(cap = 0.0078125)
77 -- 191(cap = 0.0078125)
77 -- 205(cap = 0.0078125)
78 -- 148(cap = 0.0078125)
78 -- 206(cap = 0.0078125)
78 -- 208(cap = 0.0078125)
78 -- 235(cap = 0.0078125)
79 -- 180(cap = 0.0078125)
79 -- 194(cap = 0.0078125)
79 -- 207(cap = 0.0078125)
79 -- 208(cap = 0.0078125)
80 -- 189(cap = 0.0078125)
80 -- 195(cap = 0.0078125)
80 -- 208(cap = 0.0078125)
80 -- 229(cap = 0.0078125)
81 -- 161(cap = 0.0078125)
81 -- 204(cap = 0.0078125)
81 -- 209(cap = 0.0078125)
81 -- 245(cap = 0.0078125)
82 -- 130(cap = 0.0078125)
82 -- 146(cap = 0.0078125)
82 -- 208(cap = 0.0078125)
82 -- 210(cap = 0.0078125)
83 -- 146(cap = 0.0078125)
83 -- 153(cap = 0.0078125)
83 -- 211(cap = 0.0078125)
83 -- 245(cap = 0.0078125)
84 -- 161(cap = 0.0078125)
84 -- 182(cap = 0.0078125)
84 -- 195(cap = 0.0078125)
84 -- 212(cap = 0.0078125)
85 -- 145(cap = 0.0078125)
85 -- 190(cap = 0.0078125)
85 -- 213(cap = 0.0078125)
85 -- 217(cap = 0.0078125)
86 -- 168(cap = 0.0078125)
86 -- 200(cap = 0.0078125)
86 -- 214(cap = 0.0078125)
86 -- 222(cap = 0.0078125)
87 -- 130(cap = 0.0078125)
87 -- 205(cap = 0.0078125)
87 -- 215(cap = 0.0078125)
87 -- 240(cap = 0.0078125)
88 -- 154(cap = 0.0078125)
88 -- 162(cap = 0.0078125)
88 -- 204(cap = 0.0078125)
88 -- 216(cap = 0.0078125)
89 -- 155(cap = 0.0078125)
89 -- 157(cap = 0.0078125)
89 -- 195(cap = 0.0078125)
89 -- 217(cap = 0.0078125)
90 -- 167(cap = 0.0078125)
90 -- 197(cap = 0.0078125)
90 -- 200(cap = 0.0078125)
90 -- 218(cap = 0.0078125)
91 -- 180(cap = 0.0078125)
91 -- 181(cap = 0.0078125)
91 -- 215(cap = 0.0078125)
91 -- 219(cap = 0.0078125)
92 -- 192(cap = 0.0078125)
92 -- 195(cap = 0.0078125)
92 -- 220(cap = 0.0078125)
92 -- 253(cap = 0.0078125)
93 -- 141(cap = 0.0078125)
93 -- 151(cap = 0.0078125)
93 -- 221(cap = 0.0078125)
93 -- 236(cap = 0.0078125)
94 -- 128(cap = 0.0078125)
94 -- 139(cap = 0.0078125)
94 -- 198(cap = 0.0078125)
94 -- 222(cap = 0.0078125)
95 -- 161(cap = 0.0078125)
95 -- 195(cap = 0.0078125)
95 -- 213(cap = 0.0078125)
95 -- 223(cap = 0.0078125)
96 -- 169(cap = 0.0078125)
96 -- 224(cap = 0.0078125)
96 -- 237(cap = 0.0078125)
96 -- 241(cap = 0.0078125)
97 -- 130(cap = 0.0078125)
97 -- 147(cap = 0.0078125)
97 -- 156(cap = 0.0078125)
97 -- 225(cap = 0.0078125)
98 -- 137(cap = 0.0078125)
98 -- 166(cap = 0.0078125)
98 -- 222(cap = 0.0078125)
98 -- 226(cap = 0.0078125)
99 -- 160(cap = 0.0078125)
99 -- 165(cap = 0.0078125)
99 -- 227(cap = 0.0078125)
99 -- 238(cap = 0.0078125)
100 -- 138(cap = 0.0078125)
100 -- 206(cap = 0.0078125)
100 -- 221(cap = 0.0078125)
100 -- 228(cap = 0.0078125)
101 -- 138(cap = 0.0078125)
101 -- 181(cap = 0.0078125)
101 -- 219(cap = 0.0078125)
101 -- 229(cap = 0.0078125)
102 -- 154(cap = 0.0078125)
102 -- 191(cap = 0.0078125)
102 -- 218(cap = 0.0078125)
102 -- 230(cap = 0.0078125)
103 -- 167(cap = 0.0078125)
103 -- 188(cap = 0.0078125)
103 -- 231(cap = 0.0078125)
103 -- 232(cap = 0.0078125)
104 -- 169(cap = 0.0078125)
104 -- 173(cap = 0.0078125)
104 -- 232(cap = 0.0078125)
104 -- 233(cap = 0.0078125)
105 -- 134(cap = 0.0078125)
105 -- 173(cap = 0.0078125)
105 -- 213(cap = 0.0078125)
105 -- 233(cap = 0.0078125)
106 -- 191(cap = 0.0078125)
106 -- 196(cap = 0.0078125)
106 -- 233(cap = 0.0078125)
106 -- 234(cap = 0.0078125)
107 -- 155(cap = 0.0078125)
107 -- 168(cap = 0.0078125)
107 -- 225(cap = 0.0078125)
107 -- 235(cap = 0.0078125)
108 -- 137(cap = 0.0078125)
108 -- 184(cap = 0.0078125)
108 -- 236(cap = 0.0078125)
108 -- 248(cap = 0.0078125)
109 -- 179(cap = 0.0078125)
109 -- 217(cap = 0.0078125)
109 -- 237(cap = 0.0078125)
109 -- 245(cap = 0.0078125)
110 -- 185(cap = 0.0078125)
110 -- 186(cap = 0.0078125)
110 -- 206(cap = 0.0078125)
110 -- 238(cap = 0.0078125)
111 -- 134(cap = 0.0078125)
111 -- 177(cap = 0.0078125)
111 -- 230(cap = 0.0078125)
111 -- 239(cap = 0.0078125)
112 -- 145(cap = 0.0078125)
112 -- 199(cap = 0.0078125)
112 -- 212(cap = 0.0078125)
112 -- 240(cap = 0.0078125)
113 -- 199(cap = 0.0078125)
113 -- 217(cap = 0.0078125)
113 -- 230(cap = 0.0078125)
113 -- 241(cap = 0.0078125)
114 -- 135(cap = 0.0078125)
114 -- 157(cap = 0.0078125)
114 -- 212(cap = 0.0078125)
114 -- 242(cap = 0.0078125)
115 -- 173(cap = 0.0078125)
115 -- 194(cap = 0.0078125)
115 -- 195(cap = 0.0078125)
115 -- 243(cap = 0.0078125)
116 -- 137(cap = 0.0078125)
116 -- 155(cap = 0.0078125)
116 -- 239(cap = 0.0078125)
116 -- 244(cap = 0.0078125)
117 -- 208(cap = 0.0078125)
117 -- 216(cap = 0.0078125)
117 -- 239(cap = 0.0078125)
117 -- 245(cap = 0.0078125)
118 -- 157(cap = 0.0078125)
118 -- 176(cap = 0.0078125)
118 -- 226(cap = 0.0078125)
118 -- 246(cap = 0.0078125)
119 -- 139(cap = 0.0078125)
119 -- 193(cap = 0.0078125)
119 -- 239(cap = 0.0078125)
119 -- 247(cap = 0.0078125)
120 -- 128(cap = 0.0078125)
120 -- 178(cap = 0.0078125)
120 -- 221(cap = 0.0078125)
120 -- 248(cap = 0.0078125)
121 -- 145(cap = 0.0078125)
121 -- 212(cap = 0.0078125)
121 -- 238(cap = 0.0078125)
121 -- 249(cap = 0.0078125)
122 -- 159(cap = 0.0078125)
122 -- 204(cap = 0.0078125)
122 -- 208(cap = 0.0078125)
122 -- 250(cap = 0.0078125)
123 -- 207(cap = 0.0078125)
123 -- 211(cap = 0.0078125)
123 -- 232(cap = 0.0078125)
123 -- 251(cap = 0.0078125)
124 -- 160(cap = 0.0078125)
124 -- 203(cap = 0.0078125)
124 -- 231(cap = 0.0078125)
124 -- 252(cap = 0.0078125)
125 -- 177(cap = 0.0078125)
125 -- 225(cap = 0.0078125)
125 -- 235(cap = 0.0078125)
125 -- 253(cap = 0.0078125)
126 -- 172(cap = 0.0078125)
126 -- 205(cap = 0.0078125)
126 -- 231(cap = 0.0078125)
126 -- 254(cap = 0.0078125)
127 -- 128(cap = 0.0078125)
127 -- 201(cap = 0.0078125)
127 -- 205(cap = 0.0078125)
127 -- 255(cap = 0.0078125)
Start phase 0 initial run 
 ------------- 
IN ROBUST MATCHING TOO SMALL: 
-------------
IN MATCHING TOO SMALL: 
-------------
CALCULATED MU IS: 128
NEW MU is: 128
IN MATCHING OR CUT: 
-------------
FLOW CALCULATED IS: 4 ----------- 
THRESHOLD IS: 89.6 ----------- 
Fn = 514
SL creation: 
0 1 2 3 4 5 6 7 8 9 10 11 12 13 14 15 16 17 18 19 20 21 22 23 24 25 26 27 28 29 30 31 32 33 34 35 36 37 38 39 40 41 42 43 44 45 46 47 48 49 50 51 52 53 54 55 56 57 58 59 60 61 62 63 64 65 66 67 68 69 70 71 72 73 74 75 76 77 78 79 80 81 82 83 84 85 86 87 88 89 90 91 92 93 94 95 96 97 98 99 100 101 102 103 104 105 106 107 108 109 110 111 112 113 114 115 116 117 118 119 120 121 122 123 124 125 126 127 
SR creation: 

flow is: -1
NEW MU is: 128
IN MATCHING OR CUT: 
-------------
FLOW CALCULATED IS: 8 ----------- 
THRESHOLD IS: 89.6 ----------- 
Fn = 514
SL creation: 
0 1 2 3 4 5 6 7 8 9 10 11 12 13 14 15 16 17 18 19 20 21 22 23 24 25 26 27 28 29 30 31 32 33 34 35 36 37 38 39 40 41 42 43 44 45 46 47 48 49 50 51 52 53 54 55 56 57 58 59 60 61 62 63 64 65 66 67 68 69 70 71 72 73 74 75 76 77 78 79 80 81 82 83 84 85 86 87 88 89 90 91 92 93 94 95 96 97 98 99 100 101 102 103 104 105 106 107 108 109 110 111 112 113 114 115 116 117 118 119 120 121 122 123 124 125 126 127 
SR creation: 

flow is: -1
NEW MU is: 128
IN MATCHING OR CUT: 
-------------
FLOW CALCULATED IS: 16 ----------- 
THRESHOLD IS: 89.6 ----------- 
Fn = 514
SL creation: 
0 1 2 3 4 5 6 7 8 9 10 11 12 13 14 15 16 17 18 19 20 21 22 23 24 25 26 27 28 29 30 31 32 33 34 35 36 37 38 39 40 41 42 43 44 45 46 47 48 49 50 51 52 53 54 55 56 57 58 59 60 61 62 63 64 65 66 67 68 69 70 71 72 73 74 75 76 77 78 79 80 81 82 83 84 85 86 87 88 89 90 91 92 93 94 95 96 97 98 99 100 101 102 103 104 105 106 107 108 109 110 111 112 113 114 115 116 117 118 119 120 121 122 123 124 125 126 127 
SR creation: 

flow is: -1
NEW MU is: 128
IN MATCHING OR CUT: 
-------------
FLOW CALCULATED IS: 32 ----------- 
THRESHOLD IS: 89.6 ----------- 
Fn = 514
SL creation: 
0 1 2 3 4 5 6 7 8 9 10 11 12 13 14 15 16 17 18 19 20 21 22 23 24 25 26 27 28 29 30 31 32 33 34 35 36 37 38 39 40 41 42 43 44 45 46 47 48 49 50 51 52 53 54 55 56 57 58 59 60 61 62 63 64 65 66 67 68 69 70 71 72 73 74 75 76 77 78 79 80 81 82 83 84 85 86 87 88 89 90 91 92 93 94 95 96 97 98 99 100 101 102 103 104 105 106 107 108 109 110 111 112 113 114 115 116 117 118 119 120 121 122 123 124 125 126 127 
SR creation: 

flow is: -1
NEW MU is: 128
IN MATCHING OR CUT: 
-------------
FLOW CALCULATED IS: 63 ----------- 
THRESHOLD IS: 89.6 ----------- 
Fn = 514
SL creation: 
0 1 2 3 4 5 6 7 8 9 10 11 12 13 14 15 16 17 18 19 20 21 22 23 24 25 26 27 28 29 30 31 32 33 34 35 36 37 38 39 40 41 42 43 44 45 46 47 48 49 50 51 52 53 54 55 56 57 58 59 60 61 62 63 64 65 66 67 68 69 70 71 72 73 74 75 76 77 78 79 80 81 82 83 84 85 86 87 88 89 90 91 92 93 94 95 96 97 98 99 100 101 102 103 104 105 106 107 108 109 110 111 112 113 114 115 116 117 118 119 120 121 122 123 124 125 126 127 
SR creation: 
145 195 208 236 
flow is: -1
NEW MU is: 128
IN MATCHING OR CUT: 
-------------
FLOW CALCULATED IS: 105.75 ----------- 
THRESHOLD IS: 89.6 ----------- 
Left partition (L): 0 1 2 3 4 5 6 7 8 9 10 11 12 13 14 15 16 17 18 19 20 21 22 23 24 25 26 27 28 29 30 31 32 33 34 35 36 37 38 39 40 41 42 43 44 45 46 47 48 49 50 51 52 53 54 55 56 57 58 59 60 61 62 63 64 65 66 67 68 69 70 71 72 73 74 75 76 77 78 79 80 81 82 83 84 85 86 87 88 89 90 91 92 93 94 95 96 97 98 99 100 101 102 103 104 105 106 107 108 109 110 111 112 113 114 115 116 117 118 119 120 121 122 123 124 125 126 127 
Right partition (R): 128 129 130 131 132 133 134 135 136 137 138 139 140 141 142 143 144 145 146 147 148 149 150 151 152 153 154 155 156 157 158 159 160 161 162 163 164 165 166 167 168 169 170 171 172 173 174 175 176 177 178 179 180 181 182 183 184 185 186 187 188 189 190 191 192 193 194 195 196 197 198 199 200 201 202 203 204 205 206 207 208 209 210 211 212 213 214 215 216 217 218 219 220 221 222 223 224 225 226 227 228 229 230 231 232 233 234 235 236 237 238 239 240 241 242 243 244 245 246 247 248 249 250 251 252 253 254 255 256 257 258 259 260 261 262 263 264 265 266 267 268 269 270 271 272 273 274 275 276 277 278 279 280 281 282 283 284 285 286 287 288 289 290 291 292 293 294 295 296 297 298 299 300 301 302 303 304 305 306 307 308 309 310 311 312 313 314 315 316 317 318 319 320 321 322 323 324 325 326 327 328 329 330 331 332 333 334 335 336 337 338 339 340 341 342 343 344 345 346 347 348 349 350 351 352 353 354 355 356 357 358 359 360 361 362 363 364 365 366 367 368 369 370 371 372 373 374 375 376 377 378 379 380 381 382 383 384 385 386 387 388 389 390 391 392 393 394 395 396 397 398 399 400 401 402 403 404 405 406 407 408 409 410 411 412 413 414 415 416 417 418 419 420 421 422 423 424 425 426 427 428 429 430 431 432 433 434 435 436 437 438 439 440 441 442 443 444 445 446 447 448 449 450 451 452 453 454 455 456 457 458 459 460 461 462 463 464 465 466 467 468 469 470 471 472 473 474 475 476 477 478 479 480 481 482 483 484 485 486 487 488 489 490 491 492 493 494 495 496 497 498 499 500 501 502 503 504 505 506 507 508 509 510 511 

Edges:
:0 -- 128(cap = 0.25)
0 -- 134(cap = 0.25)
0 -- 156(cap = 0.25)
0 -- 198(cap = 0.25)
1 -- 129(cap = 0.25)
1 -- 163(cap = 0.25)
1 -- 185(cap = 0.25)
1 -- 190(cap = 0.25)
2 -- 130(cap = 0.25)
2 -- 150(cap = 0.25)
2 -- 154(cap = 0.25)
2 -- 236(cap = 0.125)
3 -- 131(cap = 0.25)
3 -- 135(cap = 0.25)
3 -- 136(cap = 0.25)
3 -- 151(cap = 0.25)
4 -- 132(cap = 0.25)
4 -- 134(cap = 0.25)
4 -- 183(cap = 0.25)
4 -- 187(cap = 0.25)
5 -- 133(cap = 0.25)
5 -- 178(cap = 0.25)
5 -- 184(cap = 0.25)
5 -- 235(cap = 0.25)
6 -- 129(cap = 0.25)
6 -- 134(cap = 0.25)
6 -- 199(cap = 0.25)
6 -- 242(cap = 0.25)
7 -- 135(cap = 0.25)
7 -- 168(cap = 0.25)
7 -- 215(cap = 0.25)
7 -- 236(cap = 0.125)
8 -- 136(cap = 0.25)
8 -- 167(cap = 0.25)
8 -- 183(cap = 0.25)
8 -- 199(cap = 0.25)
9 -- 137(cap = 0.25)
9 -- 151(cap = 0.25)
9 -- 154(cap = 0.25)
9 -- 214(cap = 0.25)
10 -- 138(cap = 0.25)
10 -- 152(cap = 0.25)
10 -- 219(cap = 0.25)
10 -- 225(cap = 0.25)
11 -- 139(cap = 0.25)
11 -- 195(cap = 0.125)
11 -- 216(cap = 0.25)
11 -- 245(cap = 0.25)
12 -- 140(cap = 0.25)
12 -- 148(cap = 0.25)
12 -- 159(cap = 0.25)
12 -- 224(cap = 0.25)
13 -- 141(cap = 0.25)
13 -- 177(cap = 0.25)
13 -- 203(cap = 0.25)
13 -- 220(cap = 0.25)
14 -- 139(cap = 0.25)
14 -- 142(cap = 0.25)
14 -- 145(cap = 0.125)
14 -- 186(cap = 0.25)
15 -- 143(cap = 0.25)
15 -- 148(cap = 0.25)
15 -- 187(cap = 0.25)
15 -- 202(cap = 0.25)
16 -- 144(cap = 0.25)
16 -- 153(cap = 0.25)
16 -- 199(cap = 0.25)
16 -- 225(cap = 0.25)
17 -- 145(cap = 0.125)
17 -- 169(cap = 0.25)
17 -- 221(cap = 0.25)
17 -- 244(cap = 0.25)
18 -- 146(cap = 0.25)
18 -- 181(cap = 0.25)
18 -- 218(cap = 0.25)
18 -- 222(cap = 0.25)
19 -- 146(cap = 0.25)
19 -- 147(cap = 0.25)
19 -- 171(cap = 0.25)
19 -- 196(cap = 0.25)
20 -- 148(cap = 0.25)
20 -- 169(cap = 0.25)
20 -- 190(cap = 0.25)
20 -- 246(cap = 0.25)
21 -- 149(cap = 0.25)
21 -- 184(cap = 0.25)
21 -- 197(cap = 0.25)
21 -- 225(cap = 0.25)
22 -- 142(cap = 0.25)
22 -- 150(cap = 0.25)
22 -- 186(cap = 0.25)
22 -- 211(cap = 0.25)
23 -- 136(cap = 0.25)
23 -- 151(cap = 0.25)
23 -- 208(cap = 0.125)
23 -- 230(cap = 0.25)
24 -- 144(cap = 0.25)
24 -- 152(cap = 0.25)
24 -- 182(cap = 0.25)
24 -- 196(cap = 0.25)
25 -- 153(cap = 0.25)
25 -- 182(cap = 0.25)
25 -- 208(cap = 0.125)
25 -- 255(cap = 0.25)
26 -- 154(cap = 0.25)
26 -- 164(cap = 0.25)
26 -- 229(cap = 0.25)
26 -- 245(cap = 0.25)
27 -- 155(cap = 0.25)
27 -- 163(cap = 0.25)
27 -- 191(cap = 0.25)
27 -- 195(cap = 0.125)
28 -- 156(cap = 0.25)
28 -- 195(cap = 0.125)
28 -- 230(cap = 0.25)
28 -- 237(cap = 0.25)
29 -- 157(cap = 0.25)
29 -- 163(cap = 0.25)
29 -- 184(cap = 0.25)
29 -- 220(cap = 0.25)
30 -- 140(cap = 0.25)
30 -- 151(cap = 0.25)
30 -- 158(cap = 0.25)
30 -- 254(cap = 0.25)
31 -- 156(cap = 0.25)
31 -- 159(cap = 0.25)
31 -- 167(cap = 0.25)
31 -- 168(cap = 0.25)
32 -- 144(cap = 0.25)
32 -- 160(cap = 0.25)
32 -- 226(cap = 0.25)
32 -- 236(cap = 0.125)
33 -- 161(cap = 0.25)
33 -- 192(cap = 0.25)
33 -- 225(cap = 0.25)
33 -- 247(cap = 0.25)
34 -- 130(cap = 0.25)
34 -- 157(cap = 0.25)
34 -- 162(cap = 0.25)
34 -- 196(cap = 0.25)
35 -- 156(cap = 0.25)
35 -- 163(cap = 0.25)
35 -- 203(cap = 0.25)
35 -- 215(cap = 0.25)
36 -- 164(cap = 0.25)
36 -- 168(cap = 0.25)
36 -- 239(cap = 0.25)
36 -- 244(cap = 0.25)
37 -- 128(cap = 0.25)
37 -- 165(cap = 0.25)
37 -- 173(cap = 0.25)
37 -- 195(cap = 0.125)
38 -- 155(cap = 0.25)
38 -- 166(cap = 0.25)
38 -- 178(cap = 0.25)
38 -- 204(cap = 0.25)
39 -- 128(cap = 0.25)
39 -- 167(cap = 0.25)
39 -- 169(cap = 0.25)
39 -- 223(cap = 0.25)
40 -- 132(cap = 0.25)
40 -- 168(cap = 0.25)
40 -- 210(cap = 0.25)
40 -- 253(cap = 0.25)
41 -- 156(cap = 0.25)
41 -- 169(cap = 0.25)
41 -- 206(cap = 0.25)
41 -- 220(cap = 0.25)
42 -- 142(cap = 0.25)
42 -- 148(cap = 0.25)
42 -- 170(cap = 0.25)
42 -- 189(cap = 0.25)
43 -- 145(cap = 0.125)
43 -- 149(cap = 0.25)
43 -- 171(cap = 0.25)
43 -- 252(cap = 0.25)
44 -- 160(cap = 0.25)
44 -- 170(cap = 0.25)
44 -- 172(cap = 0.25)
44 -- 249(cap = 0.25)
45 -- 173(cap = 0.25)
45 -- 182(cap = 0.25)
45 -- 195(cap = 0.125)
45 -- 236(cap = 0.125)
46 -- 174(cap = 0.25)
46 -- 179(cap = 0.25)
46 -- 207(cap = 0.25)
46 -- 230(cap = 0.25)
47 -- 175(cap = 0.25)
47 -- 223(cap = 0.25)
47 -- 240(cap = 0.25)
47 -- 243(cap = 0.25)
48 -- 158(cap = 0.25)
48 -- 176(cap = 0.25)
48 -- 185(cap = 0.25)
48 -- 191(cap = 0.25)
49 -- 133(cap = 0.25)
49 -- 144(cap = 0.25)
49 -- 177(cap = 0.25)
49 -- 214(cap = 0.25)
50 -- 129(cap = 0.25)
50 -- 178(cap = 0.25)
50 -- 184(cap = 0.25)
50 -- 186(cap = 0.25)
51 -- 143(cap = 0.25)
51 -- 146(cap = 0.25)
51 -- 179(cap = 0.25)
51 -- 186(cap = 0.25)
52 -- 136(cap = 0.25)
52 -- 145(cap = 0.125)
52 -- 180(cap = 0.25)
52 -- 212(cap = 0.25)
53 -- 146(cap = 0.25)
53 -- 181(cap = 0.25)
53 -- 188(cap = 0.25)
53 -- 199(cap = 0.25)
54 -- 161(cap = 0.25)
54 -- 182(cap = 0.25)
54 -- 249(cap = 0.25)
54 -- 252(cap = 0.25)
55 -- 183(cap = 0.25)
55 -- 190(cap = 0.25)
55 -- 232(cap = 0.25)
55 -- 249(cap = 0.25)
56 -- 152(cap = 0.25)
56 -- 176(cap = 0.25)
56 -- 184(cap = 0.25)
56 -- 238(cap = 0.25)
57 -- 185(cap = 0.25)
57 -- 218(cap = 0.25)
57 -- 233(cap = 0.25)
57 -- 236(cap = 0.125)
58 -- 141(cap = 0.25)
58 -- 153(cap = 0.25)
58 -- 186(cap = 0.25)
58 -- 247(cap = 0.25)
59 -- 143(cap = 0.25)
59 -- 187(cap = 0.25)
59 -- 214(cap = 0.25)
59 -- 231(cap = 0.25)
60 -- 155(cap = 0.25)
60 -- 177(cap = 0.25)
60 -- 188(cap = 0.25)
60 -- 191(cap = 0.25)
61 -- 163(cap = 0.25)
61 -- 176(cap = 0.25)
61 -- 189(cap = 0.25)
61 -- 242(cap = 0.25)
62 -- 174(cap = 0.25)
62 -- 190(cap = 0.25)
62 -- 199(cap = 0.25)
62 -- 236(cap = 0.125)
63 -- 147(cap = 0.25)
63 -- 191(cap = 0.25)
63 -- 241(cap = 0.25)
63 -- 246(cap = 0.25)
64 -- 131(cap = 0.25)
64 -- 140(cap = 0.25)
64 -- 153(cap = 0.25)
64 -- 192(cap = 0.25)
65 -- 151(cap = 0.25)
65 -- 170(cap = 0.25)
65 -- 188(cap = 0.25)
65 -- 193(cap = 0.25)
66 -- 194(cap = 0.25)
66 -- 232(cap = 0.25)
66 -- 251(cap = 0.25)
66 -- 252(cap = 0.25)
67 -- 143(cap = 0.25)
67 -- 182(cap = 0.25)
67 -- 195(cap = 0.125)
67 -- 230(cap = 0.25)
68 -- 128(cap = 0.25)
68 -- 170(cap = 0.25)
68 -- 196(cap = 0.25)
68 -- 225(cap = 0.25)
69 -- 195(cap = 0.125)
69 -- 197(cap = 0.25)
69 -- 227(cap = 0.25)
69 -- 244(cap = 0.25)
70 -- 198(cap = 0.25)
70 -- 201(cap = 0.25)
70 -- 236(cap = 0.125)
70 -- 252(cap = 0.25)
71 -- 167(cap = 0.25)
71 -- 176(cap = 0.25)
71 -- 199(cap = 0.25)
71 -- 203(cap = 0.25)
72 -- 142(cap = 0.25)
72 -- 143(cap = 0.25)
72 -- 183(cap = 0.25)
72 -- 200(cap = 0.25)
73 -- 140(cap = 0.25)
73 -- 142(cap = 0.25)
73 -- 201(cap = 0.25)
73 -- 208(cap = 0.125)
74 -- 142(cap = 0.25)
74 -- 168(cap = 0.25)
74 -- 202(cap = 0.25)
74 -- 250(cap = 0.25)
75 -- 145(cap = 0.125)
75 -- 148(cap = 0.25)
75 -- 175(cap = 0.25)
75 -- 203(cap = 0.25)
76 -- 145(cap = 0.125)
76 -- 188(cap = 0.25)
76 -- 204(cap = 0.25)
76 -- 231(cap = 0.25)
77 -- 138(cap = 0.25)
77 -- 158(cap = 0.25)
77 -- 191(cap = 0.25)
77 -- 205(cap = 0.25)
78 -- 148(cap = 0.25)
78 -- 206(cap = 0.25)
78 -- 208(cap = 0.125)
78 -- 235(cap = 0.25)
79 -- 180(cap = 0.25)
79 -- 194(cap = 0.25)
79 -- 207(cap = 0.25)
79 -- 208(cap = 0.125)
80 -- 189(cap = 0.25)
80 -- 195(cap = 0.125)
80 -- 208(cap = 0.125)
80 -- 229(cap = 0.25)
81 -- 161(cap = 0.25)
81 -- 204(cap = 0.25)
81 -- 209(cap = 0.25)
81 -- 245(cap = 0.25)
82 -- 130(cap = 0.25)
82 -- 146(cap = 0.25)
82 -- 208(cap = 0.125)
82 -- 210(cap = 0.25)
83 -- 146(cap = 0.25)
83 -- 153(cap = 0.25)
83 -- 211(cap = 0.25)
83 -- 245(cap = 0.25)
84 -- 161(cap = 0.25)
84 -- 182(cap = 0.25)
84 -- 195(cap = 0.125)
84 -- 212(cap = 0.25)
85 -- 145(cap = 0.125)
85 -- 190(cap = 0.25)
85 -- 213(cap = 0.25)
85 -- 217(cap = 0.25)
86 -- 168(cap = 0.25)
86 -- 200(cap = 0.25)
86 -- 214(cap = 0.25)
86 -- 222(cap = 0.25)
87 -- 130(cap = 0.25)
87 -- 205(cap = 0.25)
87 -- 215(cap = 0.25)
87 -- 240(cap = 0.25)
88 -- 154(cap = 0.25)
88 -- 162(cap = 0.25)
88 -- 204(cap = 0.25)
88 -- 216(cap = 0.25)
89 -- 155(cap = 0.25)
89 -- 157(cap = 0.25)
89 -- 195(cap = 0.125)
89 -- 217(cap = 0.25)
90 -- 167(cap = 0.25)
90 -- 197(cap = 0.25)
90 -- 200(cap = 0.25)
90 -- 218(cap = 0.25)
91 -- 180(cap = 0.25)
91 -- 181(cap = 0.25)
91 -- 215(cap = 0.25)
91 -- 219(cap = 0.25)
92 -- 192(cap = 0.25)
92 -- 195(cap = 0.125)
92 -- 220(cap = 0.25)
92 -- 253(cap = 0.25)
93 -- 141(cap = 0.25)
93 -- 151(cap = 0.25)
93 -- 221(cap = 0.25)
93 -- 236(cap = 0.125)
94 -- 128(cap = 0.25)
94 -- 139(cap = 0.25)
94 -- 198(cap = 0.25)
94 -- 222(cap = 0.25)
95 -- 161(cap = 0.25)
95 -- 195(cap = 0.125)
95 -- 213(cap = 0.25)
95 -- 223(cap = 0.25)
96 -- 169(cap = 0.25)
96 -- 224(cap = 0.25)
96 -- 237(cap = 0.25)
96 -- 241(cap = 0.25)
97 -- 130(cap = 0.25)
97 -- 147(cap = 0.25)
97 -- 156(cap = 0.25)
97 -- 225(cap = 0.25)
98 -- 137(cap = 0.25)
98 -- 166(cap = 0.25)
98 -- 222(cap = 0.25)
98 -- 226(cap = 0.25)
99 -- 160(cap = 0.25)
99 -- 165(cap = 0.25)
99 -- 227(cap = 0.25)
99 -- 238(cap = 0.25)
100 -- 138(cap = 0.25)
100 -- 206(cap = 0.25)
100 -- 221(cap = 0.25)
100 -- 228(cap = 0.25)
101 -- 138(cap = 0.25)
101 -- 181(cap = 0.25)
101 -- 219(cap = 0.25)
101 -- 229(cap = 0.25)
102 -- 154(cap = 0.25)
102 -- 191(cap = 0.25)
102 -- 218(cap = 0.25)
102 -- 230(cap = 0.25)
103 -- 167(cap = 0.25)
103 -- 188(cap = 0.25)
103 -- 231(cap = 0.25)
103 -- 232(cap = 0.25)
104 -- 169(cap = 0.25)
104 -- 173(cap = 0.25)
104 -- 232(cap = 0.25)
104 -- 233(cap = 0.25)
105 -- 134(cap = 0.25)
105 -- 173(cap = 0.25)
105 -- 213(cap = 0.25)
105 -- 233(cap = 0.25)
106 -- 191(cap = 0.25)
106 -- 196(cap = 0.25)
106 -- 233(cap = 0.25)
106 -- 234(cap = 0.25)
107 -- 155(cap = 0.25)
107 -- 168(cap = 0.25)
107 -- 225(cap = 0.25)
107 -- 235(cap = 0.25)
108 -- 137(cap = 0.25)
108 -- 184(cap = 0.25)
108 -- 236(cap = 0.125)
108 -- 248(cap = 0.25)
109 -- 179(cap = 0.25)
109 -- 217(cap = 0.25)
109 -- 237(cap = 0.25)
109 -- 245(cap = 0.25)
110 -- 185(cap = 0.25)
110 -- 186(cap = 0.25)
110 -- 206(cap = 0.25)
110 -- 238(cap = 0.25)
111 -- 134(cap = 0.25)
111 -- 177(cap = 0.25)
111 -- 230(cap = 0.25)
111 -- 239(cap = 0.25)
112 -- 145(cap = 0.125)
112 -- 199(cap = 0.25)
112 -- 212(cap = 0.25)
112 -- 240(cap = 0.25)
113 -- 199(cap = 0.25)
113 -- 217(cap = 0.25)
113 -- 230(cap = 0.25)
113 -- 241(cap = 0.25)
114 -- 135(cap = 0.25)
114 -- 157(cap = 0.25)
114 -- 212(cap = 0.25)
114 -- 242(cap = 0.25)
115 -- 173(cap = 0.25)
115 -- 194(cap = 0.25)
115 -- 195(cap = 0.125)
115 -- 243(cap = 0.25)
116 -- 137(cap = 0.25)
116 -- 155(cap = 0.25)
116 -- 239(cap = 0.25)
116 -- 244(cap = 0.25)
117 -- 208(cap = 0.125)
117 -- 216(cap = 0.25)
117 -- 239(cap = 0.25)
117 -- 245(cap = 0.25)
118 -- 157(cap = 0.25)
118 -- 176(cap = 0.25)
118 -- 226(cap = 0.25)
118 -- 246(cap = 0.25)
119 -- 139(cap = 0.25)
119 -- 193(cap = 0.25)
119 -- 239(cap = 0.25)
119 -- 247(cap = 0.25)
120 -- 128(cap = 0.25)
120 -- 178(cap = 0.25)
120 -- 221(cap = 0.25)
120 -- 248(cap = 0.25)
121 -- 145(cap = 0.125)
121 -- 212(cap = 0.25)
121 -- 238(cap = 0.25)
121 -- 249(cap = 0.25)
122 -- 159(cap = 0.25)
122 -- 204(cap = 0.25)
122 -- 208(cap = 0.125)
122 -- 250(cap = 0.25)
123 -- 207(cap = 0.25)
123 -- 211(cap = 0.25)
123 -- 232(cap = 0.25)
123 -- 251(cap = 0.25)
124 -- 160(cap = 0.25)
124 -- 203(cap = 0.25)
124 -- 231(cap = 0.25)
124 -- 252(cap = 0.25)
125 -- 177(cap = 0.25)
125 -- 225(cap = 0.25)
125 -- 235(cap = 0.25)
125 -- 253(cap = 0.25)
126 -- 172(cap = 0.25)
126 -- 205(cap = 0.25)
126 -- 231(cap = 0.25)
126 -- 254(cap = 0.25)
127 -- 128(cap = 0.25)
127 -- 201(cap = 0.25)
127 -- 205(cap = 0.25)
127 -- 255(cap = 0.25)
Start phase 1We enter robust matching: ...
IN ROBUST MATCHING TOO SMALL: 
-------------
IN MATCHING TOO SMALL: 
-------------
CALCULATED MU IS: 128
NEW MU is: 128
IN MATCHING OR CUT: 
-------------
FLOW CALCULATED IS: 99.375 ----------- 
THRESHOLD IS: 89.6 ----------- 
Start phase 2We enter robust matching: ...
IN ROBUST MATCHING TOO SMALL: 
-------------
IN MATCHING TOO SMALL: 
-------------
CALCULATED MU IS: 128
NEW MU is: 128
IN MATCHING OR CUT: 
-------------
FLOW CALCULATED IS: 90.625 ----------- 
THRESHOLD IS: 89.6 ----------- 
Start phase 3We enter robust matching: ...
IN ROBUST MATCHING TOO SMALL: 
-------------
IN MATCHING TOO SMALL: 
-------------
CALCULATED MU IS: 128
NEW MU is: 128
IN MATCHING OR CUT: 
-------------
FLOW CALCULATED IS: 79.5 ----------- 
THRESHOLD IS: 89.6 ----------- 
Fn = 514
SL creation: 
0 1 2 4 5 6 7 8 9 10 11 12 13 14 15 16 17 18 19 20 21 22 23 24 25 26 27 28 29 31 32 33 34 35 36 37 38 39 40 41 42 43 45 46 47 48 49 50 51 52 53 54 56 57 58 60 61 62 63 65 66 67 68 69 70 71 73 74 75 76 78 79 80 81 82 83 84 85 86 87 88 89 90 91 92 93 94 95 96 97 98 99 100 102 103 104 105 106 107 108 109 110 111 112 113 114 115 116 117 118 119 120 121 122 125 126 127 
SR creation: 
128 148 154 155 156 157 169 184 199 225 230 
flow is: -1
NEW MU is: 128
IN MATCHING OR CUT: 
-------------
FLOW CALCULATED IS: 107.5 ----------- 
THRESHOLD IS: 89.6 ----------- 
Start phase 4We enter robust matching: ...
IN ROBUST MATCHING TOO SMALL: 
-------------
IN MATCHING TOO SMALL: 
-------------
CALCULATED MU IS: 128
NEW MU is: 128
IN MATCHING OR CUT: 
-------------
FLOW CALCULATED IS: 100.75 ----------- 
THRESHOLD IS: 89.6 ----------- 
Start phase 5We enter robust matching: ...
IN ROBUST MATCHING TOO SMALL: 
-------------
IN MATCHING TOO SMALL: 
-------------
CALCULATED MU IS: 128
NEW MU is: 128
IN MATCHING OR CUT: 
-------------
FLOW CALCULATED IS: 92.75 ----------- 
THRESHOLD IS: 89.6 ----------- 
Start phase 6We enter robust matching: ...
IN ROBUST MATCHING TOO SMALL: 
-------------
IN MATCHING TOO SMALL: 
-------------
CALCULATED MU IS: 128
NEW MU is: 128
IN MATCHING OR CUT: 
-------------
FLOW CALCULATED IS: 86 ----------- 
THRESHOLD IS: 89.6 ----------- 
Fn = 514
SL creation: 
0 1 2 3 4 6 7 8 9 11 12 14 15 17 18 20 22 23 24 25 26 27 28 29 30 31 32 33 34 35 36 37 38 39 41 42 43 44 45 46 47 48 49 50 51 52 53 54 55 56 57 59 60 61 62 63 64 65 67 68 70 71 72 73 75 76 77 78 80 82 83 84 85 86 87 88 89 90 93 94 95 96 97 99 101 102 103 105 106 107 108 109 110 111 112 113 115 117 119 120 121 122 123 124 
SR creation: 
136 145 146 151 155 156 160 161 163 167 168 170 178 182 185 186 190 191 199 214 222 223 230 237 249 
flow is: -1
NEW MU is: 128
IN MATCHING OR CUT: 
-------------
FLOW CALCULATED IS: 96.75 ----------- 
THRESHOLD IS: 89.6 ----------- 
Start phase 7We enter robust matching: ...
IN ROBUST MATCHING TOO SMALL: 
-------------
IN MATCHING TOO SMALL: 
-------------
CALCULATED MU IS: 128
NEW MU is: 128
IN MATCHING OR CUT: 
-------------
FLOW CALCULATED IS: 90.75 ----------- 
THRESHOLD IS: 89.6 ----------- 
Start phase 8We enter robust matching: ...
IN ROBUST MATCHING TOO SMALL: 
-------------
IN MATCHING TOO SMALL: 
-------------
CALCULATED MU IS: 128
NEW MU is: 128
IN MATCHING OR CUT: 
-------------
FLOW CALCULATED IS: 82.5 ----------- 
THRESHOLD IS: 89.6 ----------- 
Fn = 514
SL creation: 
0 1 2 4 5 7 8 10 11 12 13 14 16 17 18 20 21 22 23 24 25 27 28 29 32 34 35 36 37 38 39 40 41 43 44 45 46 47 48 50 52 55 56 58 61 63 64 67 69 70 71 72 73 74 75 76 77 79 82 83 87 89 90 91 92 93 95 96 97 100 101 103 104 105 106 107 109 111 112 113 114 115 117 118 119 121 122 123 124 125 127 
SR creation: 
145 153 163 169 173 176 177 194 196 197 198 201 203 217 219 220 221 237 239 245 250 253 
flow is: -1
NEW MU is: 128
IN MATCHING OR CUT: 
-------------
FLOW CALCULATED IS: 90.25 ----------- 
THRESHOLD IS: 89.6 ----------- 
Start phase 9We enter robust matching: ...
IN ROBUST MATCHING TOO SMALL: 
-------------
IN MATCHING TOO SMALL: 
-------------
CALCULATED MU IS: 128
NEW MU is: 128
IN MATCHING OR CUT: 
-------------
FLOW CALCULATED IS: 84.75 ----------- 
THRESHOLD IS: 89.6 ----------- 
Fn = 514
SL creation: 
0 1 4 5 8 11 12 13 14 15 16 17 18 20 23 24 25 27 28 29 32 33 34 35 37 38 39 41 43 44 45 46 47 48 50 52 53 54 56 57 58 59 60 61 63 64 67 70 71 72 74 75 76 81 82 83 84 87 89 93 94 95 96 97 100 104 105 106 107 109 111 112 114 119 120 121 122 123 124 125 
SR creation: 
136 142 145 153 156 161 163 169 173 176 177 178 182 184 185 187 188 191 196 198 199 203 212 221 222 233 235 237 245 249 250 
flow is: -1
NEW MU is: 128
IN MATCHING OR CUT: 
-------------
FLOW CALCULATED IS: 88 ----------- 
THRESHOLD IS: 89.6 ----------- 
Fn = 514
SL creation: 
0 1 4 8 11 12 13 14 16 17 18 20 23 24 25 27 28 29 32 33 34 35 37 38 39 41 43 44 45 46 47 48 50 52 54 56 57 58 61 64 70 71 72 74 75 76 82 83 87 89 93 94 95 96 97 100 104 105 106 107 109 112 119 120 121 122 123 
SR creation: 
128 136 142 145 153 155 156 161 163 169 173 176 178 182 184 185 196 198 203 221 222 233 237 245 249 250 
flow is: -1
NEW MU is: 128
IN MATCHING OR CUT: 
-------------
FLOW CALCULATED IS: 88 ----------- 
THRESHOLD IS: 89.6 ----------- 
Fn = 514
SL creation: 
0 1 4 8 11 12 13 14 16 17 18 20 23 24 25 27 28 29 32 33 34 35 37 38 39 41 43 44 45 46 47 48 50 52 54 56 57 58 61 64 70 71 72 74 75 76 82 83 87 89 93 94 95 96 97 100 104 105 106 107 109 112 119 120 121 122 123 
SR creation: 
128 136 142 145 153 155 156 161 163 169 173 176 178 182 184 185 196 198 199 203 221 222 233 237 245 249 250 
Start phase 10We enter robust matching: ...
IN ROBUST MATCHING TOO SMALL: 
-------------
IN MATCHING TOO SMALL: 
-------------
CALCULATED MU IS: 128
NEW MU is: 128
IN MATCHING OR CUT: 
-------------
FLOW CALCULATED IS: 82 ----------- 
THRESHOLD IS: 89.6 ----------- 
Fn = 514
SL creation: 
0 1 3 4 8 11 12 13 14 15 16 17 18 20 21 23 24 25 27 28 29 32 33 34 35 37 38 39 41 43 44 45 46 47 48 50 52 54 56 57 58 59 61 64 68 70 71 72 75 76 79 82 83 85 87 89 90 93 94 95 96 97 100 104 105 106 107 109 112 115 116 119 120 121 123 
SR creation: 
128 136 155 156 161 163 169 173 176 182 184 185 187 194 196 197 198 199 221 222 233 237 245 
flow is: -1
NEW MU is: 128
IN MATCHING OR CUT: 
-------------
FLOW CALCULATED IS: 85 ----------- 
THRESHOLD IS: 89.6 ----------- 
Fn = 514
SL creation: 
0 1 4 8 9 11 12 14 15 16 17 18 20 21 23 24 27 28 29 32 33 34 35 37 38 39 41 43 44 45 46 47 48 50 52 56 57 58 59 61 64 70 71 72 75 76 79 82 83 87 89 90 93 95 96 97 98 100 104 105 106 107 109 112 115 116 119 121 123 
SR creation: 
136 137 145 153 155 156 161 163 169 173 176 184 185 187 194 196 197 198 199 214 221 222 233 237 245 
flow is: -1
NEW MU is: 128
IN MATCHING OR CUT: 
-------------
FLOW CALCULATED IS: 86 ----------- 
THRESHOLD IS: 89.6 ----------- 
Fn = 514
SL creation: 
0 1 4 8 11 12 14 16 17 20 21 23 24 27 28 29 32 33 34 35 37 38 39 41 43 44 45 46 47 48 50 52 56 57 58 61 64 70 71 72 75 76 79 82 83 87 89 90 93 95 96 97 100 104 105 106 107 109 112 115 119 121 123 
SR creation: 
136 145 153 155 156 161 163 169 173 176 184 185 194 196 197 198 199 221 233 237 245 
flow is: -1
NEW MU is: 128
IN MATCHING OR CUT: 
-------------
FLOW CALCULATED IS: 86 ----------- 
THRESHOLD IS: 89.6 ----------- 
Fn = 514
SL creation: 
0 1 4 8 11 12 14 16 17 20 21 23 24 27 28 29 32 33 34 35 37 38 39 41 43 44 45 46 47 48 50 52 56 57 58 61 64 70 71 72 75 76 79 82 83 87 89 90 93 95 96 97 100 104 105 106 107 109 112 115 119 121 123 
SR creation: 
136 145 153 155 156 161 163 169 173 176 184 185 194 196 197 198 199 221 233 237 245 
Start phase 11We enter robust matching: ...
IN ROBUST MATCHING TOO SMALL: 
-------------
IN MATCHING TOO SMALL: 
-------------
CALCULATED MU IS: 128
NEW MU is: 128
IN MATCHING OR CUT: 
-------------
FLOW CALCULATED IS: 80 ----------- 
THRESHOLD IS: 89.6 ----------- 
Fn = 514
SL creation: 
0 1 2 4 8 11 12 14 16 17 20 21 23 24 27 28 29 32 33 34 35 37 38 39 41 43 44 45 46 47 48 50 52 56 58 61 63 64 68 69 71 72 75 76 77 79 82 83 87 90 93 95 96 97 100 105 106 107 109 110 112 115 119 121 123 124 
SR creation: 
136 145 153 156 161 169 176 184 191 194 196 197 199 221 237 245 
flow is: -1
NEW MU is: 128
IN MATCHING OR CUT: 
-------------
FLOW CALCULATED IS: 80.5 ----------- 
THRESHOLD IS: 89.6 ----------- 
Fn = 514
SL creation: 
0 1 2 4 8 11 12 14 16 17 20 21 23 24 27 28 29 32 33 34 35 37 38 39 41 43 44 45 46 47 48 50 52 56 57 58 61 63 64 68 71 72 75 76 77 79 82 83 87 90 93 95 96 97 100 104 105 106 107 109 110 112 115 119 121 123 124 
SR creation: 
136 145 153 156 161 163 169 176 184 185 191 194 196 197 199 221 233 237 245 
flow is: -1
NEW MU is: 128
IN MATCHING OR CUT: 
-------------
FLOW CALCULATED IS: 81 ----------- 
THRESHOLD IS: 89.6 ----------- 
Fn = 514
SL creation: 
0 1 2 4 8 11 12 14 16 17 20 21 23 24 27 28 29 32 33 34 35 37 38 39 41 43 44 45 46 47 48 50 52 56 58 61 63 64 68 71 72 75 76 77 79 82 83 87 90 93 95 96 97 100 105 106 107 109 112 115 119 121 123 124 
SR creation: 
136 145 153 156 161 163 169 176 184 191 194 196 197 199 221 237 245 
flow is: -1
NEW MU is: 128
IN MATCHING OR CUT: 
-------------
FLOW CALCULATED IS: 81 ----------- 
THRESHOLD IS: 89.6 ----------- 
Fn = 514
SL creation: 
0 1 2 4 8 11 12 14 16 17 20 21 23 24 27 28 29 32 33 34 35 37 38 39 41 43 44 45 46 47 48 50 52 56 58 61 63 64 68 71 72 75 76 77 79 82 83 87 90 93 95 96 97 100 105 106 107 109 112 115 119 121 123 124 
SR creation: 
136 145 153 156 161 163 169 176 184 191 194 196 197 199 221 237 245 
Start phase 12We enter robust matching: ...
IN ROBUST MATCHING TOO SMALL: 
-------------
IN MATCHING TOO SMALL: 
-------------
CALCULATED MU IS: 128
NEW MU is: 128
IN MATCHING OR CUT: 
-------------
FLOW CALCULATED IS: 72.5 ----------- 
THRESHOLD IS: 89.6 ----------- 
Fn = 514
SL creation: 
0 1 2 4 7 8 11 12 14 16 17 19 20 21 23 24 25 26 27 28 29 32 33 34 35 37 38 39 41 42 43 44 45 46 47 48 50 52 56 58 61 63 64 68 71 72 75 76 77 79 80 82 83 84 87 88 89 90 93 95 96 97 100 105 106 107 109 112 114 115 116 119 121 123 124 126 127 
SR creation: 
145 153 155 156 161 163 169 176 182 184 189 191 194 196 199 212 221 237 245 
flow is: -1
NEW MU is: 128
IN MATCHING OR CUT: 
-------------
FLOW CALCULATED IS: 75 ----------- 
THRESHOLD IS: 89.6 ----------- 
Fn = 514
SL creation: 
0 1 2 4 7 8 11 12 14 16 17 20 23 24 25 26 27 28 29 32 33 34 35 37 38 39 41 43 44 45 46 47 48 50 52 56 58 61 63 64 68 71 72 75 76 77 79 82 83 84 87 89 90 93 95 96 97 100 105 106 107 109 112 114 115 116 119 121 123 124 127 
SR creation: 
145 153 155 156 161 163 169 176 182 184 191 194 196 199 212 221 237 245 
flow is: -1
NEW MU is: 128
IN MATCHING OR CUT: 
-------------
FLOW CALCULATED IS: 75 ----------- 
THRESHOLD IS: 89.6 ----------- 
Fn = 514
SL creation: 
0 1 2 4 7 8 11 12 14 16 17 20 23 24 25 26 27 28 29 32 33 34 35 37 38 39 41 43 44 45 46 47 48 50 52 56 58 61 63 64 68 71 72 75 76 77 79 82 83 84 87 89 90 93 95 96 97 100 105 106 107 109 112 114 115 116 119 121 123 124 127 
SR creation: 
145 153 155 156 161 163 169 176 182 184 191 194 196 199 212 221 237 245 
Start phase 13We enter robust matching: ...
IN ROBUST MATCHING TOO SMALL: 
-------------
IN MATCHING TOO SMALL: 
-------------
CALCULATED MU IS: 128
NEW MU is: 128
IN MATCHING OR CUT: 
-------------
FLOW CALCULATED IS: 71 ----------- 
THRESHOLD IS: 89.6 ----------- 
Fn = 514
SL creation: 
0 1 2 4 7 8 10 11 12 14 16 17 19 20 23 25 26 27 28 29 30 32 33 34 35 37 38 39 41 43 44 45 46 47 48 50 52 58 61 63 64 68 69 72 75 76 77 79 82 83 84 87 89 90 91 93 95 96 97 100 105 106 107 109 114 115 116 119 121 123 124 127 
SR creation: 
153 155 156 161 163 169 182 191 194 212 237 245 
flow is: -1
NEW MU is: 128
IN MATCHING OR CUT: 
-------------
FLOW CALCULATED IS: 73 ----------- 
THRESHOLD IS: 89.6 ----------- 
Fn = 514
SL creation: 
0 1 2 4 7 8 11 12 14 16 17 19 20 23 25 26 27 28 29 32 33 34 35 37 38 39 41 43 44 45 46 47 48 50 52 58 61 63 64 68 69 72 75 76 77 79 82 83 84 87 89 90 93 95 96 97 105 106 107 109 114 115 116 119 121 123 124 127 
SR creation: 
145 153 155 156 161 163 169 182 191 194 212 237 245 
flow is: -1
NEW MU is: 128
IN MATCHING OR CUT: 
-------------
FLOW CALCULATED IS: 73 ----------- 
THRESHOLD IS: 89.6 ----------- 
Fn = 514
SL creation: 
0 1 2 4 7 8 11 12 14 16 17 19 20 23 25 26 27 28 29 32 33 34 35 37 38 39 41 43 44 45 46 47 48 50 52 58 61 63 64 68 69 72 75 76 77 79 82 83 84 87 89 90 93 95 96 97 105 106 107 109 114 115 116 119 121 123 124 127 
SR creation: 
145 153 155 156 161 163 169 182 191 194 212 237 245 
Start phase 14We enter robust matching: ...
IN ROBUST MATCHING TOO SMALL: 
-------------
IN MATCHING TOO SMALL: 
-------------
CALCULATED MU IS: 128
NEW MU is: 128
IN MATCHING OR CUT: 
-------------
FLOW CALCULATED IS: 64 ----------- 
THRESHOLD IS: 89.6 ----------- 
Fn = 514
SL creation: 
0 1 2 4 7 8 11 12 14 16 17 19 20 23 25 26 28 29 32 33 34 35 37 38 39 41 43 44 45 46 47 48 50 52 54 57 58 61 62 63 64 66 68 69 70 72 75 76 77 79 81 82 83 84 87 89 90 93 95 96 97 105 106 107 109 111 112 114 115 116 117 119 121 123 124 127 
SR creation: 
145 153 155 156 182 191 194 212 237 245 
flow is: -1
NEW MU is: 128
IN MATCHING OR CUT: 
-------------
FLOW CALCULATED IS: 65 ----------- 
THRESHOLD IS: 89.6 ----------- 
Fn = 514
SL creation: 
0 1 2 4 7 8 11 12 14 16 17 19 20 23 25 26 28 29 32 33 34 35 37 38 39 41 43 44 45 46 47 48 50 52 54 57 58 61 62 63 64 68 69 70 72 75 76 77 79 82 83 84 87 89 90 93 95 96 97 105 106 107 109 111 112 114 115 116 117 119 121 123 124 127 
SR creation: 
145 153 155 156 169 182 191 194 212 237 245 
flow is: -1
NEW MU is: 128
IN MATCHING OR CUT: 
-------------
FLOW CALCULATED IS: 65 ----------- 
THRESHOLD IS: 89.6 ----------- 
Fn = 514
SL creation: 
0 1 2 4 7 8 11 12 14 16 17 19 20 23 25 26 28 29 32 33 34 35 37 38 39 41 43 44 45 46 47 48 50 52 54 57 58 61 62 63 64 68 69 70 72 75 76 77 79 82 83 84 87 89 90 93 95 96 97 105 106 107 109 111 112 114 115 116 117 119 121 123 124 127 
SR creation: 
145 153 155 156 169 182 191 194 212 237 245 
Start phase 15We enter robust matching: ...
IN ROBUST MATCHING TOO SMALL: 
-------------
IN MATCHING TOO SMALL: 
-------------
CALCULATED MU IS: 128
NEW MU is: 128
IN MATCHING OR CUT: 
-------------
FLOW CALCULATED IS: 58.25 ----------- 
THRESHOLD IS: 89.6 ----------- 
Fn = 514
SL creation: 
0 1 2 4 7 8 11 12 14 16 17 19 20 23 25 26 28 29 32 33 34 35 37 38 39 40 41 43 44 45 46 47 48 50 52 54 57 61 62 63 64 67 68 69 70 72 75 76 77 78 79 82 83 84 85 87 89 90 92 93 95 96 97 102 105 106 107 109 111 112 114 115 116 117 119 121 123 124 127 
SR creation: 
155 156 169 182 191 194 212 245 
flow is: -1
NEW MU is: 128
IN MATCHING OR CUT: 
-------------
FLOW CALCULATED IS: 59.5 ----------- 
THRESHOLD IS: 89.6 ----------- 
Fn = 514
SL creation: 
0 1 2 4 7 8 11 12 14 16 17 19 20 23 25 26 29 32 33 34 35 37 38 39 40 41 43 44 45 46 47 48 50 52 54 57 61 62 63 64 67 68 69 70 72 75 76 77 79 82 83 84 85 87 89 90 92 93 95 96 97 102 105 106 107 109 111 112 114 115 116 117 119 121 123 124 127 
SR creation: 
155 169 182 191 194 212 245 
flow is: -1
NEW MU is: 128
IN MATCHING OR CUT: 
-------------
FLOW CALCULATED IS: 60 ----------- 
THRESHOLD IS: 89.6 ----------- 
Fn = 514
SL creation: 
0 1 2 4 7 8 11 12 14 16 17 19 20 23 25 26 29 32 33 34 35 37 38 39 40 41 43 44 45 46 47 48 50 52 54 57 61 62 63 64 67 68 69 70 72 75 76 77 79 82 83 84 85 87 89 90 92 93 95 96 97 105 106 107 109 111 112 114 115 116 117 119 121 123 124 127 
SR creation: 
155 156 169 182 191 194 212 245 
flow is: -1
NEW MU is: 128
IN MATCHING OR CUT: 
-------------
FLOW CALCULATED IS: 60 ----------- 
THRESHOLD IS: 89.6 ----------- 
Fn = 514
SL creation: 
0 1 2 4 7 8 11 12 14 16 17 19 20 23 25 26 29 32 33 34 35 37 38 39 40 41 43 44 45 46 47 48 50 52 54 57 61 62 63 64 67 68 69 70 72 75 76 77 79 82 83 84 85 87 89 90 92 93 95 96 97 105 106 107 109 111 112 114 115 116 117 119 121 123 124 127 
SR creation: 
155 156 169 182 191 194 212 245 
Start phase 16We enter robust matching: ...
IN ROBUST MATCHING TOO SMALL: 
-------------
IN MATCHING TOO SMALL: 
-------------
CALCULATED MU IS: 128
NEW MU is: 128
IN MATCHING OR CUT: 
-------------
FLOW CALCULATED IS: 51 ----------- 
THRESHOLD IS: 89.6 ----------- 
Fn = 514
SL creation: 
0 1 2 4 6 7 8 11 12 13 14 15 16 17 19 20 22 23 26 29 32 33 34 35 37 38 39 40 41 43 44 45 46 47 48 50 52 54 57 61 62 63 64 66 67 68 69 70 71 72 75 76 77 79 82 83 85 87 90 92 93 95 96 97 99 102 105 106 107 109 110 111 112 114 115 116 117 119 121 123 124 127 
SR creation: 
156 169 191 194 245 
flow is: -1
NEW MU is: 128
IN MATCHING OR CUT: 
-------------
FLOW CALCULATED IS: 51 ----------- 
THRESHOLD IS: 89.6 ----------- 
Fn = 514
SL creation: 
0 1 2 4 6 7 8 11 12 13 14 15 16 17 19 20 22 23 26 29 32 33 34 35 37 38 39 40 41 43 44 45 46 47 48 50 52 54 57 61 62 63 64 66 67 68 69 70 71 72 75 76 77 79 82 83 85 87 90 92 93 95 96 97 99 102 105 106 107 109 110 111 112 114 115 116 117 119 121 123 124 127 
SR creation: 
156 169 191 194 245 
Start phase 17We enter robust matching: ...
IN ROBUST MATCHING TOO SMALL: 
-------------
IN MATCHING TOO SMALL: 
-------------
CALCULATED MU IS: 128
NEW MU is: 128
IN MATCHING OR CUT: 
-------------
FLOW CALCULATED IS: 39.5 ----------- 
THRESHOLD IS: 89.6 ----------- 
Fn = 514
SL creation: 
0 1 2 4 6 7 8 11 12 13 14 15 16 17 19 20 22 23 24 26 29 32 33 34 35 37 38 39 40 43 44 45 46 47 48 49 50 51 52 54 57 61 62 63 64 66 67 68 69 70 71 72 73 75 76 77 79 80 82 83 85 87 88 89 90 91 92 93 95 96 97 99 102 105 106 107 109 110 111 112 114 115 116 117 118 119 120 121 123 124 126 127 
SR creation: 
169 194 245 
flow is: -1
NEW MU is: 128
IN MATCHING OR CUT: 
-------------
FLOW CALCULATED IS: 40 ----------- 
THRESHOLD IS: 89.6 ----------- 
Fn = 514
SL creation: 
0 1 2 4 6 7 8 11 12 13 14 15 16 17 19 20 22 23 24 26 29 32 33 34 35 37 38 39 40 43 44 45 46 47 48 49 50 51 52 54 57 61 62 63 64 66 67 68 69 70 71 72 73 75 76 79 80 82 83 85 87 88 89 90 91 92 93 95 96 97 99 102 105 106 107 109 110 111 112 114 115 116 117 118 119 120 121 123 124 126 127 
SR creation: 
169 194 245 
flow is: -1
NEW MU is: 128
IN MATCHING OR CUT: 
-------------
FLOW CALCULATED IS: 40 ----------- 
THRESHOLD IS: 89.6 ----------- 
Fn = 514
SL creation: 
0 1 2 4 6 7 8 11 12 13 14 15 16 17 19 20 22 23 24 26 29 32 33 34 35 37 38 39 40 43 44 45 46 47 48 49 50 51 52 54 57 61 62 63 64 66 67 68 69 70 71 72 73 75 76 79 80 82 83 85 87 88 89 90 91 92 93 95 96 97 99 102 105 106 107 109 110 111 112 114 115 116 117 118 119 120 121 123 124 126 127 
SR creation: 
169 194 245 
Start phase 18We enter robust matching: ...
IN ROBUST MATCHING TOO SMALL: 
-------------
IN MATCHING TOO SMALL: 
-------------
CALCULATED MU IS: 128
NEW MU is: 128
IN MATCHING OR CUT: 
-------------
FLOW CALCULATED IS: 27.25 ----------- 
THRESHOLD IS: 89.6 ----------- 
Fn = 514
SL creation: 
0 1 2 3 4 5 6 7 8 9 11 12 13 14 15 16 17 18 19 20 22 23 24 25 26 29 31 32 33 34 35 37 38 39 40 43 44 45 46 47 48 49 50 51 52 53 54 57 58 61 62 63 64 66 67 68 69 70 71 72 73 75 76 78 79 80 82 83 85 87 88 89 90 91 92 93 95 96 97 98 99 102 103 105 106 107 108 109 110 111 112 113 114 115 116 117 118 119 120 121 123 124 126 127 
SR creation: 
169 194 245 
flow is: -1
NEW MU is: 128
IN MATCHING OR CUT: 
-------------
FLOW CALCULATED IS: 27.5 ----------- 
THRESHOLD IS: 89.6 ----------- 
Fn = 514
SL creation: 
0 1 2 3 4 5 6 7 8 9 11 12 13 14 15 16 17 18 19 20 22 23 24 25 26 29 31 32 33 34 35 37 38 39 40 43 44 45 46 47 48 49 50 51 52 53 54 57 58 61 62 63 64 66 67 68 69 70 71 72 73 75 76 78 79 80 82 83 85 87 88 89 90 91 92 93 95 96 97 98 99 102 103 105 106 107 108 109 110 111 112 113 114 115 116 117 118 119 120 121 123 124 126 127 
SR creation: 
169 194 245 
flow is: -1
NEW MU is: 128
IN MATCHING OR CUT: 
-------------
FLOW CALCULATED IS: 28 ----------- 
THRESHOLD IS: 89.6 ----------- 
Fn = 514
SL creation: 
0 1 2 3 4 5 6 7 8 9 11 12 13 14 15 16 17 18 19 20 22 23 24 25 26 29 31 32 33 34 35 37 38 39 40 43 44 45 46 47 48 49 50 51 52 54 57 58 61 62 63 64 66 67 68 69 70 71 72 73 75 76 78 79 80 82 83 85 87 88 89 90 91 92 93 95 96 97 98 99 102 103 105 106 107 108 109 110 111 112 113 114 115 116 117 118 119 120 121 123 124 126 127 
SR creation: 
169 194 245 
flow is: -1
NEW MU is: 128
IN MATCHING OR CUT: 
-------------
FLOW CALCULATED IS: 28 ----------- 
THRESHOLD IS: 89.6 ----------- 
Fn = 514
SL creation: 
0 1 2 3 4 5 6 7 8 9 11 12 13 14 15 16 17 18 19 20 22 23 24 25 26 29 31 32 33 34 35 37 38 39 40 43 44 45 46 47 48 49 50 51 52 54 57 58 61 62 63 64 66 67 68 69 70 71 72 73 75 76 78 79 80 82 83 85 87 88 89 90 91 92 93 95 96 97 98 99 102 103 105 106 107 108 109 110 111 112 113 114 115 116 117 118 119 120 121 123 124 126 127 
SR creation: 
169 194 245 
Start phase 19We enter robust matching: ...
IN ROBUST MATCHING TOO SMALL: 
-------------
IN MATCHING TOO SMALL: 
-------------
CALCULATED MU IS: 128
NEW MU is: 128
IN MATCHING OR CUT: 
-------------
FLOW CALCULATED IS: 19 ----------- 
THRESHOLD IS: 89.6 ----------- 
Fn = 514
SL creation: 
0 1 2 3 4 5 6 7 8 9 10 11 12 13 14 15 16 17 18 19 20 22 23 24 25 26 28 29 30 31 32 33 34 35 36 37 38 39 40 42 43 44 45 46 47 48 49 50 51 52 54 57 58 61 62 63 64 65 66 67 68 69 70 71 72 73 75 76 78 79 80 81 82 84 85 87 88 89 90 91 92 93 95 96 97 98 99 102 103 104 105 106 107 108 109 110 111 112 113 114 116 117 118 119 120 121 123 124 126 127 
SR creation: 

flow is: -1
NEW MU is: 128
IN MATCHING OR CUT: 
-------------
FLOW CALCULATED IS: 20 ----------- 
THRESHOLD IS: 89.6 ----------- 
Fn = 514
SL creation: 
0 1 2 3 4 5 6 7 8 9 10 11 12 13 14 15 16 17 18 19 20 22 23 24 25 26 28 29 30 31 32 33 34 35 36 37 38 39 40 42 43 44 45 46 47 48 49 50 51 52 54 57 58 61 62 63 64 66 67 68 69 70 71 72 73 75 76 78 79 80 81 82 85 87 88 89 90 91 92 93 95 96 97 98 99 102 103 104 105 106 107 108 109 110 111 112 113 114 116 117 118 119 120 121 123 124 126 127 
SR creation: 

flow is: -1
NEW MU is: 128
IN MATCHING OR CUT: 
-------------
FLOW CALCULATED IS: 20 ----------- 
THRESHOLD IS: 89.6 ----------- 
Fn = 514
SL creation: 
0 1 2 3 4 5 6 7 8 9 10 11 12 13 14 15 16 17 18 19 20 22 23 24 25 26 28 29 30 31 32 33 34 35 36 37 38 39 40 42 43 44 45 46 47 48 49 50 51 52 54 57 58 61 62 63 64 66 67 68 69 70 71 72 73 75 76 78 79 80 81 82 85 87 88 89 90 91 92 93 95 96 97 98 99 102 103 104 105 106 107 108 109 110 111 112 113 114 116 117 118 119 120 121 123 124 126 127 
SR creation: 

Start phase 20We enter robust matching: ...
IN ROBUST MATCHING TOO SMALL: 
-------------
IN MATCHING TOO SMALL: 
-------------
CALCULATED MU IS: 128
NEW MU is: 128
IN MATCHING OR CUT: 
-------------
FLOW CALCULATED IS: 7 ----------- 
THRESHOLD IS: 89.6 ----------- 
Fn = 514
SL creation: 
0 1 2 3 4 5 6 7 8 9 10 11 12 13 14 15 16 17 18 19 20 21 22 23 24 25 26 27 28 29 30 31 32 33 34 35 36 37 38 39 40 42 43 44 45 46 47 48 49 50 51 52 54 56 57 58 59 60 61 62 63 64 65 66 67 68 69 70 71 72 73 75 76 78 79 80 81 82 84 85 86 87 88 89 90 91 92 93 94 95 96 97 98 99 101 102 103 104 105 106 107 108 109 110 111 112 113 114 115 116 117 118 119 120 121 122 123 124 125 126 127 
SR creation: 

flow is: -1
NEW MU is: 128
IN MATCHING OR CUT: 
-------------
FLOW CALCULATED IS: 7 ----------- 
THRESHOLD IS: 89.6 ----------- 
Fn = 514
SL creation: 
0 1 2 3 4 5 6 7 8 9 10 11 12 13 14 15 16 17 18 19 20 21 22 23 24 25 26 27 28 29 30 31 32 33 34 35 36 37 38 39 40 42 43 44 45 46 47 48 49 50 51 52 54 56 57 58 59 60 61 62 63 64 65 66 67 68 69 70 71 72 73 75 76 78 79 80 81 82 84 85 86 87 88 89 90 91 92 93 94 95 96 97 98 99 101 102 103 104 105 106 107 108 109 110 111 112 113 114 115 116 117 118 119 120 121 122 123 124 125 126 127 
SR creation: 

