This is before phase start just initial data:
The maximum matching found is: 128

 << Start phase 0 initial run 
 ------------- 
IN ROBUST MATCHING TOO SMALL: 
-------------
IN MATCHING TOO SMALL: 
-------------
CALCULATED MU IS: 128
NEW MU is: 128
IN MATCHING OR CUT: 
-------------
FLOW CALCULATED IS: 4 ----------- 
THRESHOLD IS: 121.6 ----------- 
Fn = 514
SL creation: 
0 1 2 3 4 5 6 7 8 9 10 11 12 13 14 15 16 17 18 19 20 21 22 23 24 25 26 27 28 29 30 31 32 33 34 35 36 37 38 39 40 41 42 43 44 45 46 47 48 49 50 51 52 53 54 55 56 57 58 59 60 61 62 63 64 65 66 67 68 69 70 71 72 73 74 75 76 77 78 79 80 81 82 83 84 85 86 87 88 89 90 91 92 93 94 95 96 97 98 99 100 101 102 103 104 105 106 107 108 109 110 111 112 113 114 115 116 117 118 119 120 121 122 123 124 125 126 127 
SR creation: 

flow is: -1
NEW MU is: 128
IN MATCHING OR CUT: 
-------------
FLOW CALCULATED IS: 8 ----------- 
THRESHOLD IS: 121.6 ----------- 
Fn = 514
SL creation: 
0 1 2 3 4 5 6 7 8 9 10 11 12 13 14 15 16 17 18 19 20 21 22 23 24 25 26 27 28 29 30 31 32 33 34 35 36 37 38 39 40 41 42 43 44 45 46 47 48 49 50 51 52 53 54 55 56 57 58 59 60 61 62 63 64 65 66 67 68 69 70 71 72 73 74 75 76 77 78 79 80 81 82 83 84 85 86 87 88 89 90 91 92 93 94 95 96 97 98 99 100 101 102 103 104 105 106 107 108 109 110 111 112 113 114 115 116 117 118 119 120 121 122 123 124 125 126 127 
SR creation: 

flow is: -1
NEW MU is: 128
IN MATCHING OR CUT: 
-------------
FLOW CALCULATED IS: 16 ----------- 
THRESHOLD IS: 121.6 ----------- 
Fn = 514
SL creation: 
0 1 2 3 4 5 6 7 8 9 10 11 12 13 14 15 16 17 18 19 20 21 22 23 24 25 26 27 28 29 30 31 32 33 34 35 36 37 38 39 40 41 42 43 44 45 46 47 48 49 50 51 52 53 54 55 56 57 58 59 60 61 62 63 64 65 66 67 68 69 70 71 72 73 74 75 76 77 78 79 80 81 82 83 84 85 86 87 88 89 90 91 92 93 94 95 96 97 98 99 100 101 102 103 104 105 106 107 108 109 110 111 112 113 114 115 116 117 118 119 120 121 122 123 124 125 126 127 
SR creation: 

flow is: -1
NEW MU is: 128
IN MATCHING OR CUT: 
-------------
FLOW CALCULATED IS: 32 ----------- 
THRESHOLD IS: 121.6 ----------- 
Fn = 514
SL creation: 
0 1 2 3 4 5 6 7 8 9 10 11 12 13 14 15 16 17 18 19 20 21 22 23 24 25 26 27 28 29 30 31 32 33 34 35 36 37 38 39 40 41 42 43 44 45 46 47 48 49 50 51 52 53 54 55 56 57 58 59 60 61 62 63 64 65 66 67 68 69 70 71 72 73 74 75 76 77 78 79 80 81 82 83 84 85 86 87 88 89 90 91 92 93 94 95 96 97 98 99 100 101 102 103 104 105 106 107 108 109 110 111 112 113 114 115 116 117 118 119 120 121 122 123 124 125 126 127 
SR creation: 

flow is: -1
NEW MU is: 128
IN MATCHING OR CUT: 
-------------
FLOW CALCULATED IS: 63 ----------- 
THRESHOLD IS: 121.6 ----------- 
Fn = 514
SL creation: 
0 1 2 3 4 5 6 7 8 9 10 11 12 13 14 15 16 17 18 19 20 21 22 23 24 25 26 27 28 29 30 31 32 33 34 35 36 37 38 39 40 41 42 43 44 45 46 47 48 49 50 51 52 53 54 55 56 57 58 59 60 61 62 63 64 65 66 67 68 69 70 71 72 73 74 75 76 77 78 79 80 81 82 83 84 85 86 87 88 89 90 91 92 93 94 95 96 97 98 99 100 101 102 103 104 105 106 107 108 109 110 111 112 113 114 115 116 117 118 119 120 121 122 123 124 125 126 127 
SR creation: 
145 195 208 236 
flow is: -1
NEW MU is: 128
IN MATCHING OR CUT: 
-------------
FLOW CALCULATED IS: 105.75 ----------- 
THRESHOLD IS: 121.6 ----------- 
Fn = 514
SL creation: 
0 1 2 3 4 5 6 7 8 9 10 11 12 13 14 15 16 17 18 19 20 21 22 23 24 25 26 27 28 29 30 31 32 33 34 35 36 37 38 39 40 41 42 43 45 46 48 49 50 51 52 53 54 55 56 57 58 59 60 61 62 63 64 65 66 67 68 69 70 71 72 73 74 75 76 77 78 79 80 81 82 83 84 85 86 87 88 89 90 92 93 94 95 96 97 102 103 104 105 106 107 108 109 110 111 112 113 114 115 116 117 118 119 120 121 122 123 124 125 126 127 
SR creation: 
128 130 134 142 143 145 146 148 151 153 154 155 156 157 161 163 167 168 169 173 176 177 182 184 186 188 190 191 195 196 199 203 204 208 212 225 230 231 232 236 239 245 252 
flow is: -1
NEW MU is: 128
IN MATCHING OR CUT: 
-------------
FLOW CALCULATED IS: 124.75 ----------- 
THRESHOLD IS: 121.6 ----------- 
Exited: found good flow
 << Start phase 1>> 

We enter robust matching: ...
IN ROBUST MATCHING TOO SMALL: 
-------------
IN MATCHING TOO SMALL: 
-------------
CALCULATED MU IS: 128
NEW MU is: 128
IN MATCHING OR CUT: 
-------------
FLOW CALCULATED IS: 124.5 ----------- 
THRESHOLD IS: 121.6 ----------- 
Exited: found good flow
 << Start phase 2>> 

We enter robust matching: ...
IN ROBUST MATCHING TOO SMALL: 
-------------
IN MATCHING TOO SMALL: 
-------------
CALCULATED MU IS: 128
NEW MU is: 128
IN MATCHING OR CUT: 
-------------
FLOW CALCULATED IS: 124.25 ----------- 
THRESHOLD IS: 121.6 ----------- 
Exited: found good flow
 << Start phase 3>> 

We enter robust matching: ...
IN ROBUST MATCHING TOO SMALL: 
-------------
IN MATCHING TOO SMALL: 
-------------
CALCULATED MU IS: 127
NEW MU is: 128
IN MATCHING OR CUT: 
-------------
FLOW CALCULATED IS: 123.25 ----------- 
THRESHOLD IS: 121.6 ----------- 
Exited: found good flow
 << Start phase 4>> 

We enter robust matching: ...
IN ROBUST MATCHING TOO SMALL: 
-------------
IN MATCHING TOO SMALL: 
-------------
CALCULATED MU IS: 127
NEW MU is: 128
IN MATCHING OR CUT: 
-------------
FLOW CALCULATED IS: 122 ----------- 
THRESHOLD IS: 121.6 ----------- 
Exited: found good flow
 << Start phase 5>> 

We enter robust matching: ...
IN ROBUST MATCHING TOO SMALL: 
-------------
IN MATCHING TOO SMALL: 
-------------
CALCULATED MU IS: 127
NEW MU is: 128
IN MATCHING OR CUT: 
-------------
FLOW CALCULATED IS: 121.875 ----------- 
THRESHOLD IS: 121.6 ----------- 
Exited: found good flow
 << Start phase 6>> 

We enter robust matching: ...
IN ROBUST MATCHING TOO SMALL: 
-------------
IN MATCHING TOO SMALL: 
-------------
CALCULATED MU IS: 127
NEW MU is: 128
IN MATCHING OR CUT: 
-------------
FLOW CALCULATED IS: 121.875 ----------- 
THRESHOLD IS: 121.6 ----------- 
Exited: found good flow
 << Start phase 7>> 

We enter robust matching: ...
IN ROBUST MATCHING TOO SMALL: 
-------------
IN MATCHING TOO SMALL: 
-------------
CALCULATED MU IS: 127
NEW MU is: 128
IN MATCHING OR CUT: 
-------------
FLOW CALCULATED IS: 121.25 ----------- 
THRESHOLD IS: 121.6 ----------- 
Fn = 514
SL creation: 
0 1 2 3 4 5 6 7 8 9 10 11 12 13 14 15 16 17 18 19 20 21 23 24 25 26 27 28 29 30 31 32 33 34 35 36 37 38 39 40 41 42 44 45 47 48 49 50 51 52 53 54 55 56 57 58 59 60 61 62 63 64 65 67 68 69 70 71 72 73 75 76 77 78 80 81 82 83 84 85 86 87 88 89 90 91 92 93 94 95 96 97 98 99 100 102 103 104 105 106 107 108 109 110 111 112 113 114 116 117 118 119 120 121 122 124 125 127 
SR creation: 
128 134 135 136 137 139 140 141 143 144 146 147 148 151 152 153 154 155 156 157 158 159 160 163 167 168 169 170 176 177 178 182 183 184 185 187 188 189 191 192 195 196 197 198 199 200 201 204 205 206 212 213 214 215 216 217 218 220 221 222 223 225 230 233 235 237 238 239 240 241 242 244 246 247 249 253 
flow is: -1
NEW MU is: 128
IN MATCHING OR CUT: 
-------------
FLOW CALCULATED IS: 125.5 ----------- 
THRESHOLD IS: 121.6 ----------- 
Exited: found good flow
 << Start phase 8>> 

We enter robust matching: ...
IN ROBUST MATCHING TOO SMALL: 
-------------
IN MATCHING TOO SMALL: 
-------------
CALCULATED MU IS: 127
NEW MU is: 128
IN MATCHING OR CUT: 
-------------
FLOW CALCULATED IS: 125.5 ----------- 
THRESHOLD IS: 121.6 ----------- 
Exited: found good flow
 << Start phase 9>> 

We enter robust matching: ...
IN ROBUST MATCHING TOO SMALL: 
-------------
IN MATCHING TOO SMALL: 
-------------
CALCULATED MU IS: 127
NEW MU is: 128
IN MATCHING OR CUT: 
-------------
FLOW CALCULATED IS: 124.75 ----------- 
THRESHOLD IS: 121.6 ----------- 
Exited: found good flow
 << Start phase 10>> 

We enter robust matching: ...
IN ROBUST MATCHING TOO SMALL: 
-------------
IN MATCHING TOO SMALL: 
-------------
CALCULATED MU IS: 126
NEW MU is: 128
IN MATCHING OR CUT: 
-------------
FLOW CALCULATED IS: 124.25 ----------- 
THRESHOLD IS: 121.6 ----------- 
Exited: found good flow
 << Start phase 11>> 

We enter robust matching: ...
IN ROBUST MATCHING TOO SMALL: 
-------------
IN MATCHING TOO SMALL: 
-------------
CALCULATED MU IS: 126
NEW MU is: 128
IN MATCHING OR CUT: 
-------------
FLOW CALCULATED IS: 123.75 ----------- 
THRESHOLD IS: 121.6 ----------- 
Exited: found good flow
 << Start phase 12>> 

We enter robust matching: ...
IN ROBUST MATCHING TOO SMALL: 
-------------
IN MATCHING TOO SMALL: 
-------------
CALCULATED MU IS: 126
NEW MU is: 128
IN MATCHING OR CUT: 
-------------
FLOW CALCULATED IS: 123.5 ----------- 
THRESHOLD IS: 121.6 ----------- 
Exited: found good flow
 << Start phase 13>> 

We enter robust matching: ...
IN ROBUST MATCHING TOO SMALL: 
-------------
IN MATCHING TOO SMALL: 
-------------
CALCULATED MU IS: 126
NEW MU is: 128
IN MATCHING OR CUT: 
-------------
FLOW CALCULATED IS: 123.5 ----------- 
THRESHOLD IS: 121.6 ----------- 
Exited: found good flow
 << Start phase 14>> 

We enter robust matching: ...
IN ROBUST MATCHING TOO SMALL: 
-------------
IN MATCHING TOO SMALL: 
-------------
CALCULATED MU IS: 126
NEW MU is: 128
IN MATCHING OR CUT: 
-------------
FLOW CALCULATED IS: 123.5 ----------- 
THRESHOLD IS: 121.6 ----------- 
Exited: found good flow
 << Start phase 15>> 

We enter robust matching: ...
IN ROBUST MATCHING TOO SMALL: 
-------------
IN MATCHING TOO SMALL: 
-------------
CALCULATED MU IS: 126
NEW MU is: 128
IN MATCHING OR CUT: 
-------------
FLOW CALCULATED IS: 123.25 ----------- 
THRESHOLD IS: 121.6 ----------- 
Exited: found good flow
 << Start phase 16>> 

We enter robust matching: ...
IN ROBUST MATCHING TOO SMALL: 
-------------
IN MATCHING TOO SMALL: 
-------------
CALCULATED MU IS: 126
NEW MU is: 128
IN MATCHING OR CUT: 
-------------
FLOW CALCULATED IS: 123.25 ----------- 
THRESHOLD IS: 121.6 ----------- 
Exited: found good flow
 << Start phase 17>> 

We enter robust matching: ...
IN ROBUST MATCHING TOO SMALL: 
-------------
IN MATCHING TOO SMALL: 
-------------
CALCULATED MU IS: 126
NEW MU is: 128
IN MATCHING OR CUT: 
-------------
FLOW CALCULATED IS: 122.75 ----------- 
THRESHOLD IS: 121.6 ----------- 
Exited: found good flow
 << Start phase 18>> 

We enter robust matching: ...
IN ROBUST MATCHING TOO SMALL: 
-------------
IN MATCHING TOO SMALL: 
-------------
CALCULATED MU IS: 126
NEW MU is: 128
IN MATCHING OR CUT: 
-------------
FLOW CALCULATED IS: 122.5 ----------- 
THRESHOLD IS: 121.6 ----------- 
Exited: found good flow
 << Start phase 19>> 

We enter robust matching: ...
IN ROBUST MATCHING TOO SMALL: 
-------------
IN MATCHING TOO SMALL: 
-------------
CALCULATED MU IS: 126
NEW MU is: 128
IN MATCHING OR CUT: 
-------------
FLOW CALCULATED IS: 122.25 ----------- 
THRESHOLD IS: 121.6 ----------- 
Exited: found good flow
 << Start phase 20>> 

We enter robust matching: ...
IN ROBUST MATCHING TOO SMALL: 
-------------
IN MATCHING TOO SMALL: 
-------------
CALCULATED MU IS: 126
NEW MU is: 128
IN MATCHING OR CUT: 
-------------
FLOW CALCULATED IS: 122.25 ----------- 
THRESHOLD IS: 121.6 ----------- 
Exited: found good flow
 << Start phase 21>> 

We enter robust matching: ...
IN ROBUST MATCHING TOO SMALL: 
-------------
IN MATCHING TOO SMALL: 
-------------
CALCULATED MU IS: 126
NEW MU is: 128
IN MATCHING OR CUT: 
-------------
FLOW CALCULATED IS: 122 ----------- 
THRESHOLD IS: 121.6 ----------- 
Exited: found good flow
 << Start phase 22>> 

We enter robust matching: ...
IN ROBUST MATCHING TOO SMALL: 
-------------
IN MATCHING TOO SMALL: 
-------------
CALCULATED MU IS: 126
NEW MU is: 128
IN MATCHING OR CUT: 
-------------
FLOW CALCULATED IS: 121.625 ----------- 
THRESHOLD IS: 121.6 ----------- 
Exited: found good flow
 << Start phase 23>> 

We enter robust matching: ...
IN ROBUST MATCHING TOO SMALL: 
-------------
IN MATCHING TOO SMALL: 
-------------
CALCULATED MU IS: 126
NEW MU is: 128
IN MATCHING OR CUT: 
-------------
FLOW CALCULATED IS: 120.625 ----------- 
THRESHOLD IS: 121.6 ----------- 
Fn = 514
SL creation: 
0 1 3 5 6 7 8 9 10 11 12 13 14 15 16 17 18 20 21 22 23 24 27 28 29 30 31 33 35 36 37 38 39 41 42 43 44 45 46 47 48 49 50 51 52 53 54 55 56 57 58 59 60 61 62 64 65 66 67 68 69 70 71 73 75 76 77 78 83 84 85 86 87 89 90 91 92 93 94 95 98 99 100 101 102 103 104 105 106 107 108 109 110 111 112 113 114 116 117 119 120 121 124 125 126 
SR creation: 
128 129 131 133 135 136 138 139 140 145 148 149 151 152 155 156 158 161 167 170 173 174 175 178 179 180 184 185 186 188 190 191 192 193 197 198 199 203 206 213 214 215 217 218 219 220 221 222 223 225 227 230 231 232 233 235 236 238 242 244 245 247 248 249 252 254 
flow is: -1
NEW MU is: 128
IN MATCHING OR CUT: 
-------------
FLOW CALCULATED IS: 124.75 ----------- 
THRESHOLD IS: 121.6 ----------- 
Exited: found good flow
 << Start phase 24>> 

We enter robust matching: ...
IN ROBUST MATCHING TOO SMALL: 
-------------
IN MATCHING TOO SMALL: 
-------------
CALCULATED MU IS: 126
NEW MU is: 128
IN MATCHING OR CUT: 
-------------
FLOW CALCULATED IS: 124 ----------- 
THRESHOLD IS: 121.6 ----------- 
Exited: found good flow
 << Start phase 25>> 

We enter robust matching: ...
IN ROBUST MATCHING TOO SMALL: 
-------------
IN MATCHING TOO SMALL: 
-------------
CALCULATED MU IS: 126
NEW MU is: 128
IN MATCHING OR CUT: 
-------------
FLOW CALCULATED IS: 123.75 ----------- 
THRESHOLD IS: 121.6 ----------- 
Exited: found good flow
 << Start phase 26>> 

We enter robust matching: ...
IN ROBUST MATCHING TOO SMALL: 
-------------
IN MATCHING TOO SMALL: 
-------------
CALCULATED MU IS: 125
Matching too small

Matching too small
