This is before phase start just initial data:
The maximum matching found is: 2048

 << Start phase 0 initial run 
 ------------- 
IN ROBUST MATCHING TOO SMALL: 
-------------
IN MATCHING TOO SMALL: 
-------------
CALCULATED MU IS: 2048
NEW MU is: 2048
IN MATCHING OR CUT: 
-------------
FLOW CALCULATED IS: 1024.29 ----------- 
THRESHOLD IS: -1.13687e-13 ----------- 
Exited: found good flow
 << Start phase 1>> 

We enter robust matching: ...
IN ROBUST MATCHING TOO SMALL: 
-------------
IN MATCHING TOO SMALL: 
-------------
CALCULATED MU IS: 2048
NEW MU is: 2048
IN MATCHING OR CUT: 
-------------
FLOW CALCULATED IS: 614.693 ----------- 
THRESHOLD IS: -1.13687e-13 ----------- 
Exited: found good flow
 << Start phase 2>> 

We enter robust matching: ...
IN ROBUST MATCHING TOO SMALL: 
-------------
IN MATCHING TOO SMALL: 
-------------
CALCULATED MU IS: 2048
NEW MU is: 2048
IN MATCHING OR CUT: 
-------------
FLOW CALCULATED IS: 205.093 ----------- 
THRESHOLD IS: -1.13687e-13 ----------- 
Exited: found good flow
