This is before phase start just initial data:
The maximum matching found is: 256

 << Start phase 0 initial run 
 ------------- 
IN ROBUST MATCHING TOO SMALL: 
-------------
IN MATCHING TOO SMALL: 
-------------
CALCULATED MU IS: 256
NEW MU is: 256
IN MATCHING OR CUT: 
-------------
FLOW CALCULATED IS: 205.305 ----------- 
THRESHOLD IS: -1.42109e-14 ----------- 
Exited: found good flow
 << Start phase 1>> 

We enter robust matching: ...
IN ROBUST MATCHING TOO SMALL: 
-------------
IN MATCHING TOO SMALL: 
-------------
CALCULATED MU IS: 256
NEW MU is: 256
IN MATCHING OR CUT: 
-------------
FLOW CALCULATED IS: 154.102 ----------- 
THRESHOLD IS: -1.42109e-14 ----------- 
Exited: found good flow
 << Start phase 2>> 

We enter robust matching: ...
IN ROBUST MATCHING TOO SMALL: 
-------------
IN MATCHING TOO SMALL: 
-------------
CALCULATED MU IS: 256
NEW MU is: 256
IN MATCHING OR CUT: 
-------------
FLOW CALCULATED IS: 102.898 ----------- 
THRESHOLD IS: -1.42109e-14 ----------- 
Exited: found good flow
 << Start phase 3>> 

We enter robust matching: ...
IN ROBUST MATCHING TOO SMALL: 
-------------
IN MATCHING TOO SMALL: 
-------------
CALCULATED MU IS: 256
NEW MU is: 256
IN MATCHING OR CUT: 
-------------
FLOW CALCULATED IS: 51.6953 ----------- 
THRESHOLD IS: -1.42109e-14 ----------- 
Exited: found good flow
 << Start phase 4>> 

We enter robust matching: ...
IN ROBUST MATCHING TOO SMALL: 
-------------
IN MATCHING TOO SMALL: 
-------------
CALCULATED MU IS: 90
Matching too small

Matching too small
