This is before phase start just initial data:
The maximum matching found is: 2048

 << Start phase 0 initial run 
 ------------- 
IN ROBUST MATCHING TOO SMALL: 
-------------
IN MATCHING TOO SMALL: 
-------------
CALCULATED MU IS: 2048
NEW MU is: 2048
IN MATCHING OR CUT: 
-------------
FLOW CALCULATED IS: 1638.57 ----------- 
THRESHOLD IS: -1.13687e-13 ----------- 
Exited: found good flow
 << Start phase 1>> 

We enter robust matching: ...
IN ROBUST MATCHING TOO SMALL: 
-------------
IN MATCHING TOO SMALL: 
-------------
CALCULATED MU IS: 2048
NEW MU is: 2048
IN MATCHING OR CUT: 
-------------
FLOW CALCULATED IS: 1228.97 ----------- 
THRESHOLD IS: -1.13687e-13 ----------- 
Exited: found good flow
 << Start phase 2>> 

We enter robust matching: ...
IN ROBUST MATCHING TOO SMALL: 
-------------
IN MATCHING TOO SMALL: 
-------------
CALCULATED MU IS: 2048
NEW MU is: 2048
IN MATCHING OR CUT: 
-------------
FLOW CALCULATED IS: 819.367 ----------- 
THRESHOLD IS: -1.13687e-13 ----------- 
Exited: found good flow
 << Start phase 3>> 

We enter robust matching: ...
IN ROBUST MATCHING TOO SMALL: 
-------------
IN MATCHING TOO SMALL: 
-------------
CALCULATED MU IS: 2048
NEW MU is: 2048
IN MATCHING OR CUT: 
-------------
FLOW CALCULATED IS: 409.767 ----------- 
THRESHOLD IS: -1.13687e-13 ----------- 
Exited: found good flow
 << Start phase 4>> 

We enter robust matching: ...
IN ROBUST MATCHING TOO SMALL: 
-------------
IN MATCHING TOO SMALL: 
-------------
CALCULATED MU IS: 298
Matching too small

Matching too small
