This is before phase start just initial data:
The maximum matching found is: 512

 << Start phase 0 initial run 
 ------------- 
IN ROBUST MATCHING TOO SMALL: 
-------------
IN MATCHING TOO SMALL: 
-------------
CALCULATED MU IS: 512
NEW MU is: 512
IN MATCHING OR CUT: 
-------------
FLOW CALCULATED IS: 255.473 ----------- 
THRESHOLD IS: -2.84217e-14 ----------- 
Exited: found good flow
 << Start phase 1>> 

We enter robust matching: ...
IN ROBUST MATCHING TOO SMALL: 
-------------
IN MATCHING TOO SMALL: 
-------------
CALCULATED MU IS: 512
NEW MU is: 512
IN MATCHING OR CUT: 
-------------
FLOW CALCULATED IS: 153.072 ----------- 
THRESHOLD IS: -2.84217e-14 ----------- 
Exited: found good flow
 << Start phase 2>> 

We enter robust matching: ...
IN ROBUST MATCHING TOO SMALL: 
-------------
IN MATCHING TOO SMALL: 
-------------
CALCULATED MU IS: 512
NEW MU is: 512
IN MATCHING OR CUT: 
-------------
FLOW CALCULATED IS: 50.6719 ----------- 
THRESHOLD IS: -2.84217e-14 ----------- 
Exited: found good flow
