This is before phase start just initial data:
The maximum matching found is: 256

 << Start phase 0 initial run 
 ------------- 
IN ROBUST MATCHING TOO SMALL: 
-------------
IN MATCHING TOO SMALL: 
-------------
CALCULATED MU IS: 256
NEW MU is: 256
IN MATCHING OR CUT: 
-------------
FLOW CALCULATED IS: 51.8984 ----------- 
THRESHOLD IS: -1.42109e-14 ----------- 
Exited: found good flow
 << Start phase 1>> 

We enter robust matching: ...
IN ROBUST MATCHING TOO SMALL: 
-------------
IN MATCHING TOO SMALL: 
-------------
CALCULATED MU IS: 108
Matching too small

Matching too small
