This is before phase start just initial data:
The maximum matching found is: 256

 << Start phase 0 initial run 
 ------------- 
IN ROBUST MATCHING TOO SMALL: 
-------------
IN MATCHING TOO SMALL: 
-------------
CALCULATED MU IS: 256
NEW MU is: 256
IN MATCHING OR CUT: 
-------------
FLOW CALCULATED IS: 25.3477 ----------- 
THRESHOLD IS: 243.2 ----------- 
Fn = 514
SL creation: 
0 1 2 3 4 5 6 7 8 9 10 11 12 13 14 15 16 17 18 19 20 21 22 23 24 25 26 27 28 29 30 31 32 33 34 35 36 37 38 39 40 41 42 43 44 45 46 47 48 49 50 51 52 53 54 55 56 57 58 59 60 61 62 63 64 65 66 67 68 69 70 71 72 73 74 75 76 77 78 79 80 81 82 83 84 85 86 87 88 89 90 91 92 93 94 95 96 97 98 99 100 101 102 103 104 105 106 107 108 109 110 111 112 113 114 115 116 117 118 119 120 121 122 123 124 125 126 127 128 129 130 131 132 133 134 135 136 137 138 139 140 141 142 143 144 145 146 147 148 149 150 151 152 153 154 155 156 157 158 159 160 161 162 163 164 165 166 167 168 169 170 171 172 173 174 175 176 177 178 179 180 181 182 183 184 185 186 187 188 189 190 191 192 193 194 195 196 197 198 199 200 201 202 203 204 205 206 207 208 209 210 211 212 213 214 215 216 217 218 219 220 221 222 223 224 225 226 227 228 229 230 231 232 233 234 235 236 237 238 239 240 241 242 243 244 245 246 247 248 249 250 251 252 253 254 255 
SR creation: 

flow is: -1
NEW MU is: 256
IN MATCHING OR CUT: 
-------------
FLOW CALCULATED IS: 50.6953 ----------- 
THRESHOLD IS: 243.2 ----------- 
Fn = 514
SL creation: 
0 1 2 3 4 5 6 7 8 9 10 11 12 13 14 15 16 17 18 19 20 21 22 23 24 25 26 27 28 29 30 31 32 33 34 35 36 37 38 39 40 41 42 43 44 45 46 47 48 49 50 51 52 53 54 55 56 57 58 59 60 61 62 63 64 65 66 67 68 69 70 71 72 73 74 75 76 77 78 79 80 81 82 83 84 85 86 87 88 89 90 91 92 93 94 95 96 97 98 99 100 101 102 103 104 105 106 107 108 109 110 111 112 113 114 115 116 117 118 119 120 121 122 123 124 125 126 127 128 129 130 131 132 133 134 135 136 137 138 139 140 141 142 143 144 145 146 147 148 149 150 151 152 153 154 155 156 157 158 159 160 161 162 163 164 165 166 167 168 169 170 171 172 173 174 175 176 177 178 179 180 181 182 183 184 185 186 187 188 189 190 191 192 193 194 195 196 197 198 199 200 201 202 203 204 205 206 207 208 209 210 211 212 213 214 215 216 217 218 219 220 221 222 223 224 225 226 227 228 229 230 231 232 233 234 235 236 237 238 239 240 241 242 243 244 245 246 247 248 249 250 251 252 253 254 255 
SR creation: 

flow is: -1
NEW MU is: 256
IN MATCHING OR CUT: 
-------------
FLOW CALCULATED IS: 101.391 ----------- 
THRESHOLD IS: 243.2 ----------- 
Fn = 514
SL creation: 
0 1 2 3 4 5 6 7 8 9 10 11 12 13 14 15 16 17 18 19 20 21 22 23 24 25 26 27 28 29 30 31 32 33 34 35 36 37 38 39 40 41 42 43 44 45 46 47 48 49 50 51 52 53 54 55 56 57 58 59 60 61 62 63 64 65 66 67 68 69 70 71 72 73 74 75 76 77 78 79 80 81 82 83 84 85 86 87 88 89 90 91 92 93 94 95 96 97 98 99 100 101 102 103 104 105 106 107 108 109 110 111 112 113 114 115 116 117 118 119 120 121 122 123 124 125 126 127 128 129 130 131 132 133 134 135 136 137 138 139 140 141 142 143 144 145 146 147 148 149 150 151 152 153 154 155 156 157 158 159 160 161 162 163 164 165 166 167 168 169 170 171 172 173 174 175 176 177 178 179 180 181 182 183 184 185 186 187 188 189 190 191 192 193 194 195 196 197 198 199 200 201 202 203 204 205 206 207 208 209 210 211 212 213 214 215 216 217 218 219 220 221 222 223 224 225 226 227 228 229 230 231 232 233 234 235 236 237 238 239 240 241 242 243 244 245 246 247 248 249 250 251 252 253 254 255 
SR creation: 

flow is: -1
NEW MU is: 256
IN MATCHING OR CUT: 
-------------
FLOW CALCULATED IS: 200.156 ----------- 
THRESHOLD IS: 243.2 ----------- 
Fn = 514
SL creation: 
1 2 3 4 5 6 8 9 10 11 12 13 14 15 16 18 19 20 21 22 23 24 25 26 27 28 29 30 31 32 33 34 35 36 37 38 39 40 42 43 44 45 46 47 49 50 51 52 53 54 55 56 57 58 59 60 61 63 64 66 67 70 71 72 73 74 75 76 77 78 79 80 81 82 83 84 85 86 87 88 89 90 91 92 93 94 95 96 97 98 99 100 101 102 103 104 105 106 107 108 109 110 111 112 113 114 115 116 117 118 119 120 121 122 124 125 126 127 128 129 130 131 132 133 134 135 136 137 138 139 140 141 142 143 144 145 146 147 148 149 150 151 152 153 155 156 157 158 159 160 161 162 163 164 165 166 167 168 169 170 171 172 173 174 175 176 177 178 179 180 181 182 184 185 186 187 188 189 190 191 192 193 194 195 197 198 199 200 201 202 203 204 205 206 207 208 209 210 211 212 213 214 215 216 217 218 219 220 221 222 223 224 225 226 228 229 230 231 232 233 234 235 236 237 238 239 241 242 243 244 245 246 247 248 249 250 251 252 253 254 255 
SR creation: 
257 262 283 293 355 387 438 461 478 509 
flow is: -1
NEW MU is: 256
IN MATCHING OR CUT: 
-------------
FLOW CALCULATED IS: 255 ----------- 
THRESHOLD IS: 243.2 ----------- 
Exited: found good flow
 << Start phase 1>> 

We enter robust matching: ...
IN ROBUST MATCHING TOO SMALL: 
-------------
IN MATCHING TOO SMALL: 
-------------
CALCULATED MU IS: 256
NEW MU is: 256
IN MATCHING OR CUT: 
-------------
FLOW CALCULATED IS: 254.969 ----------- 
THRESHOLD IS: 243.2 ----------- 
Exited: found good flow
 << Start phase 2>> 

We enter robust matching: ...
IN ROBUST MATCHING TOO SMALL: 
-------------
IN MATCHING TOO SMALL: 
-------------
CALCULATED MU IS: 256
NEW MU is: 256
IN MATCHING OR CUT: 
-------------
FLOW CALCULATED IS: 254.938 ----------- 
THRESHOLD IS: 243.2 ----------- 
Exited: found good flow
 << Start phase 3>> 

We enter robust matching: ...
IN ROBUST MATCHING TOO SMALL: 
-------------
IN MATCHING TOO SMALL: 
-------------
CALCULATED MU IS: 256
NEW MU is: 256
IN MATCHING OR CUT: 
-------------
FLOW CALCULATED IS: 254.938 ----------- 
THRESHOLD IS: 243.2 ----------- 
Exited: found good flow
 << Start phase 4>> 

We enter robust matching: ...
IN ROBUST MATCHING TOO SMALL: 
-------------
IN MATCHING TOO SMALL: 
-------------
CALCULATED MU IS: 256
NEW MU is: 256
IN MATCHING OR CUT: 
-------------
FLOW CALCULATED IS: 254.875 ----------- 
THRESHOLD IS: 243.2 ----------- 
Exited: found good flow
 << Start phase 5>> 

We enter robust matching: ...
IN ROBUST MATCHING TOO SMALL: 
-------------
IN MATCHING TOO SMALL: 
-------------
CALCULATED MU IS: 256
NEW MU is: 256
IN MATCHING OR CUT: 
-------------
FLOW CALCULATED IS: 254.844 ----------- 
THRESHOLD IS: 243.2 ----------- 
Exited: found good flow
 << Start phase 6>> 

We enter robust matching: ...
IN ROBUST MATCHING TOO SMALL: 
-------------
IN MATCHING TOO SMALL: 
-------------
CALCULATED MU IS: 256
NEW MU is: 256
IN MATCHING OR CUT: 
-------------
FLOW CALCULATED IS: 254.656 ----------- 
THRESHOLD IS: 243.2 ----------- 
Exited: found good flow
 << Start phase 7>> 

We enter robust matching: ...
IN ROBUST MATCHING TOO SMALL: 
-------------
IN MATCHING TOO SMALL: 
-------------
CALCULATED MU IS: 256
NEW MU is: 256
IN MATCHING OR CUT: 
-------------
FLOW CALCULATED IS: 254.406 ----------- 
THRESHOLD IS: 243.2 ----------- 
Exited: found good flow
 << Start phase 8>> 

We enter robust matching: ...
IN ROBUST MATCHING TOO SMALL: 
-------------
IN MATCHING TOO SMALL: 
-------------
CALCULATED MU IS: 256
NEW MU is: 256
IN MATCHING OR CUT: 
-------------
FLOW CALCULATED IS: 254.25 ----------- 
THRESHOLD IS: 243.2 ----------- 
Exited: found good flow
 << Start phase 9>> 

We enter robust matching: ...
IN ROBUST MATCHING TOO SMALL: 
-------------
IN MATCHING TOO SMALL: 
-------------
CALCULATED MU IS: 256
NEW MU is: 256
IN MATCHING OR CUT: 
-------------
FLOW CALCULATED IS: 254.031 ----------- 
THRESHOLD IS: 243.2 ----------- 
Exited: found good flow
 << Start phase 10>> 

We enter robust matching: ...
IN ROBUST MATCHING TOO SMALL: 
-------------
IN MATCHING TOO SMALL: 
-------------
CALCULATED MU IS: 256
NEW MU is: 256
IN MATCHING OR CUT: 
-------------
FLOW CALCULATED IS: 253.469 ----------- 
THRESHOLD IS: 243.2 ----------- 
Exited: found good flow
 << Start phase 11>> 

We enter robust matching: ...
IN ROBUST MATCHING TOO SMALL: 
-------------
IN MATCHING TOO SMALL: 
-------------
CALCULATED MU IS: 256
NEW MU is: 256
IN MATCHING OR CUT: 
-------------
FLOW CALCULATED IS: 253.344 ----------- 
THRESHOLD IS: 243.2 ----------- 
Exited: found good flow
 << Start phase 12>> 

We enter robust matching: ...
IN ROBUST MATCHING TOO SMALL: 
-------------
IN MATCHING TOO SMALL: 
-------------
CALCULATED MU IS: 256
NEW MU is: 256
IN MATCHING OR CUT: 
-------------
FLOW CALCULATED IS: 253.062 ----------- 
THRESHOLD IS: 243.2 ----------- 
Exited: found good flow
 << Start phase 13>> 

We enter robust matching: ...
IN ROBUST MATCHING TOO SMALL: 
-------------
IN MATCHING TOO SMALL: 
-------------
CALCULATED MU IS: 256
NEW MU is: 256
IN MATCHING OR CUT: 
-------------
FLOW CALCULATED IS: 252.812 ----------- 
THRESHOLD IS: 243.2 ----------- 
Exited: found good flow
 << Start phase 14>> 

We enter robust matching: ...
IN ROBUST MATCHING TOO SMALL: 
-------------
IN MATCHING TOO SMALL: 
-------------
CALCULATED MU IS: 256
NEW MU is: 256
IN MATCHING OR CUT: 
-------------
FLOW CALCULATED IS: 252.688 ----------- 
THRESHOLD IS: 243.2 ----------- 
Exited: found good flow
 << Start phase 15>> 

We enter robust matching: ...
IN ROBUST MATCHING TOO SMALL: 
-------------
IN MATCHING TOO SMALL: 
-------------
CALCULATED MU IS: 256
NEW MU is: 256
IN MATCHING OR CUT: 
-------------
FLOW CALCULATED IS: 252.188 ----------- 
THRESHOLD IS: 243.2 ----------- 
Exited: found good flow
 << Start phase 16>> 

We enter robust matching: ...
IN ROBUST MATCHING TOO SMALL: 
-------------
IN MATCHING TOO SMALL: 
-------------
CALCULATED MU IS: 256
NEW MU is: 256
IN MATCHING OR CUT: 
-------------
FLOW CALCULATED IS: 251.781 ----------- 
THRESHOLD IS: 243.2 ----------- 
Exited: found good flow
 << Start phase 17>> 

We enter robust matching: ...
IN ROBUST MATCHING TOO SMALL: 
-------------
IN MATCHING TOO SMALL: 
-------------
CALCULATED MU IS: 256
NEW MU is: 256
IN MATCHING OR CUT: 
-------------
FLOW CALCULATED IS: 251.594 ----------- 
THRESHOLD IS: 243.2 ----------- 
Exited: found good flow
 << Start phase 18>> 

We enter robust matching: ...
IN ROBUST MATCHING TOO SMALL: 
-------------
IN MATCHING TOO SMALL: 
-------------
CALCULATED MU IS: 256
NEW MU is: 256
IN MATCHING OR CUT: 
-------------
FLOW CALCULATED IS: 251.344 ----------- 
THRESHOLD IS: 243.2 ----------- 
Exited: found good flow
 << Start phase 19>> 

We enter robust matching: ...
IN ROBUST MATCHING TOO SMALL: 
-------------
IN MATCHING TOO SMALL: 
-------------
CALCULATED MU IS: 256
NEW MU is: 256
IN MATCHING OR CUT: 
-------------
FLOW CALCULATED IS: 251.062 ----------- 
THRESHOLD IS: 243.2 ----------- 
Exited: found good flow
 << Start phase 20>> 

We enter robust matching: ...
IN ROBUST MATCHING TOO SMALL: 
-------------
IN MATCHING TOO SMALL: 
-------------
CALCULATED MU IS: 256
NEW MU is: 256
IN MATCHING OR CUT: 
-------------
FLOW CALCULATED IS: 250.938 ----------- 
THRESHOLD IS: 243.2 ----------- 
Exited: found good flow
 << Start phase 21>> 

We enter robust matching: ...
IN ROBUST MATCHING TOO SMALL: 
-------------
IN MATCHING TOO SMALL: 
-------------
CALCULATED MU IS: 256
NEW MU is: 256
IN MATCHING OR CUT: 
-------------
FLOW CALCULATED IS: 250.5 ----------- 
THRESHOLD IS: 243.2 ----------- 
Exited: found good flow
 << Start phase 22>> 

We enter robust matching: ...
IN ROBUST MATCHING TOO SMALL: 
-------------
IN MATCHING TOO SMALL: 
-------------
CALCULATED MU IS: 256
NEW MU is: 256
IN MATCHING OR CUT: 
-------------
FLOW CALCULATED IS: 250.281 ----------- 
THRESHOLD IS: 243.2 ----------- 
Exited: found good flow
 << Start phase 23>> 

We enter robust matching: ...
IN ROBUST MATCHING TOO SMALL: 
-------------
IN MATCHING TOO SMALL: 
-------------
CALCULATED MU IS: 256
NEW MU is: 256
IN MATCHING OR CUT: 
-------------
FLOW CALCULATED IS: 249.812 ----------- 
THRESHOLD IS: 243.2 ----------- 
Exited: found good flow
 << Start phase 24>> 

We enter robust matching: ...
IN ROBUST MATCHING TOO SMALL: 
-------------
IN MATCHING TOO SMALL: 
-------------
CALCULATED MU IS: 256
NEW MU is: 256
IN MATCHING OR CUT: 
-------------
FLOW CALCULATED IS: 249.281 ----------- 
THRESHOLD IS: 243.2 ----------- 
Exited: found good flow
 << Start phase 25>> 

We enter robust matching: ...
IN ROBUST MATCHING TOO SMALL: 
-------------
IN MATCHING TOO SMALL: 
-------------
CALCULATED MU IS: 256
NEW MU is: 256
IN MATCHING OR CUT: 
-------------
FLOW CALCULATED IS: 248.844 ----------- 
THRESHOLD IS: 243.2 ----------- 
Exited: found good flow
 << Start phase 26>> 

We enter robust matching: ...
IN ROBUST MATCHING TOO SMALL: 
-------------
IN MATCHING TOO SMALL: 
-------------
CALCULATED MU IS: 256
NEW MU is: 256
IN MATCHING OR CUT: 
-------------
FLOW CALCULATED IS: 248.406 ----------- 
THRESHOLD IS: 243.2 ----------- 
Exited: found good flow
 << Start phase 27>> 

We enter robust matching: ...
IN ROBUST MATCHING TOO SMALL: 
-------------
IN MATCHING TOO SMALL: 
-------------
CALCULATED MU IS: 256
NEW MU is: 256
IN MATCHING OR CUT: 
-------------
FLOW CALCULATED IS: 247.781 ----------- 
THRESHOLD IS: 243.2 ----------- 
Exited: found good flow
 << Start phase 28>> 

We enter robust matching: ...
IN ROBUST MATCHING TOO SMALL: 
-------------
IN MATCHING TOO SMALL: 
-------------
CALCULATED MU IS: 256
NEW MU is: 256
IN MATCHING OR CUT: 
-------------
FLOW CALCULATED IS: 247.406 ----------- 
THRESHOLD IS: 243.2 ----------- 
Exited: found good flow
 << Start phase 29>> 

We enter robust matching: ...
IN ROBUST MATCHING TOO SMALL: 
-------------
IN MATCHING TOO SMALL: 
-------------
CALCULATED MU IS: 256
NEW MU is: 256
IN MATCHING OR CUT: 
-------------
FLOW CALCULATED IS: 246.969 ----------- 
THRESHOLD IS: 243.2 ----------- 
Exited: found good flow
 << Start phase 30>> 

We enter robust matching: ...
IN ROBUST MATCHING TOO SMALL: 
-------------
IN MATCHING TOO SMALL: 
-------------
CALCULATED MU IS: 256
NEW MU is: 256
IN MATCHING OR CUT: 
-------------
FLOW CALCULATED IS: 246.062 ----------- 
THRESHOLD IS: 243.2 ----------- 
Exited: found good flow
 << Start phase 31>> 

We enter robust matching: ...
IN ROBUST MATCHING TOO SMALL: 
-------------
IN MATCHING TOO SMALL: 
-------------
CALCULATED MU IS: 256
NEW MU is: 256
IN MATCHING OR CUT: 
-------------
FLOW CALCULATED IS: 245.281 ----------- 
THRESHOLD IS: 243.2 ----------- 
Exited: found good flow
 << Start phase 32>> 

We enter robust matching: ...
IN ROBUST MATCHING TOO SMALL: 
-------------
IN MATCHING TOO SMALL: 
-------------
CALCULATED MU IS: 256
NEW MU is: 256
IN MATCHING OR CUT: 
-------------
FLOW CALCULATED IS: 244.781 ----------- 
THRESHOLD IS: 243.2 ----------- 
Exited: found good flow
 << Start phase 33>> 

We enter robust matching: ...
IN ROBUST MATCHING TOO SMALL: 
-------------
IN MATCHING TOO SMALL: 
-------------
CALCULATED MU IS: 256
NEW MU is: 256
IN MATCHING OR CUT: 
-------------
FLOW CALCULATED IS: 244.188 ----------- 
THRESHOLD IS: 243.2 ----------- 
Exited: found good flow
 << Start phase 34>> 

We enter robust matching: ...
IN ROBUST MATCHING TOO SMALL: 
-------------
IN MATCHING TOO SMALL: 
-------------
CALCULATED MU IS: 256
NEW MU is: 256
IN MATCHING OR CUT: 
-------------
FLOW CALCULATED IS: 243.562 ----------- 
THRESHOLD IS: 243.2 ----------- 
Exited: found good flow
 << Start phase 35>> 

We enter robust matching: ...
IN ROBUST MATCHING TOO SMALL: 
-------------
IN MATCHING TOO SMALL: 
-------------
CALCULATED MU IS: 256
NEW MU is: 256
IN MATCHING OR CUT: 
-------------
FLOW CALCULATED IS: 242.594 ----------- 
THRESHOLD IS: 243.2 ----------- 
Fn = 514
SL creation: 
0 1 4 6 8 14 15 16 17 24 26 37 41 44 48 53 59 61 62 65 69 71 77 81 82 83 89 90 102 103 106 121 122 123 125 129 135 137 139 146 147 148 152 154 166 169 177 180 183 187 192 193 194 195 196 199 200 201 202 208 209 212 213 220 222 226 227 232 233 239 244 245 246 247 251 
SR creation: 

flow is: -1
NEW MU is: 256
IN MATCHING OR CUT: 
-------------
FLOW CALCULATED IS: 251.5 ----------- 
THRESHOLD IS: 243.2 ----------- 
Exited: found good flow
 << Start phase 36>> 

We enter robust matching: ...
IN ROBUST MATCHING TOO SMALL: 
-------------
IN MATCHING TOO SMALL: 
-------------
CALCULATED MU IS: 256
NEW MU is: 256
IN MATCHING OR CUT: 
-------------
FLOW CALCULATED IS: 251.031 ----------- 
THRESHOLD IS: 243.2 ----------- 
Exited: found good flow
 << Start phase 37>> 

We enter robust matching: ...
IN ROBUST MATCHING TOO SMALL: 
-------------
IN MATCHING TOO SMALL: 
-------------
CALCULATED MU IS: 256
NEW MU is: 256
IN MATCHING OR CUT: 
-------------
FLOW CALCULATED IS: 250.844 ----------- 
THRESHOLD IS: 243.2 ----------- 
Exited: found good flow
 << Start phase 38>> 

We enter robust matching: ...
IN ROBUST MATCHING TOO SMALL: 
-------------
IN MATCHING TOO SMALL: 
-------------
CALCULATED MU IS: 256
NEW MU is: 256
IN MATCHING OR CUT: 
-------------
FLOW CALCULATED IS: 250.594 ----------- 
THRESHOLD IS: 243.2 ----------- 
Exited: found good flow
 << Start phase 39>> 

We enter robust matching: ...
IN ROBUST MATCHING TOO SMALL: 
-------------
IN MATCHING TOO SMALL: 
-------------
CALCULATED MU IS: 256
NEW MU is: 256
IN MATCHING OR CUT: 
-------------
FLOW CALCULATED IS: 250.219 ----------- 
THRESHOLD IS: 243.2 ----------- 
Exited: found good flow
 << Start phase 40>> 

We enter robust matching: ...
IN ROBUST MATCHING TOO SMALL: 
-------------
IN MATCHING TOO SMALL: 
-------------
CALCULATED MU IS: 256
NEW MU is: 256
IN MATCHING OR CUT: 
-------------
FLOW CALCULATED IS: 249.75 ----------- 
THRESHOLD IS: 243.2 ----------- 
Exited: found good flow
 << Start phase 41>> 

We enter robust matching: ...
IN ROBUST MATCHING TOO SMALL: 
-------------
IN MATCHING TOO SMALL: 
-------------
CALCULATED MU IS: 256
NEW MU is: 256
IN MATCHING OR CUT: 
-------------
FLOW CALCULATED IS: 249.438 ----------- 
THRESHOLD IS: 243.2 ----------- 
Exited: found good flow
 << Start phase 42>> 

We enter robust matching: ...
IN ROBUST MATCHING TOO SMALL: 
-------------
IN MATCHING TOO SMALL: 
-------------
CALCULATED MU IS: 256
NEW MU is: 256
IN MATCHING OR CUT: 
-------------
FLOW CALCULATED IS: 248.781 ----------- 
THRESHOLD IS: 243.2 ----------- 
Exited: found good flow
 << Start phase 43>> 

We enter robust matching: ...
IN ROBUST MATCHING TOO SMALL: 
-------------
IN MATCHING TOO SMALL: 
-------------
CALCULATED MU IS: 256
NEW MU is: 256
IN MATCHING OR CUT: 
-------------
FLOW CALCULATED IS: 248.375 ----------- 
THRESHOLD IS: 243.2 ----------- 
Exited: found good flow
 << Start phase 44>> 

We enter robust matching: ...
IN ROBUST MATCHING TOO SMALL: 
-------------
IN MATCHING TOO SMALL: 
-------------
CALCULATED MU IS: 256
NEW MU is: 256
IN MATCHING OR CUT: 
-------------
FLOW CALCULATED IS: 247.906 ----------- 
THRESHOLD IS: 243.2 ----------- 
Exited: found good flow
 << Start phase 45>> 

We enter robust matching: ...
IN ROBUST MATCHING TOO SMALL: 
-------------
IN MATCHING TOO SMALL: 
-------------
CALCULATED MU IS: 256
NEW MU is: 256
IN MATCHING OR CUT: 
-------------
FLOW CALCULATED IS: 247.5 ----------- 
THRESHOLD IS: 243.2 ----------- 
Exited: found good flow
 << Start phase 46>> 

We enter robust matching: ...
IN ROBUST MATCHING TOO SMALL: 
-------------
IN MATCHING TOO SMALL: 
-------------
CALCULATED MU IS: 256
NEW MU is: 256
IN MATCHING OR CUT: 
-------------
FLOW CALCULATED IS: 247.062 ----------- 
THRESHOLD IS: 243.2 ----------- 
Exited: found good flow
 << Start phase 47>> 

We enter robust matching: ...
IN ROBUST MATCHING TOO SMALL: 
-------------
IN MATCHING TOO SMALL: 
-------------
CALCULATED MU IS: 256
NEW MU is: 256
IN MATCHING OR CUT: 
-------------
FLOW CALCULATED IS: 246.656 ----------- 
THRESHOLD IS: 243.2 ----------- 
Exited: found good flow
 << Start phase 48>> 

We enter robust matching: ...
IN ROBUST MATCHING TOO SMALL: 
-------------
IN MATCHING TOO SMALL: 
-------------
CALCULATED MU IS: 256
NEW MU is: 256
IN MATCHING OR CUT: 
-------------
FLOW CALCULATED IS: 246.312 ----------- 
THRESHOLD IS: 243.2 ----------- 
Exited: found good flow
 << Start phase 49>> 

We enter robust matching: ...
IN ROBUST MATCHING TOO SMALL: 
-------------
IN MATCHING TOO SMALL: 
-------------
CALCULATED MU IS: 256
NEW MU is: 256
IN MATCHING OR CUT: 
-------------
FLOW CALCULATED IS: 245.938 ----------- 
THRESHOLD IS: 243.2 ----------- 
Exited: found good flow
 << Start phase 50>> 

We enter robust matching: ...
IN ROBUST MATCHING TOO SMALL: 
-------------
IN MATCHING TOO SMALL: 
-------------
CALCULATED MU IS: 256
NEW MU is: 256
IN MATCHING OR CUT: 
-------------
FLOW CALCULATED IS: 245.594 ----------- 
THRESHOLD IS: 243.2 ----------- 
Exited: found good flow
 << Start phase 51>> 

We enter robust matching: ...
IN ROBUST MATCHING TOO SMALL: 
-------------
IN MATCHING TOO SMALL: 
-------------
CALCULATED MU IS: 256
NEW MU is: 256
IN MATCHING OR CUT: 
-------------
FLOW CALCULATED IS: 244.844 ----------- 
THRESHOLD IS: 243.2 ----------- 
Exited: found good flow
 << Start phase 52>> 

We enter robust matching: ...
IN ROBUST MATCHING TOO SMALL: 
-------------
IN MATCHING TOO SMALL: 
-------------
CALCULATED MU IS: 256
NEW MU is: 256
IN MATCHING OR CUT: 
-------------
FLOW CALCULATED IS: 244.156 ----------- 
THRESHOLD IS: 243.2 ----------- 
Exited: found good flow
 << Start phase 53>> 

We enter robust matching: ...
IN ROBUST MATCHING TOO SMALL: 
-------------
IN MATCHING TOO SMALL: 
-------------
CALCULATED MU IS: 256
NEW MU is: 256
IN MATCHING OR CUT: 
-------------
FLOW CALCULATED IS: 243.438 ----------- 
THRESHOLD IS: 243.2 ----------- 
Exited: found good flow
 << Start phase 54>> 

We enter robust matching: ...
IN ROBUST MATCHING TOO SMALL: 
-------------
IN MATCHING TOO SMALL: 
-------------
CALCULATED MU IS: 256
NEW MU is: 256
IN MATCHING OR CUT: 
-------------
FLOW CALCULATED IS: 243.062 ----------- 
THRESHOLD IS: 243.2 ----------- 
Fn = 514
SL creation: 
0 1 2 3 4 5 6 7 8 9 10 11 12 13 14 15 16 17 18 19 20 21 22 23 24 25 26 27 28 29 30 31 32 33 34 35 36 37 38 39 40 41 42 43 44 45 46 47 48 49 50 51 52 53 54 55 56 57 58 59 60 61 62 63 64 65 66 67 68 69 70 71 72 73 74 75 76 77 78 79 80 81 82 83 84 85 86 87 88 89 90 91 92 93 94 95 96 97 98 99 100 101 102 103 104 105 106 107 108 109 110 111 112 113 114 115 116 117 118 119 120 121 122 123 124 125 126 127 128 129 130 131 132 133 134 135 136 137 138 139 140 141 142 143 144 145 146 147 148 149 150 151 152 153 154 155 156 157 158 159 160 161 162 163 164 165 166 167 168 169 170 171 172 173 174 175 176 177 178 179 180 181 182 183 184 185 186 187 188 189 190 191 192 193 194 195 196 197 198 199 200 201 202 203 204 205 206 207 208 209 210 211 212 213 214 215 216 217 218 219 220 221 222 223 224 225 226 227 228 229 230 231 232 233 234 235 236 237 238 239 240 241 242 243 244 245 246 247 248 249 250 251 252 253 254 255 
SR creation: 
256 258 260 261 262 263 264 266 267 269 270 271 272 273 276 277 278 281 282 285 286 287 290 291 293 295 296 297 299 301 302 304 306 307 308 309 310 311 312 313 314 315 316 321 322 323 324 325 329 330 332 333 334 336 337 338 339 340 341 343 344 345 347 348 349 351 352 353 354 356 358 362 363 364 365 366 368 369 371 373 374 375 376 377 378 380 381 383 384 386 387 388 390 391 392 393 394 395 396 397 398 399 400 401 402 404 405 406 407 410 411 413 415 416 417 418 419 422 423 424 426 427 428 430 431 432 434 435 436 437 438 439 440 441 442 443 447 448 449 450 452 453 454 456 457 458 459 460 462 463 464 465 468 469 470 471 472 473 476 477 479 480 482 483 485 486 487 489 491 492 493 494 496 497 499 502 504 505 508 509 510 511 
flow is: -1
NEW MU is: 256
IN MATCHING OR CUT: 
-------------
FLOW CALCULATED IS: 254.625 ----------- 
THRESHOLD IS: 243.2 ----------- 
Exited: found good flow
 << Start phase 55>> 

We enter robust matching: ...
IN ROBUST MATCHING TOO SMALL: 
-------------
IN MATCHING TOO SMALL: 
-------------
CALCULATED MU IS: 256
NEW MU is: 256
IN MATCHING OR CUT: 
-------------
FLOW CALCULATED IS: 254.188 ----------- 
THRESHOLD IS: 243.2 ----------- 
Exited: found good flow
 << Start phase 56>> 

We enter robust matching: ...
IN ROBUST MATCHING TOO SMALL: 
-------------
IN MATCHING TOO SMALL: 
-------------
CALCULATED MU IS: 256
NEW MU is: 256
IN MATCHING OR CUT: 
-------------
FLOW CALCULATED IS: 254.125 ----------- 
THRESHOLD IS: 243.2 ----------- 
Exited: found good flow
 << Start phase 57>> 

We enter robust matching: ...
IN ROBUST MATCHING TOO SMALL: 
-------------
IN MATCHING TOO SMALL: 
-------------
CALCULATED MU IS: 256
NEW MU is: 256
IN MATCHING OR CUT: 
-------------
FLOW CALCULATED IS: 253.938 ----------- 
THRESHOLD IS: 243.2 ----------- 
Exited: found good flow
 << Start phase 58>> 

We enter robust matching: ...
IN ROBUST MATCHING TOO SMALL: 
-------------
IN MATCHING TOO SMALL: 
-------------
CALCULATED MU IS: 256
NEW MU is: 256
IN MATCHING OR CUT: 
-------------
FLOW CALCULATED IS: 253.719 ----------- 
THRESHOLD IS: 243.2 ----------- 
Exited: found good flow
 << Start phase 59>> 

We enter robust matching: ...
IN ROBUST MATCHING TOO SMALL: 
-------------
IN MATCHING TOO SMALL: 
-------------
CALCULATED MU IS: 256
NEW MU is: 256
IN MATCHING OR CUT: 
-------------
FLOW CALCULATED IS: 253.406 ----------- 
THRESHOLD IS: 243.2 ----------- 
Exited: found good flow
 << Start phase 60>> 

We enter robust matching: ...
IN ROBUST MATCHING TOO SMALL: 
-------------
IN MATCHING TOO SMALL: 
-------------
CALCULATED MU IS: 256
NEW MU is: 256
IN MATCHING OR CUT: 
-------------
FLOW CALCULATED IS: 253.094 ----------- 
THRESHOLD IS: 243.2 ----------- 
Exited: found good flow
 << Start phase 61>> 

We enter robust matching: ...
IN ROBUST MATCHING TOO SMALL: 
-------------
IN MATCHING TOO SMALL: 
-------------
CALCULATED MU IS: 256
NEW MU is: 256
IN MATCHING OR CUT: 
-------------
FLOW CALCULATED IS: 252.781 ----------- 
THRESHOLD IS: 243.2 ----------- 
Exited: found good flow
 << Start phase 62>> 

We enter robust matching: ...
IN ROBUST MATCHING TOO SMALL: 
-------------
IN MATCHING TOO SMALL: 
-------------
CALCULATED MU IS: 256
NEW MU is: 256
IN MATCHING OR CUT: 
-------------
FLOW CALCULATED IS: 252.156 ----------- 
THRESHOLD IS: 243.2 ----------- 
Exited: found good flow
 << Start phase 63>> 

We enter robust matching: ...
IN ROBUST MATCHING TOO SMALL: 
-------------
IN MATCHING TOO SMALL: 
-------------
CALCULATED MU IS: 256
NEW MU is: 256
IN MATCHING OR CUT: 
-------------
FLOW CALCULATED IS: 251.812 ----------- 
THRESHOLD IS: 243.2 ----------- 
Exited: found good flow
 << Start phase 64>> 

We enter robust matching: ...
IN ROBUST MATCHING TOO SMALL: 
-------------
IN MATCHING TOO SMALL: 
-------------
CALCULATED MU IS: 256
NEW MU is: 256
IN MATCHING OR CUT: 
-------------
FLOW CALCULATED IS: 251.344 ----------- 
THRESHOLD IS: 243.2 ----------- 
Exited: found good flow
 << Start phase 65>> 

We enter robust matching: ...
IN ROBUST MATCHING TOO SMALL: 
-------------
IN MATCHING TOO SMALL: 
-------------
CALCULATED MU IS: 256
NEW MU is: 256
IN MATCHING OR CUT: 
-------------
FLOW CALCULATED IS: 250.812 ----------- 
THRESHOLD IS: 243.2 ----------- 
Exited: found good flow
 << Start phase 66>> 

We enter robust matching: ...
IN ROBUST MATCHING TOO SMALL: 
-------------
IN MATCHING TOO SMALL: 
-------------
CALCULATED MU IS: 256
NEW MU is: 256
IN MATCHING OR CUT: 
-------------
FLOW CALCULATED IS: 250.156 ----------- 
THRESHOLD IS: 243.2 ----------- 
Exited: found good flow
 << Start phase 67>> 

We enter robust matching: ...
IN ROBUST MATCHING TOO SMALL: 
-------------
IN MATCHING TOO SMALL: 
-------------
CALCULATED MU IS: 256
NEW MU is: 256
IN MATCHING OR CUT: 
-------------
FLOW CALCULATED IS: 249.562 ----------- 
THRESHOLD IS: 243.2 ----------- 
Exited: found good flow
 << Start phase 68>> 

We enter robust matching: ...
IN ROBUST MATCHING TOO SMALL: 
-------------
IN MATCHING TOO SMALL: 
-------------
CALCULATED MU IS: 256
NEW MU is: 256
IN MATCHING OR CUT: 
-------------
FLOW CALCULATED IS: 249.156 ----------- 
THRESHOLD IS: 243.2 ----------- 
Exited: found good flow
 << Start phase 69>> 

We enter robust matching: ...
IN ROBUST MATCHING TOO SMALL: 
-------------
IN MATCHING TOO SMALL: 
-------------
CALCULATED MU IS: 256
NEW MU is: 256
IN MATCHING OR CUT: 
-------------
FLOW CALCULATED IS: 248.688 ----------- 
THRESHOLD IS: 243.2 ----------- 
Exited: found good flow
 << Start phase 70>> 

We enter robust matching: ...
IN ROBUST MATCHING TOO SMALL: 
-------------
IN MATCHING TOO SMALL: 
-------------
CALCULATED MU IS: 256
NEW MU is: 256
IN MATCHING OR CUT: 
-------------
FLOW CALCULATED IS: 248.344 ----------- 
THRESHOLD IS: 243.2 ----------- 
Exited: found good flow
 << Start phase 71>> 

We enter robust matching: ...
IN ROBUST MATCHING TOO SMALL: 
-------------
IN MATCHING TOO SMALL: 
-------------
CALCULATED MU IS: 256
NEW MU is: 256
IN MATCHING OR CUT: 
-------------
FLOW CALCULATED IS: 247.969 ----------- 
THRESHOLD IS: 243.2 ----------- 
Exited: found good flow
 << Start phase 72>> 

We enter robust matching: ...
IN ROBUST MATCHING TOO SMALL: 
-------------
IN MATCHING TOO SMALL: 
-------------
CALCULATED MU IS: 256
NEW MU is: 256
IN MATCHING OR CUT: 
-------------
FLOW CALCULATED IS: 247.688 ----------- 
THRESHOLD IS: 243.2 ----------- 
Exited: found good flow
 << Start phase 73>> 

We enter robust matching: ...
IN ROBUST MATCHING TOO SMALL: 
-------------
IN MATCHING TOO SMALL: 
-------------
CALCULATED MU IS: 256
NEW MU is: 256
IN MATCHING OR CUT: 
-------------
FLOW CALCULATED IS: 247.156 ----------- 
THRESHOLD IS: 243.2 ----------- 
Exited: found good flow
 << Start phase 74>> 

We enter robust matching: ...
IN ROBUST MATCHING TOO SMALL: 
-------------
IN MATCHING TOO SMALL: 
-------------
CALCULATED MU IS: 256
NEW MU is: 256
IN MATCHING OR CUT: 
-------------
FLOW CALCULATED IS: 246.062 ----------- 
THRESHOLD IS: 243.2 ----------- 
Exited: found good flow
 << Start phase 75>> 

We enter robust matching: ...
IN ROBUST MATCHING TOO SMALL: 
-------------
IN MATCHING TOO SMALL: 
-------------
CALCULATED MU IS: 256
NEW MU is: 256
IN MATCHING OR CUT: 
-------------
FLOW CALCULATED IS: 245.688 ----------- 
THRESHOLD IS: 243.2 ----------- 
Exited: found good flow
 << Start phase 76>> 

We enter robust matching: ...
IN ROBUST MATCHING TOO SMALL: 
-------------
IN MATCHING TOO SMALL: 
-------------
CALCULATED MU IS: 256
NEW MU is: 256
IN MATCHING OR CUT: 
-------------
FLOW CALCULATED IS: 244.969 ----------- 
THRESHOLD IS: 243.2 ----------- 
Exited: found good flow
 << Start phase 77>> 

We enter robust matching: ...
IN ROBUST MATCHING TOO SMALL: 
-------------
IN MATCHING TOO SMALL: 
-------------
CALCULATED MU IS: 256
NEW MU is: 256
IN MATCHING OR CUT: 
-------------
FLOW CALCULATED IS: 244.406 ----------- 
THRESHOLD IS: 243.2 ----------- 
Exited: found good flow
 << Start phase 78>> 

We enter robust matching: ...
IN ROBUST MATCHING TOO SMALL: 
-------------
IN MATCHING TOO SMALL: 
-------------
CALCULATED MU IS: 256
NEW MU is: 256
IN MATCHING OR CUT: 
-------------
FLOW CALCULATED IS: 243.781 ----------- 
THRESHOLD IS: 243.2 ----------- 
Exited: found good flow
 << Start phase 79>> 

We enter robust matching: ...
IN ROBUST MATCHING TOO SMALL: 
-------------
IN MATCHING TOO SMALL: 
-------------
CALCULATED MU IS: 256
NEW MU is: 256
IN MATCHING OR CUT: 
-------------
FLOW CALCULATED IS: 243.188 ----------- 
THRESHOLD IS: 243.2 ----------- 
Fn = 514
SL creation: 
7 15 18 19 23 28 35 39 45 51 58 63 64 66 70 72 74 75 77 78 80 83 84 92 94 96 97 100 101 105 107 112 118 127 138 151 152 153 162 164 167 174 175 178 181 184 189 190 191 197 204 205 207 210 212 217 218 219 221 226 229 230 231 240 245 247 249 250 251 252 255 
SR creation: 

flow is: -1
NEW MU is: 256
IN MATCHING OR CUT: 
-------------
FLOW CALCULATED IS: 254.094 ----------- 
THRESHOLD IS: 243.2 ----------- 
Exited: found good flow
 << Start phase 80>> 

We enter robust matching: ...
IN ROBUST MATCHING TOO SMALL: 
-------------
IN MATCHING TOO SMALL: 
-------------
CALCULATED MU IS: 256
NEW MU is: 256
IN MATCHING OR CUT: 
-------------
FLOW CALCULATED IS: 254.031 ----------- 
THRESHOLD IS: 243.2 ----------- 
Exited: found good flow
 << Start phase 81>> 

We enter robust matching: ...
IN ROBUST MATCHING TOO SMALL: 
-------------
IN MATCHING TOO SMALL: 
-------------
CALCULATED MU IS: 256
NEW MU is: 256
IN MATCHING OR CUT: 
-------------
FLOW CALCULATED IS: 253.625 ----------- 
THRESHOLD IS: 243.2 ----------- 
Exited: found good flow
 << Start phase 82>> 

We enter robust matching: ...
IN ROBUST MATCHING TOO SMALL: 
-------------
IN MATCHING TOO SMALL: 
-------------
CALCULATED MU IS: 256
NEW MU is: 256
IN MATCHING OR CUT: 
-------------
FLOW CALCULATED IS: 253.5 ----------- 
THRESHOLD IS: 243.2 ----------- 
Exited: found good flow
 << Start phase 83>> 

We enter robust matching: ...
IN ROBUST MATCHING TOO SMALL: 
-------------
IN MATCHING TOO SMALL: 
-------------
CALCULATED MU IS: 256
NEW MU is: 256
IN MATCHING OR CUT: 
-------------
FLOW CALCULATED IS: 252.938 ----------- 
THRESHOLD IS: 243.2 ----------- 
Exited: found good flow
 << Start phase 84>> 

We enter robust matching: ...
IN ROBUST MATCHING TOO SMALL: 
-------------
IN MATCHING TOO SMALL: 
-------------
CALCULATED MU IS: 256
NEW MU is: 256
IN MATCHING OR CUT: 
-------------
FLOW CALCULATED IS: 252.531 ----------- 
THRESHOLD IS: 243.2 ----------- 
Exited: found good flow
 << Start phase 85>> 

We enter robust matching: ...
IN ROBUST MATCHING TOO SMALL: 
-------------
IN MATCHING TOO SMALL: 
-------------
CALCULATED MU IS: 256
NEW MU is: 256
IN MATCHING OR CUT: 
-------------
FLOW CALCULATED IS: 252.281 ----------- 
THRESHOLD IS: 243.2 ----------- 
Exited: found good flow
 << Start phase 86>> 

We enter robust matching: ...
IN ROBUST MATCHING TOO SMALL: 
-------------
IN MATCHING TOO SMALL: 
-------------
CALCULATED MU IS: 256
NEW MU is: 256
IN MATCHING OR CUT: 
-------------
FLOW CALCULATED IS: 251.812 ----------- 
THRESHOLD IS: 243.2 ----------- 
Exited: found good flow
 << Start phase 87>> 

We enter robust matching: ...
IN ROBUST MATCHING TOO SMALL: 
-------------
IN MATCHING TOO SMALL: 
-------------
CALCULATED MU IS: 256
NEW MU is: 256
IN MATCHING OR CUT: 
-------------
FLOW CALCULATED IS: 251.562 ----------- 
THRESHOLD IS: 243.2 ----------- 
Exited: found good flow
 << Start phase 88>> 

We enter robust matching: ...
IN ROBUST MATCHING TOO SMALL: 
-------------
IN MATCHING TOO SMALL: 
-------------
CALCULATED MU IS: 256
NEW MU is: 256
IN MATCHING OR CUT: 
-------------
FLOW CALCULATED IS: 251.562 ----------- 
THRESHOLD IS: 243.2 ----------- 
Exited: found good flow
 << Start phase 89>> 

We enter robust matching: ...
IN ROBUST MATCHING TOO SMALL: 
-------------
IN MATCHING TOO SMALL: 
-------------
CALCULATED MU IS: 256
NEW MU is: 256
IN MATCHING OR CUT: 
-------------
FLOW CALCULATED IS: 251.062 ----------- 
THRESHOLD IS: 243.2 ----------- 
Exited: found good flow
 << Start phase 90>> 

We enter robust matching: ...
IN ROBUST MATCHING TOO SMALL: 
-------------
IN MATCHING TOO SMALL: 
-------------
CALCULATED MU IS: 256
NEW MU is: 256
IN MATCHING OR CUT: 
-------------
FLOW CALCULATED IS: 250.875 ----------- 
THRESHOLD IS: 243.2 ----------- 
Exited: found good flow
 << Start phase 91>> 

We enter robust matching: ...
IN ROBUST MATCHING TOO SMALL: 
-------------
IN MATCHING TOO SMALL: 
-------------
CALCULATED MU IS: 256
NEW MU is: 256
IN MATCHING OR CUT: 
-------------
FLOW CALCULATED IS: 250.531 ----------- 
THRESHOLD IS: 243.2 ----------- 
Exited: found good flow
 << Start phase 92>> 

We enter robust matching: ...
IN ROBUST MATCHING TOO SMALL: 
-------------
IN MATCHING TOO SMALL: 
-------------
CALCULATED MU IS: 256
NEW MU is: 256
IN MATCHING OR CUT: 
-------------
FLOW CALCULATED IS: 250.031 ----------- 
THRESHOLD IS: 243.2 ----------- 
Exited: found good flow
 << Start phase 93>> 

We enter robust matching: ...
IN ROBUST MATCHING TOO SMALL: 
-------------
IN MATCHING TOO SMALL: 
-------------
CALCULATED MU IS: 256
NEW MU is: 256
IN MATCHING OR CUT: 
-------------
FLOW CALCULATED IS: 249.469 ----------- 
THRESHOLD IS: 243.2 ----------- 
Exited: found good flow
 << Start phase 94>> 

We enter robust matching: ...
IN ROBUST MATCHING TOO SMALL: 
-------------
IN MATCHING TOO SMALL: 
-------------
CALCULATED MU IS: 256
NEW MU is: 256
IN MATCHING OR CUT: 
-------------
FLOW CALCULATED IS: 248.875 ----------- 
THRESHOLD IS: 243.2 ----------- 
Exited: found good flow
 << Start phase 95>> 

We enter robust matching: ...
IN ROBUST MATCHING TOO SMALL: 
-------------
IN MATCHING TOO SMALL: 
-------------
CALCULATED MU IS: 256
NEW MU is: 256
IN MATCHING OR CUT: 
-------------
FLOW CALCULATED IS: 248.375 ----------- 
THRESHOLD IS: 243.2 ----------- 
Exited: found good flow
 << Start phase 96>> 

We enter robust matching: ...
IN ROBUST MATCHING TOO SMALL: 
-------------
IN MATCHING TOO SMALL: 
-------------
CALCULATED MU IS: 256
NEW MU is: 256
IN MATCHING OR CUT: 
-------------
FLOW CALCULATED IS: 247.594 ----------- 
THRESHOLD IS: 243.2 ----------- 
Exited: found good flow
 << Start phase 97>> 

We enter robust matching: ...
IN ROBUST MATCHING TOO SMALL: 
-------------
IN MATCHING TOO SMALL: 
-------------
CALCULATED MU IS: 256
NEW MU is: 256
IN MATCHING OR CUT: 
-------------
FLOW CALCULATED IS: 247.156 ----------- 
THRESHOLD IS: 243.2 ----------- 
Exited: found good flow
 << Start phase 98>> 

We enter robust matching: ...
IN ROBUST MATCHING TOO SMALL: 
-------------
IN MATCHING TOO SMALL: 
-------------
CALCULATED MU IS: 256
NEW MU is: 256
IN MATCHING OR CUT: 
-------------
FLOW CALCULATED IS: 246.75 ----------- 
THRESHOLD IS: 243.2 ----------- 
Exited: found good flow
 << Start phase 99>> 

We enter robust matching: ...
IN ROBUST MATCHING TOO SMALL: 
-------------
IN MATCHING TOO SMALL: 
-------------
CALCULATED MU IS: 256
NEW MU is: 256
IN MATCHING OR CUT: 
-------------
FLOW CALCULATED IS: 246.281 ----------- 
THRESHOLD IS: 243.2 ----------- 
Exited: found good flow
 << Start phase 100>> 

We enter robust matching: ...
IN ROBUST MATCHING TOO SMALL: 
-------------
IN MATCHING TOO SMALL: 
-------------
CALCULATED MU IS: 256
NEW MU is: 256
IN MATCHING OR CUT: 
-------------
FLOW CALCULATED IS: 244.812 ----------- 
THRESHOLD IS: 243.2 ----------- 
Exited: found good flow
 << Start phase 101>> 

We enter robust matching: ...
IN ROBUST MATCHING TOO SMALL: 
-------------
IN MATCHING TOO SMALL: 
-------------
CALCULATED MU IS: 256
NEW MU is: 256
IN MATCHING OR CUT: 
-------------
FLOW CALCULATED IS: 243.719 ----------- 
THRESHOLD IS: 243.2 ----------- 
Exited: found good flow
 << Start phase 102>> 

We enter robust matching: ...
IN ROBUST MATCHING TOO SMALL: 
-------------
IN MATCHING TOO SMALL: 
-------------
CALCULATED MU IS: 256
NEW MU is: 256
IN MATCHING OR CUT: 
-------------
FLOW CALCULATED IS: 242.875 ----------- 
THRESHOLD IS: 243.2 ----------- 
Fn = 514
SL creation: 
0 1 2 3 4 5 6 7 8 9 10 11 12 13 14 15 16 17 18 19 20 21 22 23 24 25 26 27 28 29 30 31 32 33 34 35 36 37 38 39 40 41 42 43 44 45 46 47 48 49 50 51 52 53 54 55 56 57 58 59 60 61 62 63 64 65 66 67 68 69 70 71 72 73 74 75 76 77 78 79 80 81 82 83 84 85 86 87 88 89 90 91 92 93 94 95 96 97 98 99 100 101 102 103 104 105 106 107 108 109 110 111 112 113 114 115 116 117 118 119 120 121 122 123 124 125 126 127 128 129 130 131 132 133 134 135 136 137 138 139 140 141 142 143 144 145 146 147 148 149 150 151 152 153 154 155 156 157 158 159 160 161 162 163 164 165 166 167 168 169 170 171 172 173 174 175 176 177 178 179 180 182 183 184 185 186 187 188 189 190 191 192 193 194 195 196 197 198 199 200 201 202 203 204 205 206 207 208 209 210 211 212 213 214 215 216 217 218 219 220 221 222 223 224 225 226 227 228 229 230 231 232 233 234 235 236 237 238 239 240 241 242 243 244 245 246 247 248 249 250 251 252 253 254 255 
SR creation: 
256 259 261 263 265 268 270 274 275 279 280 281 283 284 287 288 290 291 292 294 295 296 297 298 299 300 301 302 304 305 308 309 310 311 312 313 314 318 319 320 321 324 325 326 328 329 331 332 334 335 336 337 338 341 343 344 345 348 349 352 353 354 355 356 357 359 360 361 362 363 364 365 367 374 377 378 379 382 383 385 388 389 390 391 394 395 396 397 398 400 401 403 407 411 412 413 414 415 416 419 422 425 426 427 432 433 438 441 443 446 449 450 451 454 455 456 458 460 461 462 463 466 467 469 470 472 475 476 477 478 480 481 484 486 487 488 490 492 493 495 497 500 502 504 505 506 507 508 511 
flow is: -1
NEW MU is: 256
IN MATCHING OR CUT: 
-------------
FLOW CALCULATED IS: 254.281 ----------- 
THRESHOLD IS: 243.2 ----------- 
Exited: found good flow
 << Start phase 103>> 

We enter robust matching: ...
IN ROBUST MATCHING TOO SMALL: 
-------------
IN MATCHING TOO SMALL: 
-------------
CALCULATED MU IS: 256
NEW MU is: 256
IN MATCHING OR CUT: 
-------------
FLOW CALCULATED IS: 254.281 ----------- 
THRESHOLD IS: 243.2 ----------- 
Exited: found good flow
 << Start phase 104>> 

We enter robust matching: ...
IN ROBUST MATCHING TOO SMALL: 
-------------
IN MATCHING TOO SMALL: 
-------------
CALCULATED MU IS: 256
NEW MU is: 256
IN MATCHING OR CUT: 
-------------
FLOW CALCULATED IS: 253.969 ----------- 
THRESHOLD IS: 243.2 ----------- 
Exited: found good flow
 << Start phase 105>> 

We enter robust matching: ...
IN ROBUST MATCHING TOO SMALL: 
-------------
IN MATCHING TOO SMALL: 
-------------
CALCULATED MU IS: 256
NEW MU is: 256
IN MATCHING OR CUT: 
-------------
FLOW CALCULATED IS: 253.906 ----------- 
THRESHOLD IS: 243.2 ----------- 
Exited: found good flow
 << Start phase 106>> 

We enter robust matching: ...
IN ROBUST MATCHING TOO SMALL: 
-------------
IN MATCHING TOO SMALL: 
-------------
CALCULATED MU IS: 256
NEW MU is: 256
IN MATCHING OR CUT: 
-------------
FLOW CALCULATED IS: 253.406 ----------- 
THRESHOLD IS: 243.2 ----------- 
Exited: found good flow
 << Start phase 107>> 

We enter robust matching: ...
IN ROBUST MATCHING TOO SMALL: 
-------------
IN MATCHING TOO SMALL: 
-------------
CALCULATED MU IS: 256
NEW MU is: 256
IN MATCHING OR CUT: 
-------------
FLOW CALCULATED IS: 252.906 ----------- 
THRESHOLD IS: 243.2 ----------- 
Exited: found good flow
 << Start phase 108>> 

We enter robust matching: ...
IN ROBUST MATCHING TOO SMALL: 
-------------
IN MATCHING TOO SMALL: 
-------------
CALCULATED MU IS: 256
NEW MU is: 256
IN MATCHING OR CUT: 
-------------
FLOW CALCULATED IS: 252.594 ----------- 
THRESHOLD IS: 243.2 ----------- 
Exited: found good flow
 << Start phase 109>> 

We enter robust matching: ...
IN ROBUST MATCHING TOO SMALL: 
-------------
IN MATCHING TOO SMALL: 
-------------
CALCULATED MU IS: 256
NEW MU is: 256
IN MATCHING OR CUT: 
-------------
FLOW CALCULATED IS: 252.219 ----------- 
THRESHOLD IS: 243.2 ----------- 
Exited: found good flow
 << Start phase 110>> 

We enter robust matching: ...
IN ROBUST MATCHING TOO SMALL: 
-------------
IN MATCHING TOO SMALL: 
-------------
CALCULATED MU IS: 256
NEW MU is: 256
IN MATCHING OR CUT: 
-------------
FLOW CALCULATED IS: 252.094 ----------- 
THRESHOLD IS: 243.2 ----------- 
Exited: found good flow
 << Start phase 111>> 

We enter robust matching: ...
IN ROBUST MATCHING TOO SMALL: 
-------------
IN MATCHING TOO SMALL: 
-------------
CALCULATED MU IS: 256
NEW MU is: 256
IN MATCHING OR CUT: 
-------------
FLOW CALCULATED IS: 251.844 ----------- 
THRESHOLD IS: 243.2 ----------- 
Exited: found good flow
 << Start phase 112>> 

We enter robust matching: ...
IN ROBUST MATCHING TOO SMALL: 
-------------
IN MATCHING TOO SMALL: 
-------------
CALCULATED MU IS: 256
NEW MU is: 256
IN MATCHING OR CUT: 
-------------
FLOW CALCULATED IS: 251.562 ----------- 
THRESHOLD IS: 243.2 ----------- 
Exited: found good flow
 << Start phase 113>> 

We enter robust matching: ...
IN ROBUST MATCHING TOO SMALL: 
-------------
IN MATCHING TOO SMALL: 
-------------
CALCULATED MU IS: 256
NEW MU is: 256
IN MATCHING OR CUT: 
-------------
FLOW CALCULATED IS: 251.188 ----------- 
THRESHOLD IS: 243.2 ----------- 
Exited: found good flow
 << Start phase 114>> 

We enter robust matching: ...
IN ROBUST MATCHING TOO SMALL: 
-------------
IN MATCHING TOO SMALL: 
-------------
CALCULATED MU IS: 256
NEW MU is: 256
IN MATCHING OR CUT: 
-------------
FLOW CALCULATED IS: 250.812 ----------- 
THRESHOLD IS: 243.2 ----------- 
Exited: found good flow
 << Start phase 115>> 

We enter robust matching: ...
IN ROBUST MATCHING TOO SMALL: 
-------------
IN MATCHING TOO SMALL: 
-------------
CALCULATED MU IS: 256
NEW MU is: 256
IN MATCHING OR CUT: 
-------------
FLOW CALCULATED IS: 250.25 ----------- 
THRESHOLD IS: 243.2 ----------- 
Exited: found good flow
 << Start phase 116>> 

We enter robust matching: ...
IN ROBUST MATCHING TOO SMALL: 
-------------
IN MATCHING TOO SMALL: 
-------------
CALCULATED MU IS: 256
NEW MU is: 256
IN MATCHING OR CUT: 
-------------
FLOW CALCULATED IS: 249.938 ----------- 
THRESHOLD IS: 243.2 ----------- 
Exited: found good flow
 << Start phase 117>> 

We enter robust matching: ...
IN ROBUST MATCHING TOO SMALL: 
-------------
IN MATCHING TOO SMALL: 
-------------
CALCULATED MU IS: 256
NEW MU is: 256
IN MATCHING OR CUT: 
-------------
FLOW CALCULATED IS: 249.312 ----------- 
THRESHOLD IS: 243.2 ----------- 
Exited: found good flow
 << Start phase 118>> 

We enter robust matching: ...
IN ROBUST MATCHING TOO SMALL: 
-------------
IN MATCHING TOO SMALL: 
-------------
CALCULATED MU IS: 256
NEW MU is: 256
IN MATCHING OR CUT: 
-------------
FLOW CALCULATED IS: 249.312 ----------- 
THRESHOLD IS: 243.2 ----------- 
Exited: found good flow
 << Start phase 119>> 

We enter robust matching: ...
IN ROBUST MATCHING TOO SMALL: 
-------------
IN MATCHING TOO SMALL: 
-------------
CALCULATED MU IS: 256
NEW MU is: 256
IN MATCHING OR CUT: 
-------------
FLOW CALCULATED IS: 248.875 ----------- 
THRESHOLD IS: 243.2 ----------- 
Exited: found good flow
 << Start phase 120>> 

We enter robust matching: ...
IN ROBUST MATCHING TOO SMALL: 
-------------
IN MATCHING TOO SMALL: 
-------------
CALCULATED MU IS: 256
NEW MU is: 256
IN MATCHING OR CUT: 
-------------
FLOW CALCULATED IS: 248.375 ----------- 
THRESHOLD IS: 243.2 ----------- 
Exited: found good flow
 << Start phase 121>> 

We enter robust matching: ...
IN ROBUST MATCHING TOO SMALL: 
-------------
IN MATCHING TOO SMALL: 
-------------
CALCULATED MU IS: 256
NEW MU is: 256
IN MATCHING OR CUT: 
-------------
FLOW CALCULATED IS: 248.188 ----------- 
THRESHOLD IS: 243.2 ----------- 
Exited: found good flow
 << Start phase 122>> 

We enter robust matching: ...
IN ROBUST MATCHING TOO SMALL: 
-------------
IN MATCHING TOO SMALL: 
-------------
CALCULATED MU IS: 256
NEW MU is: 256
IN MATCHING OR CUT: 
-------------
FLOW CALCULATED IS: 247.844 ----------- 
THRESHOLD IS: 243.2 ----------- 
Exited: found good flow
 << Start phase 123>> 

We enter robust matching: ...
IN ROBUST MATCHING TOO SMALL: 
-------------
IN MATCHING TOO SMALL: 
-------------
CALCULATED MU IS: 256
NEW MU is: 256
IN MATCHING OR CUT: 
-------------
FLOW CALCULATED IS: 247.094 ----------- 
THRESHOLD IS: 243.2 ----------- 
Exited: found good flow
 << Start phase 124>> 

We enter robust matching: ...
IN ROBUST MATCHING TOO SMALL: 
-------------
IN MATCHING TOO SMALL: 
-------------
CALCULATED MU IS: 256
NEW MU is: 256
IN MATCHING OR CUT: 
-------------
FLOW CALCULATED IS: 246.219 ----------- 
THRESHOLD IS: 243.2 ----------- 
Exited: found good flow
 << Start phase 125>> 

We enter robust matching: ...
IN ROBUST MATCHING TOO SMALL: 
-------------
IN MATCHING TOO SMALL: 
-------------
CALCULATED MU IS: 256
NEW MU is: 256
IN MATCHING OR CUT: 
-------------
FLOW CALCULATED IS: 245.781 ----------- 
THRESHOLD IS: 243.2 ----------- 
Exited: found good flow
 << Start phase 126>> 

We enter robust matching: ...
IN ROBUST MATCHING TOO SMALL: 
-------------
IN MATCHING TOO SMALL: 
-------------
CALCULATED MU IS: 256
NEW MU is: 256
IN MATCHING OR CUT: 
-------------
FLOW CALCULATED IS: 245.062 ----------- 
THRESHOLD IS: 243.2 ----------- 
Exited: found good flow
 << Start phase 127>> 

We enter robust matching: ...
IN ROBUST MATCHING TOO SMALL: 
-------------
IN MATCHING TOO SMALL: 
-------------
CALCULATED MU IS: 256
NEW MU is: 256
IN MATCHING OR CUT: 
-------------
FLOW CALCULATED IS: 243.969 ----------- 
THRESHOLD IS: 243.2 ----------- 
Exited: found good flow
 << Start phase 128>> 

We enter robust matching: ...
IN ROBUST MATCHING TOO SMALL: 
-------------
IN MATCHING TOO SMALL: 
-------------
CALCULATED MU IS: 256
NEW MU is: 256
IN MATCHING OR CUT: 
-------------
FLOW CALCULATED IS: 243.281 ----------- 
THRESHOLD IS: 243.2 ----------- 
Exited: found good flow
 << Start phase 129>> 

We enter robust matching: ...
IN ROBUST MATCHING TOO SMALL: 
-------------
IN MATCHING TOO SMALL: 
-------------
CALCULATED MU IS: 256
NEW MU is: 256
IN MATCHING OR CUT: 
-------------
FLOW CALCULATED IS: 242.312 ----------- 
THRESHOLD IS: 243.2 ----------- 
Fn = 514
SL creation: 
0 2 6 10 11 25 27 30 31 49 50 52 55 56 66 67 68 72 73 76 82 83 88 92 95 103 110 114 116 124 126 129 133 135 141 142 143 145 147 149 150 151 157 158 160 161 164 165 169 170 171 175 178 179 180 183 186 188 189 193 194 197 198 199 211 217 222 223 224 240 241 242 243 244 249 254 
SR creation: 
305 468 
flow is: -1
NEW MU is: 256
IN MATCHING OR CUT: 
-------------
FLOW CALCULATED IS: 250.812 ----------- 
THRESHOLD IS: 243.2 ----------- 
Exited: found good flow
 << Start phase 130>> 

We enter robust matching: ...
IN ROBUST MATCHING TOO SMALL: 
-------------
IN MATCHING TOO SMALL: 
-------------
CALCULATED MU IS: 256
NEW MU is: 256
IN MATCHING OR CUT: 
-------------
FLOW CALCULATED IS: 250.625 ----------- 
THRESHOLD IS: 243.2 ----------- 
Exited: found good flow
 << Start phase 131>> 

We enter robust matching: ...
IN ROBUST MATCHING TOO SMALL: 
-------------
IN MATCHING TOO SMALL: 
-------------
CALCULATED MU IS: 256
NEW MU is: 256
IN MATCHING OR CUT: 
-------------
FLOW CALCULATED IS: 249.875 ----------- 
THRESHOLD IS: 243.2 ----------- 
Exited: found good flow
 << Start phase 132>> 

We enter robust matching: ...
IN ROBUST MATCHING TOO SMALL: 
-------------
IN MATCHING TOO SMALL: 
-------------
CALCULATED MU IS: 256
NEW MU is: 256
IN MATCHING OR CUT: 
-------------
FLOW CALCULATED IS: 249.688 ----------- 
THRESHOLD IS: 243.2 ----------- 
Exited: found good flow
 << Start phase 133>> 

We enter robust matching: ...
IN ROBUST MATCHING TOO SMALL: 
-------------
IN MATCHING TOO SMALL: 
-------------
CALCULATED MU IS: 256
NEW MU is: 256
IN MATCHING OR CUT: 
-------------
FLOW CALCULATED IS: 249.375 ----------- 
THRESHOLD IS: 243.2 ----------- 
Exited: found good flow
 << Start phase 134>> 

We enter robust matching: ...
IN ROBUST MATCHING TOO SMALL: 
-------------
IN MATCHING TOO SMALL: 
-------------
CALCULATED MU IS: 256
NEW MU is: 256
IN MATCHING OR CUT: 
-------------
FLOW CALCULATED IS: 248.875 ----------- 
THRESHOLD IS: 243.2 ----------- 
Exited: found good flow
 << Start phase 135>> 

We enter robust matching: ...
IN ROBUST MATCHING TOO SMALL: 
-------------
IN MATCHING TOO SMALL: 
-------------
CALCULATED MU IS: 256
NEW MU is: 256
IN MATCHING OR CUT: 
-------------
FLOW CALCULATED IS: 248.5 ----------- 
THRESHOLD IS: 243.2 ----------- 
Exited: found good flow
 << Start phase 136>> 

We enter robust matching: ...
IN ROBUST MATCHING TOO SMALL: 
-------------
IN MATCHING TOO SMALL: 
-------------
CALCULATED MU IS: 256
NEW MU is: 256
IN MATCHING OR CUT: 
-------------
FLOW CALCULATED IS: 248.25 ----------- 
THRESHOLD IS: 243.2 ----------- 
Exited: found good flow
 << Start phase 137>> 

We enter robust matching: ...
IN ROBUST MATCHING TOO SMALL: 
-------------
IN MATCHING TOO SMALL: 
-------------
CALCULATED MU IS: 256
NEW MU is: 256
IN MATCHING OR CUT: 
-------------
FLOW CALCULATED IS: 247.75 ----------- 
THRESHOLD IS: 243.2 ----------- 
Exited: found good flow
 << Start phase 138>> 

We enter robust matching: ...
IN ROBUST MATCHING TOO SMALL: 
-------------
IN MATCHING TOO SMALL: 
-------------
CALCULATED MU IS: 256
NEW MU is: 256
IN MATCHING OR CUT: 
-------------
FLOW CALCULATED IS: 247.562 ----------- 
THRESHOLD IS: 243.2 ----------- 
Exited: found good flow
 << Start phase 139>> 

We enter robust matching: ...
IN ROBUST MATCHING TOO SMALL: 
-------------
IN MATCHING TOO SMALL: 
-------------
CALCULATED MU IS: 256
NEW MU is: 256
IN MATCHING OR CUT: 
-------------
FLOW CALCULATED IS: 247.438 ----------- 
THRESHOLD IS: 243.2 ----------- 
Exited: found good flow
 << Start phase 140>> 

We enter robust matching: ...
IN ROBUST MATCHING TOO SMALL: 
-------------
IN MATCHING TOO SMALL: 
-------------
CALCULATED MU IS: 256
NEW MU is: 256
IN MATCHING OR CUT: 
-------------
FLOW CALCULATED IS: 247.188 ----------- 
THRESHOLD IS: 243.2 ----------- 
Exited: found good flow
 << Start phase 141>> 

We enter robust matching: ...
IN ROBUST MATCHING TOO SMALL: 
-------------
IN MATCHING TOO SMALL: 
-------------
CALCULATED MU IS: 256
NEW MU is: 256
IN MATCHING OR CUT: 
-------------
FLOW CALCULATED IS: 247.188 ----------- 
THRESHOLD IS: 243.2 ----------- 
Exited: found good flow
 << Start phase 142>> 

We enter robust matching: ...
IN ROBUST MATCHING TOO SMALL: 
-------------
IN MATCHING TOO SMALL: 
-------------
CALCULATED MU IS: 256
NEW MU is: 256
IN MATCHING OR CUT: 
-------------
FLOW CALCULATED IS: 247.125 ----------- 
THRESHOLD IS: 243.2 ----------- 
Exited: found good flow
 << Start phase 143>> 

We enter robust matching: ...
IN ROBUST MATCHING TOO SMALL: 
-------------
IN MATCHING TOO SMALL: 
-------------
CALCULATED MU IS: 256
NEW MU is: 256
IN MATCHING OR CUT: 
-------------
FLOW CALCULATED IS: 246.438 ----------- 
THRESHOLD IS: 243.2 ----------- 
Exited: found good flow
 << Start phase 144>> 

We enter robust matching: ...
IN ROBUST MATCHING TOO SMALL: 
-------------
IN MATCHING TOO SMALL: 
-------------
CALCULATED MU IS: 256
NEW MU is: 256
IN MATCHING OR CUT: 
-------------
FLOW CALCULATED IS: 245.375 ----------- 
THRESHOLD IS: 243.2 ----------- 
Exited: found good flow
 << Start phase 145>> 

We enter robust matching: ...
IN ROBUST MATCHING TOO SMALL: 
-------------
IN MATCHING TOO SMALL: 
-------------
CALCULATED MU IS: 256
NEW MU is: 256
IN MATCHING OR CUT: 
-------------
FLOW CALCULATED IS: 244.688 ----------- 
THRESHOLD IS: 243.2 ----------- 
Exited: found good flow
 << Start phase 146>> 

We enter robust matching: ...
IN ROBUST MATCHING TOO SMALL: 
-------------
IN MATCHING TOO SMALL: 
-------------
CALCULATED MU IS: 256
NEW MU is: 256
IN MATCHING OR CUT: 
-------------
FLOW CALCULATED IS: 243.688 ----------- 
THRESHOLD IS: 243.2 ----------- 
Exited: found good flow
 << Start phase 147>> 

We enter robust matching: ...
IN ROBUST MATCHING TOO SMALL: 
-------------
IN MATCHING TOO SMALL: 
-------------
CALCULATED MU IS: 256
NEW MU is: 256
IN MATCHING OR CUT: 
-------------
FLOW CALCULATED IS: 243.562 ----------- 
THRESHOLD IS: 243.2 ----------- 
Exited: found good flow
 << Start phase 148>> 

We enter robust matching: ...
IN ROBUST MATCHING TOO SMALL: 
-------------
IN MATCHING TOO SMALL: 
-------------
CALCULATED MU IS: 256
NEW MU is: 256
IN MATCHING OR CUT: 
-------------
FLOW CALCULATED IS: 243.125 ----------- 
THRESHOLD IS: 243.2 ----------- 
Fn = 514
SL creation: 
0 1 2 3 4 5 6 7 8 9 10 11 12 13 14 15 16 17 18 19 20 21 22 23 24 25 26 27 28 29 30 31 32 33 34 35 36 37 38 39 40 41 42 43 44 45 46 47 48 49 50 51 52 53 54 55 56 57 58 59 60 61 62 63 64 65 66 67 68 69 70 71 72 73 74 75 76 77 78 79 80 81 82 83 84 85 86 87 88 89 90 91 92 93 94 95 96 97 98 99 100 101 102 103 104 105 106 107 108 109 110 111 112 113 114 115 116 117 118 119 120 121 122 123 124 125 126 127 128 129 130 131 132 133 134 135 136 137 138 139 140 141 142 143 144 145 146 147 148 149 150 151 152 153 154 155 156 157 158 159 160 161 162 163 164 165 166 167 168 169 170 171 172 173 174 175 176 177 178 179 180 181 182 183 184 185 186 187 188 189 190 191 192 193 194 195 196 197 198 199 200 201 202 203 204 205 206 207 208 209 210 211 212 213 214 215 216 217 218 219 220 221 222 223 224 225 226 227 228 229 230 231 232 233 234 235 236 237 238 239 240 241 242 243 244 245 246 247 248 249 250 251 252 253 254 255 
SR creation: 
256 257 258 259 260 261 262 263 264 266 267 268 269 270 271 272 273 275 276 277 278 279 280 281 282 285 287 288 289 292 293 295 296 297 298 300 302 304 305 306 307 310 313 314 315 317 318 319 320 321 322 323 324 326 327 328 330 331 332 336 337 339 340 344 345 346 347 349 350 351 352 353 355 356 357 358 359 361 362 364 367 368 369 371 373 374 375 377 379 381 382 384 385 386 388 391 393 394 396 397 399 400 401 403 404 405 408 413 414 416 417 418 419 421 423 425 426 427 428 429 430 431 432 435 436 437 438 440 442 444 447 448 450 451 453 457 459 460 461 462 463 464 465 466 468 471 473 474 475 477 478 479 480 481 482 483 484 485 486 487 488 489 490 494 497 498 499 500 501 503 504 506 507 508 509 510 511 
flow is: -1
NEW MU is: 256
IN MATCHING OR CUT: 
-------------
FLOW CALCULATED IS: 254.688 ----------- 
THRESHOLD IS: 243.2 ----------- 
Exited: found good flow
 << Start phase 149>> 

We enter robust matching: ...
IN ROBUST MATCHING TOO SMALL: 
-------------
IN MATCHING TOO SMALL: 
-------------
CALCULATED MU IS: 256
NEW MU is: 256
IN MATCHING OR CUT: 
-------------
FLOW CALCULATED IS: 254.438 ----------- 
THRESHOLD IS: 243.2 ----------- 
Exited: found good flow
 << Start phase 150>> 

We enter robust matching: ...
IN ROBUST MATCHING TOO SMALL: 
-------------
IN MATCHING TOO SMALL: 
-------------
CALCULATED MU IS: 256
NEW MU is: 256
IN MATCHING OR CUT: 
-------------
FLOW CALCULATED IS: 254.312 ----------- 
THRESHOLD IS: 243.2 ----------- 
Exited: found good flow
 << Start phase 151>> 

We enter robust matching: ...
IN ROBUST MATCHING TOO SMALL: 
-------------
IN MATCHING TOO SMALL: 
-------------
CALCULATED MU IS: 256
NEW MU is: 256
IN MATCHING OR CUT: 
-------------
FLOW CALCULATED IS: 253.875 ----------- 
THRESHOLD IS: 243.2 ----------- 
Exited: found good flow
 << Start phase 152>> 

We enter robust matching: ...
IN ROBUST MATCHING TOO SMALL: 
-------------
IN MATCHING TOO SMALL: 
-------------
CALCULATED MU IS: 256
NEW MU is: 256
IN MATCHING OR CUT: 
-------------
FLOW CALCULATED IS: 253.188 ----------- 
THRESHOLD IS: 243.2 ----------- 
Exited: found good flow
 << Start phase 153>> 

We enter robust matching: ...
IN ROBUST MATCHING TOO SMALL: 
-------------
IN MATCHING TOO SMALL: 
-------------
CALCULATED MU IS: 256
NEW MU is: 256
IN MATCHING OR CUT: 
-------------
FLOW CALCULATED IS: 252.875 ----------- 
THRESHOLD IS: 243.2 ----------- 
Exited: found good flow
 << Start phase 154>> 

We enter robust matching: ...
IN ROBUST MATCHING TOO SMALL: 
-------------
IN MATCHING TOO SMALL: 
-------------
CALCULATED MU IS: 256
NEW MU is: 256
IN MATCHING OR CUT: 
-------------
FLOW CALCULATED IS: 252.688 ----------- 
THRESHOLD IS: 243.2 ----------- 
Exited: found good flow
 << Start phase 155>> 

We enter robust matching: ...
IN ROBUST MATCHING TOO SMALL: 
-------------
IN MATCHING TOO SMALL: 
-------------
CALCULATED MU IS: 256
NEW MU is: 256
IN MATCHING OR CUT: 
-------------
FLOW CALCULATED IS: 252 ----------- 
THRESHOLD IS: 243.2 ----------- 
Exited: found good flow
 << Start phase 156>> 

We enter robust matching: ...
IN ROBUST MATCHING TOO SMALL: 
-------------
IN MATCHING TOO SMALL: 
-------------
CALCULATED MU IS: 256
NEW MU is: 256
IN MATCHING OR CUT: 
-------------
FLOW CALCULATED IS: 251.688 ----------- 
THRESHOLD IS: 243.2 ----------- 
Exited: found good flow
 << Start phase 157>> 

We enter robust matching: ...
IN ROBUST MATCHING TOO SMALL: 
-------------
IN MATCHING TOO SMALL: 
-------------
CALCULATED MU IS: 256
NEW MU is: 256
IN MATCHING OR CUT: 
-------------
FLOW CALCULATED IS: 251.062 ----------- 
THRESHOLD IS: 243.2 ----------- 
Exited: found good flow
 << Start phase 158>> 

We enter robust matching: ...
IN ROBUST MATCHING TOO SMALL: 
-------------
IN MATCHING TOO SMALL: 
-------------
CALCULATED MU IS: 256
NEW MU is: 256
IN MATCHING OR CUT: 
-------------
FLOW CALCULATED IS: 250.875 ----------- 
THRESHOLD IS: 243.2 ----------- 
Exited: found good flow
 << Start phase 159>> 

We enter robust matching: ...
IN ROBUST MATCHING TOO SMALL: 
-------------
IN MATCHING TOO SMALL: 
-------------
CALCULATED MU IS: 256
NEW MU is: 256
IN MATCHING OR CUT: 
-------------
FLOW CALCULATED IS: 250.625 ----------- 
THRESHOLD IS: 243.2 ----------- 
Exited: found good flow
 << Start phase 160>> 

We enter robust matching: ...
IN ROBUST MATCHING TOO SMALL: 
-------------
IN MATCHING TOO SMALL: 
-------------
CALCULATED MU IS: 256
NEW MU is: 256
IN MATCHING OR CUT: 
-------------
FLOW CALCULATED IS: 250.438 ----------- 
THRESHOLD IS: 243.2 ----------- 
Exited: found good flow
 << Start phase 161>> 

We enter robust matching: ...
IN ROBUST MATCHING TOO SMALL: 
-------------
IN MATCHING TOO SMALL: 
-------------
CALCULATED MU IS: 256
NEW MU is: 256
IN MATCHING OR CUT: 
-------------
FLOW CALCULATED IS: 249.812 ----------- 
THRESHOLD IS: 243.2 ----------- 
Exited: found good flow
 << Start phase 162>> 

We enter robust matching: ...
IN ROBUST MATCHING TOO SMALL: 
-------------
IN MATCHING TOO SMALL: 
-------------
CALCULATED MU IS: 256
NEW MU is: 256
IN MATCHING OR CUT: 
-------------
FLOW CALCULATED IS: 249.125 ----------- 
THRESHOLD IS: 243.2 ----------- 
Exited: found good flow
 << Start phase 163>> 

We enter robust matching: ...
IN ROBUST MATCHING TOO SMALL: 
-------------
IN MATCHING TOO SMALL: 
-------------
CALCULATED MU IS: 256
NEW MU is: 256
IN MATCHING OR CUT: 
-------------
FLOW CALCULATED IS: 248.375 ----------- 
THRESHOLD IS: 243.2 ----------- 
Exited: found good flow
 << Start phase 164>> 

We enter robust matching: ...
IN ROBUST MATCHING TOO SMALL: 
-------------
IN MATCHING TOO SMALL: 
-------------
CALCULATED MU IS: 256
NEW MU is: 256
IN MATCHING OR CUT: 
-------------
FLOW CALCULATED IS: 247.812 ----------- 
THRESHOLD IS: 243.2 ----------- 
Exited: found good flow
 << Start phase 165>> 

We enter robust matching: ...
IN ROBUST MATCHING TOO SMALL: 
-------------
IN MATCHING TOO SMALL: 
-------------
CALCULATED MU IS: 256
NEW MU is: 256
IN MATCHING OR CUT: 
-------------
FLOW CALCULATED IS: 246.875 ----------- 
THRESHOLD IS: 243.2 ----------- 
Exited: found good flow
 << Start phase 166>> 

We enter robust matching: ...
IN ROBUST MATCHING TOO SMALL: 
-------------
IN MATCHING TOO SMALL: 
-------------
CALCULATED MU IS: 255
NEW MU is: 256
IN MATCHING OR CUT: 
-------------
FLOW CALCULATED IS: 246.875 ----------- 
THRESHOLD IS: 243.2 ----------- 
Exited: found good flow
 << Start phase 167>> 

We enter robust matching: ...
IN ROBUST MATCHING TOO SMALL: 
-------------
IN MATCHING TOO SMALL: 
-------------
CALCULATED MU IS: 255
NEW MU is: 256
IN MATCHING OR CUT: 
-------------
FLOW CALCULATED IS: 246.25 ----------- 
THRESHOLD IS: 243.2 ----------- 
Exited: found good flow
 << Start phase 168>> 

We enter robust matching: ...
IN ROBUST MATCHING TOO SMALL: 
-------------
IN MATCHING TOO SMALL: 
-------------
CALCULATED MU IS: 255
NEW MU is: 256
IN MATCHING OR CUT: 
-------------
FLOW CALCULATED IS: 245.438 ----------- 
THRESHOLD IS: 243.2 ----------- 
Exited: found good flow
 << Start phase 169>> 

We enter robust matching: ...
IN ROBUST MATCHING TOO SMALL: 
-------------
IN MATCHING TOO SMALL: 
-------------
CALCULATED MU IS: 255
NEW MU is: 256
IN MATCHING OR CUT: 
-------------
FLOW CALCULATED IS: 245.188 ----------- 
THRESHOLD IS: 243.2 ----------- 
Exited: found good flow
 << Start phase 170>> 

We enter robust matching: ...
IN ROBUST MATCHING TOO SMALL: 
-------------
IN MATCHING TOO SMALL: 
-------------
CALCULATED MU IS: 255
NEW MU is: 256
IN MATCHING OR CUT: 
-------------
FLOW CALCULATED IS: 244.188 ----------- 
THRESHOLD IS: 243.2 ----------- 
Exited: found good flow
 << Start phase 171>> 

We enter robust matching: ...
IN ROBUST MATCHING TOO SMALL: 
-------------
IN MATCHING TOO SMALL: 
-------------
CALCULATED MU IS: 255
NEW MU is: 256
IN MATCHING OR CUT: 
-------------
FLOW CALCULATED IS: 243.062 ----------- 
THRESHOLD IS: 243.2 ----------- 
Fn = 514
SL creation: 
13 17 18 20 25 30 38 39 40 47 51 56 61 71 74 77 82 83 89 93 108 113 117 125 131 132 133 144 163 165 166 169 172 181 183 184 185 188 190 195 206 209 221 223 229 236 242 246 247 254 
SR creation: 
447 472 
flow is: -1
NEW MU is: 256
IN MATCHING OR CUT: 
-------------
FLOW CALCULATED IS: 249.875 ----------- 
THRESHOLD IS: 243.2 ----------- 
Exited: found good flow
 << Start phase 172>> 

We enter robust matching: ...
IN ROBUST MATCHING TOO SMALL: 
-------------
IN MATCHING TOO SMALL: 
-------------
CALCULATED MU IS: 255
NEW MU is: 256
IN MATCHING OR CUT: 
-------------
FLOW CALCULATED IS: 249.75 ----------- 
THRESHOLD IS: 243.2 ----------- 
Exited: found good flow
 << Start phase 173>> 

We enter robust matching: ...
IN ROBUST MATCHING TOO SMALL: 
-------------
IN MATCHING TOO SMALL: 
-------------
CALCULATED MU IS: 255
NEW MU is: 256
IN MATCHING OR CUT: 
-------------
FLOW CALCULATED IS: 249.188 ----------- 
THRESHOLD IS: 243.2 ----------- 
Exited: found good flow
 << Start phase 174>> 

We enter robust matching: ...
IN ROBUST MATCHING TOO SMALL: 
-------------
IN MATCHING TOO SMALL: 
-------------
CALCULATED MU IS: 255
NEW MU is: 256
IN MATCHING OR CUT: 
-------------
FLOW CALCULATED IS: 248.688 ----------- 
THRESHOLD IS: 243.2 ----------- 
Exited: found good flow
 << Start phase 175>> 

We enter robust matching: ...
IN ROBUST MATCHING TOO SMALL: 
-------------
IN MATCHING TOO SMALL: 
-------------
CALCULATED MU IS: 255
NEW MU is: 256
IN MATCHING OR CUT: 
-------------
FLOW CALCULATED IS: 248.688 ----------- 
THRESHOLD IS: 243.2 ----------- 
Exited: found good flow
 << Start phase 176>> 

We enter robust matching: ...
IN ROBUST MATCHING TOO SMALL: 
-------------
IN MATCHING TOO SMALL: 
-------------
CALCULATED MU IS: 255
NEW MU is: 256
IN MATCHING OR CUT: 
-------------
FLOW CALCULATED IS: 248.375 ----------- 
THRESHOLD IS: 243.2 ----------- 
Exited: found good flow
 << Start phase 177>> 

We enter robust matching: ...
IN ROBUST MATCHING TOO SMALL: 
-------------
IN MATCHING TOO SMALL: 
-------------
CALCULATED MU IS: 255
NEW MU is: 256
IN MATCHING OR CUT: 
-------------
FLOW CALCULATED IS: 248.25 ----------- 
THRESHOLD IS: 243.2 ----------- 
Exited: found good flow
 << Start phase 178>> 

We enter robust matching: ...
IN ROBUST MATCHING TOO SMALL: 
-------------
IN MATCHING TOO SMALL: 
-------------
CALCULATED MU IS: 255
NEW MU is: 256
IN MATCHING OR CUT: 
-------------
FLOW CALCULATED IS: 248 ----------- 
THRESHOLD IS: 243.2 ----------- 
Exited: found good flow
 << Start phase 179>> 

We enter robust matching: ...
IN ROBUST MATCHING TOO SMALL: 
-------------
IN MATCHING TOO SMALL: 
-------------
CALCULATED MU IS: 255
NEW MU is: 256
IN MATCHING OR CUT: 
-------------
FLOW CALCULATED IS: 247.5 ----------- 
THRESHOLD IS: 243.2 ----------- 
Exited: found good flow
 << Start phase 180>> 

We enter robust matching: ...
IN ROBUST MATCHING TOO SMALL: 
-------------
IN MATCHING TOO SMALL: 
-------------
CALCULATED MU IS: 254
NEW MU is: 256
IN MATCHING OR CUT: 
-------------
FLOW CALCULATED IS: 246.875 ----------- 
THRESHOLD IS: 243.2 ----------- 
Exited: found good flow
 << Start phase 181>> 

We enter robust matching: ...
IN ROBUST MATCHING TOO SMALL: 
-------------
IN MATCHING TOO SMALL: 
-------------
CALCULATED MU IS: 254
NEW MU is: 256
IN MATCHING OR CUT: 
-------------
FLOW CALCULATED IS: 246.125 ----------- 
THRESHOLD IS: 243.2 ----------- 
Exited: found good flow
 << Start phase 182>> 

We enter robust matching: ...
IN ROBUST MATCHING TOO SMALL: 
-------------
IN MATCHING TOO SMALL: 
-------------
CALCULATED MU IS: 254
NEW MU is: 256
IN MATCHING OR CUT: 
-------------
FLOW CALCULATED IS: 245.562 ----------- 
THRESHOLD IS: 243.2 ----------- 
Exited: found good flow
 << Start phase 183>> 

We enter robust matching: ...
IN ROBUST MATCHING TOO SMALL: 
-------------
IN MATCHING TOO SMALL: 
-------------
CALCULATED MU IS: 254
NEW MU is: 256
IN MATCHING OR CUT: 
-------------
FLOW CALCULATED IS: 244.562 ----------- 
THRESHOLD IS: 243.2 ----------- 
Exited: found good flow
 << Start phase 184>> 

We enter robust matching: ...
IN ROBUST MATCHING TOO SMALL: 
-------------
IN MATCHING TOO SMALL: 
-------------
CALCULATED MU IS: 254
NEW MU is: 256
IN MATCHING OR CUT: 
-------------
FLOW CALCULATED IS: 243.312 ----------- 
THRESHOLD IS: 243.2 ----------- 
Exited: found good flow
 << Start phase 185>> 

We enter robust matching: ...
IN ROBUST MATCHING TOO SMALL: 
-------------
IN MATCHING TOO SMALL: 
-------------
CALCULATED MU IS: 254
NEW MU is: 256
IN MATCHING OR CUT: 
-------------
FLOW CALCULATED IS: 242.5 ----------- 
THRESHOLD IS: 243.2 ----------- 
Fn = 514
SL creation: 
0 1 2 3 4 5 6 7 9 10 11 12 13 14 15 16 17 18 19 20 21 22 23 25 26 27 28 29 30 31 32 33 34 35 36 37 38 39 40 41 42 43 44 45 46 47 48 49 50 51 53 54 55 56 57 58 59 60 61 62 63 64 65 66 67 68 69 70 71 72 73 74 75 76 77 78 79 80 81 82 83 84 85 86 87 88 89 90 91 92 93 94 95 96 97 98 99 100 101 102 103 104 105 106 107 108 109 110 111 112 113 114 115 116 117 119 120 121 122 123 124 125 126 127 128 129 130 131 132 133 134 135 136 137 138 139 140 142 143 144 145 146 147 148 149 150 151 152 153 154 155 156 157 158 159 160 161 162 163 164 165 166 167 168 169 171 172 173 174 175 176 177 178 179 180 181 182 183 184 185 186 187 188 189 190 191 192 193 194 195 196 197 198 199 200 201 202 203 204 205 206 207 208 209 210 211 212 213 214 215 216 217 218 219 220 221 222 223 224 225 226 227 228 229 230 231 232 233 234 235 236 237 238 239 240 241 242 243 244 245 246 247 248 249 250 251 252 253 254 255 
SR creation: 
256 258 259 262 263 265 266 269 270 271 272 273 274 275 276 277 279 280 282 283 284 285 286 289 290 291 292 293 295 296 297 298 300 301 303 304 305 306 307 308 310 311 313 315 316 318 323 324 325 326 327 328 329 330 331 332 333 334 338 340 341 347 348 349 350 351 352 353 354 355 356 357 358 360 361 363 364 365 366 367 368 369 371 374 375 378 379 380 382 383 384 385 386 387 388 390 391 392 393 394 395 398 399 402 404 406 407 408 410 411 412 413 416 417 418 419 420 422 423 424 428 431 432 433 434 435 436 437 438 440 442 443 445 447 448 449 450 453 456 460 462 464 465 468 469 470 471 472 474 475 477 479 481 482 483 485 487 488 490 491 494 496 497 499 500 501 502 503 504 505 506 507 508 509 510 511 
flow is: -1
NEW MU is: 256
IN MATCHING OR CUT: 
-------------
FLOW CALCULATED IS: 251.969 ----------- 
THRESHOLD IS: 243.2 ----------- 
Exited: found good flow
 << Start phase 186>> 

We enter robust matching: ...
IN ROBUST MATCHING TOO SMALL: 
-------------
IN MATCHING TOO SMALL: 
-------------
CALCULATED MU IS: 254
NEW MU is: 256
IN MATCHING OR CUT: 
-------------
FLOW CALCULATED IS: 251.094 ----------- 
THRESHOLD IS: 243.2 ----------- 
Exited: found good flow
 << Start phase 187>> 

We enter robust matching: ...
IN ROBUST MATCHING TOO SMALL: 
-------------
IN MATCHING TOO SMALL: 
-------------
CALCULATED MU IS: 254
NEW MU is: 256
IN MATCHING OR CUT: 
-------------
FLOW CALCULATED IS: 250.594 ----------- 
THRESHOLD IS: 243.2 ----------- 
Exited: found good flow
 << Start phase 188>> 

We enter robust matching: ...
IN ROBUST MATCHING TOO SMALL: 
-------------
IN MATCHING TOO SMALL: 
-------------
CALCULATED MU IS: 254
NEW MU is: 256
IN MATCHING OR CUT: 
-------------
FLOW CALCULATED IS: 249.656 ----------- 
THRESHOLD IS: 243.2 ----------- 
Exited: found good flow
 << Start phase 189>> 

We enter robust matching: ...
IN ROBUST MATCHING TOO SMALL: 
-------------
IN MATCHING TOO SMALL: 
-------------
CALCULATED MU IS: 254
NEW MU is: 256
IN MATCHING OR CUT: 
-------------
FLOW CALCULATED IS: 249.531 ----------- 
THRESHOLD IS: 243.2 ----------- 
Exited: found good flow
 << Start phase 190>> 

We enter robust matching: ...
IN ROBUST MATCHING TOO SMALL: 
-------------
IN MATCHING TOO SMALL: 
-------------
CALCULATED MU IS: 254
NEW MU is: 256
IN MATCHING OR CUT: 
-------------
FLOW CALCULATED IS: 248.531 ----------- 
THRESHOLD IS: 243.2 ----------- 
Exited: found good flow
 << Start phase 191>> 

We enter robust matching: ...
IN ROBUST MATCHING TOO SMALL: 
-------------
IN MATCHING TOO SMALL: 
-------------
CALCULATED MU IS: 254
NEW MU is: 256
IN MATCHING OR CUT: 
-------------
FLOW CALCULATED IS: 248.281 ----------- 
THRESHOLD IS: 243.2 ----------- 
Exited: found good flow
 << Start phase 192>> 

We enter robust matching: ...
IN ROBUST MATCHING TOO SMALL: 
-------------
IN MATCHING TOO SMALL: 
-------------
CALCULATED MU IS: 254
NEW MU is: 256
IN MATCHING OR CUT: 
-------------
FLOW CALCULATED IS: 248.156 ----------- 
THRESHOLD IS: 243.2 ----------- 
Exited: found good flow
 << Start phase 193>> 

We enter robust matching: ...
IN ROBUST MATCHING TOO SMALL: 
-------------
IN MATCHING TOO SMALL: 
-------------
CALCULATED MU IS: 254
NEW MU is: 256
IN MATCHING OR CUT: 
-------------
FLOW CALCULATED IS: 247.094 ----------- 
THRESHOLD IS: 243.2 ----------- 
Exited: found good flow
 << Start phase 194>> 

We enter robust matching: ...
IN ROBUST MATCHING TOO SMALL: 
-------------
IN MATCHING TOO SMALL: 
-------------
CALCULATED MU IS: 254
NEW MU is: 256
IN MATCHING OR CUT: 
-------------
FLOW CALCULATED IS: 246.656 ----------- 
THRESHOLD IS: 243.2 ----------- 
Exited: found good flow
 << Start phase 195>> 

We enter robust matching: ...
IN ROBUST MATCHING TOO SMALL: 
-------------
IN MATCHING TOO SMALL: 
-------------
CALCULATED MU IS: 254
NEW MU is: 256
IN MATCHING OR CUT: 
-------------
FLOW CALCULATED IS: 245.906 ----------- 
THRESHOLD IS: 243.2 ----------- 
Exited: found good flow
 << Start phase 196>> 

We enter robust matching: ...
IN ROBUST MATCHING TOO SMALL: 
-------------
IN MATCHING TOO SMALL: 
-------------
CALCULATED MU IS: 254
NEW MU is: 256
IN MATCHING OR CUT: 
-------------
FLOW CALCULATED IS: 245.531 ----------- 
THRESHOLD IS: 243.2 ----------- 
Exited: found good flow
 << Start phase 197>> 

We enter robust matching: ...
IN ROBUST MATCHING TOO SMALL: 
-------------
IN MATCHING TOO SMALL: 
-------------
CALCULATED MU IS: 254
NEW MU is: 256
IN MATCHING OR CUT: 
-------------
FLOW CALCULATED IS: 245.281 ----------- 
THRESHOLD IS: 243.2 ----------- 
Exited: found good flow
 << Start phase 198>> 

We enter robust matching: ...
IN ROBUST MATCHING TOO SMALL: 
-------------
IN MATCHING TOO SMALL: 
-------------
CALCULATED MU IS: 254
NEW MU is: 256
IN MATCHING OR CUT: 
-------------
FLOW CALCULATED IS: 244.531 ----------- 
THRESHOLD IS: 243.2 ----------- 
Exited: found good flow
 << Start phase 199>> 

We enter robust matching: ...
IN ROBUST MATCHING TOO SMALL: 
-------------
IN MATCHING TOO SMALL: 
-------------
CALCULATED MU IS: 254
NEW MU is: 256
IN MATCHING OR CUT: 
-------------
FLOW CALCULATED IS: 244.156 ----------- 
THRESHOLD IS: 243.2 ----------- 
Exited: found good flow
 << Start phase 200>> 

We enter robust matching: ...
IN ROBUST MATCHING TOO SMALL: 
-------------
IN MATCHING TOO SMALL: 
-------------
CALCULATED MU IS: 254
NEW MU is: 256
IN MATCHING OR CUT: 
-------------
FLOW CALCULATED IS: 244.031 ----------- 
THRESHOLD IS: 243.2 ----------- 
Exited: found good flow
 << Start phase 201>> 

We enter robust matching: ...
IN ROBUST MATCHING TOO SMALL: 
-------------
IN MATCHING TOO SMALL: 
-------------
CALCULATED MU IS: 254
NEW MU is: 256
IN MATCHING OR CUT: 
-------------
FLOW CALCULATED IS: 243.594 ----------- 
THRESHOLD IS: 243.2 ----------- 
Exited: found good flow
 << Start phase 202>> 

We enter robust matching: ...
IN ROBUST MATCHING TOO SMALL: 
-------------
IN MATCHING TOO SMALL: 
-------------
CALCULATED MU IS: 254
NEW MU is: 256
IN MATCHING OR CUT: 
-------------
FLOW CALCULATED IS: 242.219 ----------- 
THRESHOLD IS: 243.2 ----------- 
Fn = 514
SL creation: 
3 6 15 21 25 37 39 40 44 45 50 53 58 64 65 67 70 74 76 80 82 83 87 91 92 97 98 102 104 116 119 122 123 125 126 132 134 135 151 154 162 167 177 179 181 186 189 192 193 195 199 201 206 212 217 228 231 232 235 239 245 247 248 251 252 255 
SR creation: 
289 298 308 326 350 375 396 447 470 
flow is: -1
NEW MU is: 256
IN MATCHING OR CUT: 
-------------
FLOW CALCULATED IS: 249.438 ----------- 
THRESHOLD IS: 243.2 ----------- 
Exited: found good flow
 << Start phase 203>> 

We enter robust matching: ...
IN ROBUST MATCHING TOO SMALL: 
-------------
IN MATCHING TOO SMALL: 
-------------
CALCULATED MU IS: 254
NEW MU is: 256
IN MATCHING OR CUT: 
-------------
FLOW CALCULATED IS: 249.188 ----------- 
THRESHOLD IS: 243.2 ----------- 
Exited: found good flow
 << Start phase 204>> 

We enter robust matching: ...
IN ROBUST MATCHING TOO SMALL: 
-------------
IN MATCHING TOO SMALL: 
-------------
CALCULATED MU IS: 254
NEW MU is: 256
IN MATCHING OR CUT: 
-------------
FLOW CALCULATED IS: 249.062 ----------- 
THRESHOLD IS: 243.2 ----------- 
Exited: found good flow
 << Start phase 205>> 

We enter robust matching: ...
IN ROBUST MATCHING TOO SMALL: 
-------------
IN MATCHING TOO SMALL: 
-------------
CALCULATED MU IS: 254
NEW MU is: 256
IN MATCHING OR CUT: 
-------------
FLOW CALCULATED IS: 247.688 ----------- 
THRESHOLD IS: 243.2 ----------- 
Exited: found good flow
 << Start phase 206>> 

We enter robust matching: ...
IN ROBUST MATCHING TOO SMALL: 
-------------
IN MATCHING TOO SMALL: 
-------------
CALCULATED MU IS: 254
NEW MU is: 256
IN MATCHING OR CUT: 
-------------
FLOW CALCULATED IS: 247.188 ----------- 
THRESHOLD IS: 243.2 ----------- 
Exited: found good flow
 << Start phase 207>> 

We enter robust matching: ...
IN ROBUST MATCHING TOO SMALL: 
-------------
IN MATCHING TOO SMALL: 
-------------
CALCULATED MU IS: 254
NEW MU is: 256
IN MATCHING OR CUT: 
-------------
FLOW CALCULATED IS: 246.938 ----------- 
THRESHOLD IS: 243.2 ----------- 
Exited: found good flow
 << Start phase 208>> 

We enter robust matching: ...
IN ROBUST MATCHING TOO SMALL: 
-------------
IN MATCHING TOO SMALL: 
-------------
CALCULATED MU IS: 254
NEW MU is: 256
IN MATCHING OR CUT: 
-------------
FLOW CALCULATED IS: 246.625 ----------- 
THRESHOLD IS: 243.2 ----------- 
Exited: found good flow
 << Start phase 209>> 

We enter robust matching: ...
IN ROBUST MATCHING TOO SMALL: 
-------------
IN MATCHING TOO SMALL: 
-------------
CALCULATED MU IS: 254
NEW MU is: 256
IN MATCHING OR CUT: 
-------------
FLOW CALCULATED IS: 246.125 ----------- 
THRESHOLD IS: 243.2 ----------- 
Exited: found good flow
 << Start phase 210>> 

We enter robust matching: ...
IN ROBUST MATCHING TOO SMALL: 
-------------
IN MATCHING TOO SMALL: 
-------------
CALCULATED MU IS: 254
NEW MU is: 256
IN MATCHING OR CUT: 
-------------
FLOW CALCULATED IS: 245 ----------- 
THRESHOLD IS: 243.2 ----------- 
Exited: found good flow
 << Start phase 211>> 

We enter robust matching: ...
IN ROBUST MATCHING TOO SMALL: 
-------------
IN MATCHING TOO SMALL: 
-------------
CALCULATED MU IS: 254
NEW MU is: 256
IN MATCHING OR CUT: 
-------------
FLOW CALCULATED IS: 244.375 ----------- 
THRESHOLD IS: 243.2 ----------- 
Exited: found good flow
 << Start phase 212>> 

We enter robust matching: ...
IN ROBUST MATCHING TOO SMALL: 
-------------
IN MATCHING TOO SMALL: 
-------------
CALCULATED MU IS: 254
NEW MU is: 256
IN MATCHING OR CUT: 
-------------
FLOW CALCULATED IS: 243.875 ----------- 
THRESHOLD IS: 243.2 ----------- 
Exited: found good flow
 << Start phase 213>> 

We enter robust matching: ...
IN ROBUST MATCHING TOO SMALL: 
-------------
IN MATCHING TOO SMALL: 
-------------
CALCULATED MU IS: 254
NEW MU is: 256
IN MATCHING OR CUT: 
-------------
FLOW CALCULATED IS: 242.812 ----------- 
THRESHOLD IS: 243.2 ----------- 
Fn = 514
SL creation: 
0 1 2 3 4 6 7 8 9 10 11 12 13 14 15 16 17 18 19 20 21 22 23 24 25 26 27 28 29 30 31 32 33 34 35 36 37 38 39 40 41 42 43 44 45 46 47 48 49 50 51 52 53 54 55 56 57 58 59 60 61 62 63 64 65 66 67 68 69 70 71 72 73 74 75 76 77 78 79 80 81 82 83 84 85 86 87 88 89 90 91 92 93 94 95 96 97 98 99 100 101 102 103 104 105 106 107 108 109 110 111 112 113 114 115 116 117 118 119 120 121 122 123 124 125 126 127 128 129 130 131 132 133 134 135 136 137 139 140 141 143 144 145 146 147 148 149 150 151 152 153 154 155 156 157 158 159 160 161 162 163 164 165 166 167 168 169 171 172 173 174 175 176 177 178 179 180 181 182 183 184 185 186 187 188 189 190 191 192 193 194 195 196 197 198 199 200 201 203 204 205 206 207 208 209 210 211 212 213 214 215 216 217 218 219 220 221 222 223 224 225 226 227 228 229 230 231 232 234 235 236 237 238 239 240 241 242 243 244 245 246 247 248 249 250 251 252 253 254 255 
SR creation: 
257 258 262 263 265 266 267 269 272 273 274 276 277 278 279 280 281 282 284 285 287 288 289 290 292 293 294 295 296 297 298 300 301 304 305 306 308 309 310 311 313 314 315 318 319 320 321 323 325 326 327 328 329 330 331 332 333 334 335 336 337 338 340 341 342 343 344 345 346 347 348 349 350 352 353 354 355 356 357 358 360 362 363 366 368 369 371 372 374 375 376 378 379 380 381 382 383 384 385 387 388 391 393 394 395 396 397 399 400 401 402 403 404 405 406 407 411 413 416 417 418 419 420 421 423 424 426 427 428 430 431 432 434 436 437 438 439 440 441 443 444 445 447 448 450 451 454 455 457 459 460 461 462 463 464 466 467 468 470 471 472 473 474 475 476 477 478 480 482 483 484 485 486 487 489 491 492 493 494 496 497 499 500 502 504 505 507 508 
flow is: -1
NEW MU is: 256
IN MATCHING OR CUT: 
-------------
FLOW CALCULATED IS: 247 ----------- 
THRESHOLD IS: 243.2 ----------- 
Exited: found good flow
 << Start phase 214>> 

We enter robust matching: ...
IN ROBUST MATCHING TOO SMALL: 
-------------
IN MATCHING TOO SMALL: 
-------------
CALCULATED MU IS: 254
NEW MU is: 256
IN MATCHING OR CUT: 
-------------
FLOW CALCULATED IS: 246.375 ----------- 
THRESHOLD IS: 243.2 ----------- 
Exited: found good flow
 << Start phase 215>> 

We enter robust matching: ...
IN ROBUST MATCHING TOO SMALL: 
-------------
IN MATCHING TOO SMALL: 
-------------
CALCULATED MU IS: 254
NEW MU is: 256
IN MATCHING OR CUT: 
-------------
FLOW CALCULATED IS: 245.625 ----------- 
THRESHOLD IS: 243.2 ----------- 
Exited: found good flow
 << Start phase 216>> 

We enter robust matching: ...
IN ROBUST MATCHING TOO SMALL: 
-------------
IN MATCHING TOO SMALL: 
-------------
CALCULATED MU IS: 254
NEW MU is: 256
IN MATCHING OR CUT: 
-------------
FLOW CALCULATED IS: 245.625 ----------- 
THRESHOLD IS: 243.2 ----------- 
Exited: found good flow
 << Start phase 217>> 

We enter robust matching: ...
IN ROBUST MATCHING TOO SMALL: 
-------------
IN MATCHING TOO SMALL: 
-------------
CALCULATED MU IS: 254
NEW MU is: 256
IN MATCHING OR CUT: 
-------------
FLOW CALCULATED IS: 245.125 ----------- 
THRESHOLD IS: 243.2 ----------- 
Exited: found good flow
 << Start phase 218>> 

We enter robust matching: ...
IN ROBUST MATCHING TOO SMALL: 
-------------
IN MATCHING TOO SMALL: 
-------------
CALCULATED MU IS: 254
NEW MU is: 256
IN MATCHING OR CUT: 
-------------
FLOW CALCULATED IS: 244.375 ----------- 
THRESHOLD IS: 243.2 ----------- 
Exited: found good flow
 << Start phase 219>> 

We enter robust matching: ...
IN ROBUST MATCHING TOO SMALL: 
-------------
IN MATCHING TOO SMALL: 
-------------
CALCULATED MU IS: 254
NEW MU is: 256
IN MATCHING OR CUT: 
-------------
FLOW CALCULATED IS: 244.125 ----------- 
THRESHOLD IS: 243.2 ----------- 
Exited: found good flow
 << Start phase 220>> 

We enter robust matching: ...
IN ROBUST MATCHING TOO SMALL: 
-------------
IN MATCHING TOO SMALL: 
-------------
CALCULATED MU IS: 254
NEW MU is: 256
IN MATCHING OR CUT: 
-------------
FLOW CALCULATED IS: 243.375 ----------- 
THRESHOLD IS: 243.2 ----------- 
Exited: found good flow
 << Start phase 221>> 

We enter robust matching: ...
IN ROBUST MATCHING TOO SMALL: 
-------------
IN MATCHING TOO SMALL: 
-------------
CALCULATED MU IS: 254
NEW MU is: 256
IN MATCHING OR CUT: 
-------------
FLOW CALCULATED IS: 242.625 ----------- 
THRESHOLD IS: 243.2 ----------- 
Fn = 514
SL creation: 
0 6 25 30 38 41 44 45 47 53 56 75 82 94 101 103 115 122 125 127 129 131 135 137 148 165 180 181 183 189 190 201 209 218 226 236 242 251 255 
SR creation: 
333 419 448 477 
flow is: -1
NEW MU is: 256
IN MATCHING OR CUT: 
-------------
FLOW CALCULATED IS: 249.312 ----------- 
THRESHOLD IS: 243.2 ----------- 
Exited: found good flow
 << Start phase 222>> 

We enter robust matching: ...
IN ROBUST MATCHING TOO SMALL: 
-------------
IN MATCHING TOO SMALL: 
-------------
CALCULATED MU IS: 254
NEW MU is: 256
IN MATCHING OR CUT: 
-------------
FLOW CALCULATED IS: 249.188 ----------- 
THRESHOLD IS: 243.2 ----------- 
Exited: found good flow
 << Start phase 223>> 

We enter robust matching: ...
IN ROBUST MATCHING TOO SMALL: 
-------------
IN MATCHING TOO SMALL: 
-------------
CALCULATED MU IS: 254
NEW MU is: 256
IN MATCHING OR CUT: 
-------------
FLOW CALCULATED IS: 248.875 ----------- 
THRESHOLD IS: 243.2 ----------- 
Exited: found good flow
 << Start phase 224>> 

We enter robust matching: ...
IN ROBUST MATCHING TOO SMALL: 
-------------
IN MATCHING TOO SMALL: 
-------------
CALCULATED MU IS: 253
NEW MU is: 256
IN MATCHING OR CUT: 
-------------
FLOW CALCULATED IS: 248.375 ----------- 
THRESHOLD IS: 243.2 ----------- 
Exited: found good flow
 << Start phase 225>> 

We enter robust matching: ...
IN ROBUST MATCHING TOO SMALL: 
-------------
IN MATCHING TOO SMALL: 
-------------
CALCULATED MU IS: 253
NEW MU is: 256
IN MATCHING OR CUT: 
-------------
FLOW CALCULATED IS: 247.875 ----------- 
THRESHOLD IS: 243.2 ----------- 
Exited: found good flow
 << Start phase 226>> 

We enter robust matching: ...
IN ROBUST MATCHING TOO SMALL: 
-------------
IN MATCHING TOO SMALL: 
-------------
CALCULATED MU IS: 253
NEW MU is: 256
IN MATCHING OR CUT: 
-------------
FLOW CALCULATED IS: 247.375 ----------- 
THRESHOLD IS: 243.2 ----------- 
Exited: found good flow
 << Start phase 227>> 

We enter robust matching: ...
IN ROBUST MATCHING TOO SMALL: 
-------------
IN MATCHING TOO SMALL: 
-------------
CALCULATED MU IS: 253
NEW MU is: 256
IN MATCHING OR CUT: 
-------------
FLOW CALCULATED IS: 246.812 ----------- 
THRESHOLD IS: 243.2 ----------- 
Exited: found good flow
 << Start phase 228>> 

We enter robust matching: ...
IN ROBUST MATCHING TOO SMALL: 
-------------
IN MATCHING TOO SMALL: 
-------------
CALCULATED MU IS: 253
NEW MU is: 256
IN MATCHING OR CUT: 
-------------
FLOW CALCULATED IS: 246.562 ----------- 
THRESHOLD IS: 243.2 ----------- 
Exited: found good flow
 << Start phase 229>> 

We enter robust matching: ...
IN ROBUST MATCHING TOO SMALL: 
-------------
IN MATCHING TOO SMALL: 
-------------
CALCULATED MU IS: 253
NEW MU is: 256
IN MATCHING OR CUT: 
-------------
FLOW CALCULATED IS: 246.312 ----------- 
THRESHOLD IS: 243.2 ----------- 
Exited: found good flow
 << Start phase 230>> 

We enter robust matching: ...
IN ROBUST MATCHING TOO SMALL: 
-------------
IN MATCHING TOO SMALL: 
-------------
CALCULATED MU IS: 253
NEW MU is: 256
IN MATCHING OR CUT: 
-------------
FLOW CALCULATED IS: 245.312 ----------- 
THRESHOLD IS: 243.2 ----------- 
Exited: found good flow
 << Start phase 231>> 

We enter robust matching: ...
IN ROBUST MATCHING TOO SMALL: 
-------------
IN MATCHING TOO SMALL: 
-------------
CALCULATED MU IS: 253
NEW MU is: 256
IN MATCHING OR CUT: 
-------------
FLOW CALCULATED IS: 244.625 ----------- 
THRESHOLD IS: 243.2 ----------- 
Exited: found good flow
 << Start phase 232>> 

We enter robust matching: ...
IN ROBUST MATCHING TOO SMALL: 
-------------
IN MATCHING TOO SMALL: 
-------------
CALCULATED MU IS: 253
NEW MU is: 256
IN MATCHING OR CUT: 
-------------
FLOW CALCULATED IS: 243.375 ----------- 
THRESHOLD IS: 243.2 ----------- 
Exited: found good flow
 << Start phase 233>> 

We enter robust matching: ...
IN ROBUST MATCHING TOO SMALL: 
-------------
IN MATCHING TOO SMALL: 
-------------
CALCULATED MU IS: 252
NEW MU is: 256
IN MATCHING OR CUT: 
-------------
FLOW CALCULATED IS: 241.688 ----------- 
THRESHOLD IS: 243.2 ----------- 
Fn = 514
SL creation: 
0 1 6 7 12 16 18 25 30 34 38 39 45 46 53 54 56 58 59 69 72 74 76 83 84 85 86 88 90 94 101 107 108 109 111 114 117 121 122 125 126 129 131 135 138 146 151 158 159 162 164 165 166 168 175 178 182 183 184 187 189 193 195 197 201 202 210 212 217 221 223 226 242 243 244 246 249 250 251 255 
SR creation: 
262 263 274 287 288 298 303 305 325 326 327 332 353 358 367 374 375 384 388 399 420 431 433 447 448 461 485 486 497 499 504 505 
flow is: -1
NEW MU is: 256
IN MATCHING OR CUT: 
-------------
FLOW CALCULATED IS: 245.438 ----------- 
THRESHOLD IS: 243.2 ----------- 
Exited: found good flow
 << Start phase 234>> 

We enter robust matching: ...
IN ROBUST MATCHING TOO SMALL: 
-------------
IN MATCHING TOO SMALL: 
-------------
CALCULATED MU IS: 252
NEW MU is: 256
IN MATCHING OR CUT: 
-------------
FLOW CALCULATED IS: 245.188 ----------- 
THRESHOLD IS: 243.2 ----------- 
Exited: found good flow
 << Start phase 235>> 

We enter robust matching: ...
IN ROBUST MATCHING TOO SMALL: 
-------------
IN MATCHING TOO SMALL: 
-------------
CALCULATED MU IS: 251
NEW MU is: 256
IN MATCHING OR CUT: 
-------------
FLOW CALCULATED IS: 243.688 ----------- 
THRESHOLD IS: 243.2 ----------- 
Exited: found good flow
 << Start phase 236>> 

We enter robust matching: ...
IN ROBUST MATCHING TOO SMALL: 
-------------
IN MATCHING TOO SMALL: 
-------------
CALCULATED MU IS: 251
NEW MU is: 256
IN MATCHING OR CUT: 
-------------
FLOW CALCULATED IS: 243 ----------- 
THRESHOLD IS: 243.2 ----------- 
Fn = 514
SL creation: 
0 1 2 3 4 5 6 7 8 10 11 12 14 15 16 17 18 19 20 21 23 24 25 26 27 28 29 30 31 32 33 34 35 37 38 39 40 41 42 43 44 45 46 47 48 50 51 52 53 54 55 56 57 58 59 60 61 63 64 65 66 68 69 70 71 72 73 74 75 76 77 78 80 81 82 83 84 85 86 87 88 89 90 91 92 93 94 95 96 97 98 100 101 102 103 104 105 106 107 108 109 110 111 112 113 114 115 116 117 118 119 120 121 122 124 125 126 127 129 130 131 132 133 134 135 136 137 138 139 140 142 144 145 146 147 148 150 151 152 153 154 155 156 158 159 160 162 163 164 165 166 167 168 169 171 172 173 174 175 176 177 179 180 181 182 183 184 185 186 187 188 189 190 191 192 193 194 195 197 198 199 200 201 202 203 205 206 207 209 210 211 212 214 216 217 218 219 221 222 223 224 225 226 227 228 229 230 231 232 234 236 237 238 239 240 242 243 244 245 246 247 248 249 250 251 252 253 254 255 
SR creation: 
256 257 258 259 261 262 263 264 265 266 267 269 270 272 273 274 275 276 278 280 282 283 284 285 287 288 289 290 292 293 294 295 296 297 298 301 303 304 305 307 308 309 312 313 314 316 318 320 323 324 325 326 327 329 330 331 332 334 335 336 337 338 340 341 344 345 347 348 349 350 351 352 353 354 355 356 357 358 359 360 361 362 363 364 365 367 368 369 374 375 377 381 383 384 386 388 389 391 392 394 395 396 397 398 399 400 401 405 407 411 413 416 419 420 423 425 426 427 428 430 431 433 434 435 437 438 440 441 443 447 448 449 450 451 454 456 457 460 461 462 464 468 469 471 472 475 476 478 479 480 482 483 484 485 486 488 490 491 492 493 494 495 496 497 499 500 502 504 505 506 507 508 509 510 511 
flow is: -1
NEW MU is: 256
IN MATCHING OR CUT: 
-------------
FLOW CALCULATED IS: 247.562 ----------- 
THRESHOLD IS: 243.2 ----------- 
Exited: found good flow
 << Start phase 237>> 

We enter robust matching: ...
IN ROBUST MATCHING TOO SMALL: 
-------------
IN MATCHING TOO SMALL: 
-------------
CALCULATED MU IS: 251
NEW MU is: 256
IN MATCHING OR CUT: 
-------------
FLOW CALCULATED IS: 247.562 ----------- 
THRESHOLD IS: 243.2 ----------- 
Exited: found good flow
 << Start phase 238>> 

We enter robust matching: ...
IN ROBUST MATCHING TOO SMALL: 
-------------
IN MATCHING TOO SMALL: 
-------------
CALCULATED MU IS: 251
NEW MU is: 256
IN MATCHING OR CUT: 
-------------
FLOW CALCULATED IS: 247.562 ----------- 
THRESHOLD IS: 243.2 ----------- 
Exited: found good flow
 << Start phase 239>> 

We enter robust matching: ...
IN ROBUST MATCHING TOO SMALL: 
-------------
IN MATCHING TOO SMALL: 
-------------
CALCULATED MU IS: 250
Matching too small

Matching too small
