This is before phase start just initial data:
The maximum matching found is: 2048

 << Start phase 0 initial run 
 ------------- 
IN ROBUST MATCHING TOO SMALL: 
-------------
IN MATCHING TOO SMALL: 
-------------
CALCULATED MU IS: 2048
NEW MU is: 2048
IN MATCHING OR CUT: 
-------------
FLOW CALCULATED IS: 1024.29 ----------- 
THRESHOLD IS: -3072 ----------- 
Exited: found good flow
 << Start phase 1>> 

We enter robust matching: ...
IN ROBUST MATCHING TOO SMALL: 
-------------
IN MATCHING TOO SMALL: 
-------------
CALCULATED MU IS: 476
NEW MU is: 2048
IN MATCHING OR CUT: 
-------------
FLOW CALCULATED IS: 0.293457 ----------- 
THRESHOLD IS: -3072 ----------- 
Exited: found good flow
