This is before phase start just initial data:
The maximum matching found is: 256

 << Start phase 0 initial run 
 ------------- 
IN ROBUST MATCHING TOO SMALL: 
-------------
IN MATCHING TOO SMALL: 
-------------
CALCULATED MU IS: 256
NEW MU is: 256
IN MATCHING OR CUT: 
-------------
FLOW CALCULATED IS: 128.246 ----------- 
THRESHOLD IS: 128 ----------- 
Exited: found good flow
 << Start phase 1>> 

We enter robust matching: ...
IN ROBUST MATCHING TOO SMALL: 
-------------
IN MATCHING TOO SMALL: 
-------------
CALCULATED MU IS: 256
NEW MU is: 256
IN MATCHING OR CUT: 
-------------
FLOW CALCULATED IS: 102.645 ----------- 
THRESHOLD IS: 128 ----------- 
Fn = 514
SL creation: 
0 1 2 3 4 5 6 7 8 9 10 11 12 13 14 15 16 17 18 19 20 21 22 23 24 25 26 27 28 29 30 31 32 33 34 35 36 37 38 39 40 41 42 43 44 45 46 47 48 49 50 51 52 53 54 55 56 57 58 59 60 61 62 63 64 65 66 67 68 69 70 71 72 73 74 75 76 77 78 79 80 81 82 83 84 85 86 87 88 89 90 91 92 93 94 95 96 97 98 99 100 101 102 103 104 105 106 107 108 109 110 111 112 113 114 115 116 117 118 119 120 121 122 123 124 125 126 127 128 129 130 131 132 133 134 135 136 137 138 139 140 141 142 143 144 145 146 147 148 149 150 151 152 153 154 155 156 157 158 159 160 161 162 163 164 165 166 167 168 169 170 171 172 173 174 175 176 177 178 179 180 181 182 183 184 185 186 187 188 189 190 191 192 193 194 195 196 197 198 199 200 201 202 203 204 205 206 207 208 209 210 211 212 213 214 215 216 217 218 219 220 221 222 223 224 225 226 227 228 229 230 231 232 233 234 235 236 237 238 239 240 241 242 243 244 245 246 247 248 249 250 251 252 253 254 255 
SR creation: 

flow is: -1
NEW MU is: 256
IN MATCHING OR CUT: 
-------------
FLOW CALCULATED IS: 205.289 ----------- 
THRESHOLD IS: 128 ----------- 
Exited: found good flow
 << Start phase 2>> 

We enter robust matching: ...
IN ROBUST MATCHING TOO SMALL: 
-------------
IN MATCHING TOO SMALL: 
-------------
CALCULATED MU IS: 256
NEW MU is: 256
IN MATCHING OR CUT: 
-------------
FLOW CALCULATED IS: 179.688 ----------- 
THRESHOLD IS: 128 ----------- 
Exited: found good flow
 << Start phase 3>> 

We enter robust matching: ...
IN ROBUST MATCHING TOO SMALL: 
-------------
IN MATCHING TOO SMALL: 
-------------
CALCULATED MU IS: 256
NEW MU is: 256
IN MATCHING OR CUT: 
-------------
FLOW CALCULATED IS: 154.086 ----------- 
THRESHOLD IS: 128 ----------- 
Exited: found good flow
 << Start phase 4>> 

We enter robust matching: ...
IN ROBUST MATCHING TOO SMALL: 
-------------
IN MATCHING TOO SMALL: 
-------------
CALCULATED MU IS: 256
NEW MU is: 256
IN MATCHING OR CUT: 
-------------
FLOW CALCULATED IS: 128.484 ----------- 
THRESHOLD IS: 128 ----------- 
Exited: found good flow
 << Start phase 5>> 

We enter robust matching: ...
IN ROBUST MATCHING TOO SMALL: 
-------------
IN MATCHING TOO SMALL: 
-------------
CALCULATED MU IS: 256
NEW MU is: 256
IN MATCHING OR CUT: 
-------------
FLOW CALCULATED IS: 102.883 ----------- 
THRESHOLD IS: 128 ----------- 
Fn = 514
SL creation: 
0 1 2 3 4 5 6 7 8 9 10 11 12 13 14 15 16 17 18 19 20 21 22 23 24 25 26 27 28 29 30 31 32 33 34 35 36 37 38 39 40 41 42 43 44 45 46 47 48 49 50 51 52 53 54 55 56 57 58 59 60 61 62 63 64 65 66 67 68 69 70 71 72 73 74 75 76 77 78 79 80 81 82 83 84 85 86 87 88 89 90 91 92 93 94 95 96 97 98 99 100 101 102 103 104 105 106 107 108 109 110 111 112 113 114 115 116 117 118 119 120 121 122 123 124 125 126 127 128 129 130 131 132 133 134 135 136 137 138 139 140 141 142 143 144 145 146 147 148 149 150 151 152 153 154 155 156 157 158 159 160 161 162 163 164 165 166 167 168 169 170 171 172 173 174 175 176 177 178 179 180 181 182 183 184 185 186 187 188 189 190 191 192 193 194 195 196 197 198 199 200 201 202 203 204 205 206 207 208 209 210 211 212 213 214 215 216 217 218 219 220 221 222 223 224 225 226 227 228 229 230 231 232 233 234 235 236 237 238 239 240 241 242 243 244 245 246 247 248 249 250 251 252 253 254 255 
SR creation: 

flow is: -1
NEW MU is: 256
IN MATCHING OR CUT: 
-------------
FLOW CALCULATED IS: 205.344 ----------- 
THRESHOLD IS: 128 ----------- 
Exited: found good flow
 << Start phase 6>> 

We enter robust matching: ...
IN ROBUST MATCHING TOO SMALL: 
-------------
IN MATCHING TOO SMALL: 
-------------
CALCULATED MU IS: 256
NEW MU is: 256
IN MATCHING OR CUT: 
-------------
FLOW CALCULATED IS: 180.156 ----------- 
THRESHOLD IS: 128 ----------- 
Exited: found good flow
 << Start phase 7>> 

We enter robust matching: ...
IN ROBUST MATCHING TOO SMALL: 
-------------
IN MATCHING TOO SMALL: 
-------------
CALCULATED MU IS: 256
NEW MU is: 256
IN MATCHING OR CUT: 
-------------
FLOW CALCULATED IS: 154.547 ----------- 
THRESHOLD IS: 128 ----------- 
Exited: found good flow
 << Start phase 8>> 

We enter robust matching: ...
IN ROBUST MATCHING TOO SMALL: 
-------------
IN MATCHING TOO SMALL: 
-------------
CALCULATED MU IS: 256
NEW MU is: 256
IN MATCHING OR CUT: 
-------------
FLOW CALCULATED IS: 128.938 ----------- 
THRESHOLD IS: 128 ----------- 
Exited: found good flow
 << Start phase 9>> 

We enter robust matching: ...
IN ROBUST MATCHING TOO SMALL: 
-------------
IN MATCHING TOO SMALL: 
-------------
CALCULATED MU IS: 256
NEW MU is: 256
IN MATCHING OR CUT: 
-------------
FLOW CALCULATED IS: 103.328 ----------- 
THRESHOLD IS: 128 ----------- 
Fn = 514
SL creation: 
0 1 2 3 4 5 6 7 8 9 10 11 12 13 14 15 16 17 18 19 20 21 22 23 24 25 26 27 28 29 30 31 32 33 34 35 36 37 38 39 40 41 42 43 44 45 46 47 48 49 50 51 52 53 54 55 56 57 58 59 60 61 62 63 64 65 66 67 68 69 70 71 72 73 74 75 76 77 78 79 80 81 82 83 84 85 86 87 88 89 90 91 92 93 94 95 96 97 98 99 100 101 102 103 104 105 106 107 108 109 110 111 112 113 114 115 116 117 118 119 120 121 122 123 124 125 126 127 128 129 130 131 132 133 134 135 136 137 138 139 140 141 142 143 144 145 146 147 148 149 150 151 152 153 154 155 156 157 158 159 160 161 162 163 164 165 166 167 168 169 170 171 172 173 174 175 176 177 178 179 180 181 182 183 184 185 186 187 188 189 190 191 192 193 194 195 196 197 198 199 200 201 202 203 204 205 206 207 208 209 210 211 212 213 214 215 216 217 218 219 220 221 222 223 224 225 226 227 228 229 230 231 232 233 234 235 236 237 238 239 240 241 242 243 244 245 246 247 248 249 250 251 252 253 254 255 
SR creation: 

flow is: -1
NEW MU is: 256
IN MATCHING OR CUT: 
-------------
FLOW CALCULATED IS: 204.125 ----------- 
THRESHOLD IS: 128 ----------- 
Exited: found good flow
 << Start phase 10>> 

We enter robust matching: ...
IN ROBUST MATCHING TOO SMALL: 
-------------
IN MATCHING TOO SMALL: 
-------------
CALCULATED MU IS: 256
NEW MU is: 256
IN MATCHING OR CUT: 
-------------
FLOW CALCULATED IS: 180.438 ----------- 
THRESHOLD IS: 128 ----------- 
Exited: found good flow
 << Start phase 11>> 

We enter robust matching: ...
IN ROBUST MATCHING TOO SMALL: 
-------------
IN MATCHING TOO SMALL: 
-------------
CALCULATED MU IS: 256
NEW MU is: 256
IN MATCHING OR CUT: 
-------------
FLOW CALCULATED IS: 155.281 ----------- 
THRESHOLD IS: 128 ----------- 
Exited: found good flow
 << Start phase 12>> 

We enter robust matching: ...
IN ROBUST MATCHING TOO SMALL: 
-------------
IN MATCHING TOO SMALL: 
-------------
CALCULATED MU IS: 256
NEW MU is: 256
IN MATCHING OR CUT: 
-------------
FLOW CALCULATED IS: 129.75 ----------- 
THRESHOLD IS: 128 ----------- 
Exited: found good flow
 << Start phase 13>> 

We enter robust matching: ...
IN ROBUST MATCHING TOO SMALL: 
-------------
IN MATCHING TOO SMALL: 
-------------
CALCULATED MU IS: 256
NEW MU is: 256
IN MATCHING OR CUT: 
-------------
FLOW CALCULATED IS: 104.156 ----------- 
THRESHOLD IS: 128 ----------- 
Fn = 514
SL creation: 
0 1 2 3 4 5 6 7 8 9 10 11 12 13 14 15 16 17 18 19 20 21 22 23 24 25 26 27 28 29 30 31 32 33 34 35 36 37 38 39 40 41 42 43 44 45 46 47 48 49 50 51 52 53 54 55 56 57 58 59 60 61 62 63 64 65 66 67 68 69 70 71 72 73 74 75 76 77 78 79 80 81 82 83 84 85 86 87 88 89 90 91 92 93 94 95 96 97 98 99 100 101 102 103 104 105 106 107 108 109 110 111 112 113 114 115 116 117 118 119 120 121 122 123 124 125 126 127 128 129 130 131 132 133 134 135 136 137 138 139 140 141 142 143 144 145 146 147 148 149 150 151 152 153 154 155 156 157 158 159 160 161 162 163 164 165 166 167 168 169 170 171 172 173 174 175 176 177 178 179 180 181 182 183 184 185 186 187 188 189 190 191 192 193 194 195 196 197 198 199 200 201 202 203 204 205 206 207 208 209 210 211 212 213 214 215 216 217 218 219 220 221 222 223 224 225 226 227 228 229 230 231 232 233 234 235 236 237 238 239 240 241 242 243 244 245 246 247 248 249 250 251 252 253 254 255 
SR creation: 

flow is: -1
NEW MU is: 256
IN MATCHING OR CUT: 
-------------
FLOW CALCULATED IS: 200.75 ----------- 
THRESHOLD IS: 128 ----------- 
Exited: found good flow
 << Start phase 14>> 

We enter robust matching: ...
IN ROBUST MATCHING TOO SMALL: 
-------------
IN MATCHING TOO SMALL: 
-------------
CALCULATED MU IS: 256
NEW MU is: 256
IN MATCHING OR CUT: 
-------------
FLOW CALCULATED IS: 179.562 ----------- 
THRESHOLD IS: 128 ----------- 
Exited: found good flow
 << Start phase 15>> 

We enter robust matching: ...
IN ROBUST MATCHING TOO SMALL: 
-------------
IN MATCHING TOO SMALL: 
-------------
CALCULATED MU IS: 256
NEW MU is: 256
IN MATCHING OR CUT: 
-------------
FLOW CALCULATED IS: 156.25 ----------- 
THRESHOLD IS: 128 ----------- 
Exited: found good flow
 << Start phase 16>> 

We enter robust matching: ...
IN ROBUST MATCHING TOO SMALL: 
-------------
IN MATCHING TOO SMALL: 
-------------
CALCULATED MU IS: 256
NEW MU is: 256
IN MATCHING OR CUT: 
-------------
FLOW CALCULATED IS: 131.312 ----------- 
THRESHOLD IS: 128 ----------- 
Exited: found good flow
 << Start phase 17>> 

We enter robust matching: ...
IN ROBUST MATCHING TOO SMALL: 
-------------
IN MATCHING TOO SMALL: 
-------------
CALCULATED MU IS: 256
NEW MU is: 256
IN MATCHING OR CUT: 
-------------
FLOW CALCULATED IS: 105.75 ----------- 
THRESHOLD IS: 128 ----------- 
Fn = 514
SL creation: 
0 1 2 3 4 5 6 7 8 9 10 11 12 13 14 15 16 17 18 19 20 21 22 23 24 25 26 27 28 29 30 31 32 33 34 35 36 37 38 39 40 41 42 43 44 45 46 47 48 49 50 51 52 53 54 55 56 57 58 59 60 61 62 63 64 65 66 67 68 69 70 71 72 73 74 75 76 77 78 79 80 81 82 83 84 85 86 87 88 89 90 91 92 93 94 95 96 97 98 99 100 101 102 103 104 105 106 107 108 109 110 111 112 113 114 115 116 117 118 119 120 121 122 123 124 125 126 127 128 129 130 131 132 133 134 135 136 137 138 139 140 141 142 143 144 145 146 147 148 149 150 151 152 153 154 155 156 157 158 159 160 161 162 163 164 165 166 167 168 169 170 171 172 173 174 175 176 177 178 179 180 181 182 183 184 185 186 187 188 189 190 191 192 193 194 195 196 197 198 199 200 201 202 203 204 205 206 207 208 209 210 211 212 213 214 215 216 217 218 219 220 221 222 223 224 225 226 227 228 229 230 231 232 233 234 235 236 237 238 239 240 241 242 243 244 245 246 247 248 249 250 251 252 253 254 255 
SR creation: 
415 
flow is: -1
NEW MU is: 256
IN MATCHING OR CUT: 
-------------
FLOW CALCULATED IS: 193.688 ----------- 
THRESHOLD IS: 128 ----------- 
Exited: found good flow
 << Start phase 18>> 

We enter robust matching: ...
IN ROBUST MATCHING TOO SMALL: 
-------------
IN MATCHING TOO SMALL: 
-------------
CALCULATED MU IS: 256
NEW MU is: 256
IN MATCHING OR CUT: 
-------------
FLOW CALCULATED IS: 175.5 ----------- 
THRESHOLD IS: 128 ----------- 
Exited: found good flow
 << Start phase 19>> 

We enter robust matching: ...
IN ROBUST MATCHING TOO SMALL: 
-------------
IN MATCHING TOO SMALL: 
-------------
CALCULATED MU IS: 253
NEW MU is: 256
IN MATCHING OR CUT: 
-------------
FLOW CALCULATED IS: 154.688 ----------- 
THRESHOLD IS: 128 ----------- 
Exited: found good flow
 << Start phase 20>> 

We enter robust matching: ...
IN ROBUST MATCHING TOO SMALL: 
-------------
IN MATCHING TOO SMALL: 
-------------
CALCULATED MU IS: 251
NEW MU is: 256
IN MATCHING OR CUT: 
-------------
FLOW CALCULATED IS: 132 ----------- 
THRESHOLD IS: 128 ----------- 
Exited: found good flow
 << Start phase 21>> 

We enter robust matching: ...
IN ROBUST MATCHING TOO SMALL: 
-------------
IN MATCHING TOO SMALL: 
-------------
CALCULATED MU IS: 246
NEW MU is: 256
IN MATCHING OR CUT: 
-------------
FLOW CALCULATED IS: 107.938 ----------- 
THRESHOLD IS: 128 ----------- 
Fn = 514
SL creation: 
0 1 2 3 4 5 6 7 8 9 10 11 12 13 14 15 16 17 18 19 20 21 22 23 24 25 26 27 28 29 30 31 32 33 34 35 36 37 38 39 40 41 42 43 44 45 46 47 48 49 50 51 52 53 54 55 56 57 58 59 60 61 62 63 64 65 66 67 68 69 70 71 72 73 74 75 76 77 78 79 80 81 82 83 84 85 86 87 88 89 90 91 92 93 94 95 96 97 98 99 100 101 102 103 104 105 106 107 108 109 110 111 112 114 115 116 118 119 120 121 122 123 124 125 126 127 128 129 130 131 132 133 134 135 136 137 138 139 140 141 142 143 144 145 146 147 148 149 150 151 152 153 154 155 156 157 158 159 160 161 162 163 164 165 166 167 168 169 170 171 172 173 174 175 176 177 178 179 180 181 182 183 184 185 186 187 188 189 190 191 192 193 194 195 196 197 198 199 200 201 202 203 204 205 206 207 208 209 210 211 212 213 214 215 216 217 218 219 220 221 222 223 224 225 226 227 228 230 231 232 233 234 235 236 237 238 239 240 241 242 243 244 245 246 247 248 249 250 251 252 253 254 255 
SR creation: 

flow is: -1
NEW MU is: 256
IN MATCHING OR CUT: 
-------------
FLOW CALCULATED IS: 182.625 ----------- 
THRESHOLD IS: 128 ----------- 
Exited: found good flow
 << Start phase 22>> 

We enter robust matching: ...
IN ROBUST MATCHING TOO SMALL: 
-------------
IN MATCHING TOO SMALL: 
-------------
CALCULATED MU IS: 232
NEW MU is: 256
IN MATCHING OR CUT: 
-------------
FLOW CALCULATED IS: 167.75 ----------- 
THRESHOLD IS: 128 ----------- 
Exited: found good flow
 << Start phase 23>> 

We enter robust matching: ...
IN ROBUST MATCHING TOO SMALL: 
-------------
IN MATCHING TOO SMALL: 
-------------
CALCULATED MU IS: 226
NEW MU is: 256
IN MATCHING OR CUT: 
-------------
FLOW CALCULATED IS: 149.125 ----------- 
THRESHOLD IS: 128 ----------- 
Exited: found good flow
 << Start phase 24>> 

We enter robust matching: ...
IN ROBUST MATCHING TOO SMALL: 
-------------
IN MATCHING TOO SMALL: 
-------------
CALCULATED MU IS: 210
NEW MU is: 256
IN MATCHING OR CUT: 
-------------
FLOW CALCULATED IS: 129.125 ----------- 
THRESHOLD IS: 128 ----------- 
Exited: found good flow
 << Start phase 25>> 

We enter robust matching: ...
IN ROBUST MATCHING TOO SMALL: 
-------------
IN MATCHING TOO SMALL: 
-------------
CALCULATED MU IS: 190
Matching too small

Matching too small
